#
# There is insufficient memory for the Java Runtime Environment to continue.
# Native memory allocation (malloc) failed to allocate 32744 bytes for Chunk::new
# Possible reasons:
#   The system is out of physical RAM or swap space
#   The process is running with CompressedOops enabled, and the Java Heap may be blocking the growth of the native heap
# Possible solutions:
#   Reduce memory load on the system
#   Increase physical memory or swap space
#   Check if swap backing store is full
#   Decrease Java heap size (-Xmx/-Xms)
#   Decrease number of Java threads
#   Decrease Java thread stack sizes (-Xss)
#   Set larger code cache with -XX:ReservedCodeCacheSize=
#   JVM is running with Unscaled Compressed Oops mode in which the Java heap is
#     placed in the first 4GB address space. The Java Heap base address is the
#     maximum limit for the native heap growth. Please use -XX:HeapBaseMinAddress
#     to set the Java Heap base and to place the Java Heap above 4GB virtual address.
# This output file may be truncated or incomplete.
#
#  Out of Memory Error (arena.cpp:184), pid=7624, tid=8100
#
# JRE version: OpenJDK Runtime Environment (19.0+36) (build 19+36-2238)
# Java VM: OpenJDK 64-Bit Server VM (19+36-2238, mixed mode, emulated-client, sharing, tiered, compressed oops, compressed class ptrs, g1 gc, windows-amd64)
# No core dump will be written. Minidumps are not enabled by default on client versions of Windows
#

---------------  S U M M A R Y ------------

Command Line: -XX:TieredStopAtLevel=1 -Dspring.output.ansi.enabled=always -Dcom.sun.management.jmxremote -Dspring.jmx.enabled=true -Dspring.liveBeansView.mbeanDomain -Dspring.application.admin.enabled=true -javaagent:C:\Program Files\JetBrains\IntelliJ IDEA 2022.2.2\lib\idea_rt.jar=60116:C:\Program Files\JetBrains\IntelliJ IDEA 2022.2.2\bin -Dfile.encoding=UTF-8 -Dsun.stdout.encoding=UTF-8 -Dsun.stderr.encoding=UTF-8 com.example.demologin2.DemoLogin2Application

Host: Intel(R) Core(TM) i7-4810MQ CPU @ 2.80GHz, 8 cores, 7G,  Windows 10 , 64 bit Build 19041 (10.0.19041.1889)
Time: Fri Oct 21 13:05:26 2022 SE Asia Standard Time elapsed time: 2.265914 seconds (0d 0h 0m 2s)

---------------  T H R E A D  ---------------

Current thread (0x000002885023f690):  JavaThread "main" [_thread_in_vm, id=8100, stack(0x000000dab6600000,0x000000dab6700000)]

Stack: [0x000000dab6600000,0x000000dab6700000]
Native frames: (J=compiled Java code, j=interpreted, Vv=VM code, C=native code)
V  [jvm.dll+0x6ee8fa]
V  [jvm.dll+0x857a1e]
V  [jvm.dll+0x85940e]
V  [jvm.dll+0x859ac3]
V  [jvm.dll+0x28291f]
V  [jvm.dll+0xc9b5f]
V  [jvm.dll+0xc9ee5]
V  [jvm.dll+0x21d6a1]
V  [jvm.dll+0x21e475]
V  [jvm.dll+0x21edd1]
V  [jvm.dll+0x214571]
V  [jvm.dll+0x5aa2d6]
V  [jvm.dll+0x7cd793]
V  [jvm.dll+0x7cd874]
V  [jvm.dll+0x46b0b4]
V  [jvm.dll+0x4706bf]
C  [java.dll+0x17ec]

Java frames: (J=compiled Java code, j=interpreted, Vv=VM code)
j  java.lang.ClassLoader.defineClass1(Ljava/lang/ClassLoader;Ljava/lang/String;[BIILjava/security/ProtectionDomain;Ljava/lang/String;)Ljava/lang/Class;+0 java.base@19
j  java.lang.ClassLoader.defineClass(Ljava/lang/String;[BIILjava/security/ProtectionDomain;)Ljava/lang/Class;+27 java.base@19
j  java.security.SecureClassLoader.defineClass(Ljava/lang/String;[BIILjava/security/CodeSource;)Ljava/lang/Class;+12 java.base@19
j  jdk.internal.loader.BuiltinClassLoader.defineClass(Ljava/lang/String;Ljdk/internal/loader/Resource;)Ljava/lang/Class;+117 java.base@19
j  jdk.internal.loader.BuiltinClassLoader.findClassOnClassPathOrNull(Ljava/lang/String;)Ljava/lang/Class;+37 java.base@19
J 1152 c1 jdk.internal.loader.BuiltinClassLoader.loadClassOrNull(Ljava/lang/String;Z)Ljava/lang/Class; java.base@19 (143 bytes) @ 0x0000028859d2c18c [0x0000028859d2bde0+0x00000000000003ac]
J 1304 c1 jdk.internal.loader.ClassLoaders$AppClassLoader.loadClass(Ljava/lang/String;Z)Ljava/lang/Class; java.base@19 (40 bytes) @ 0x0000028859d69e7c [0x0000028859d69e40+0x000000000000003c]
J 1301 c1 java.lang.ClassLoader.loadClass(Ljava/lang/String;)Ljava/lang/Class; java.base@19 (7 bytes) @ 0x0000028859d69404 [0x0000028859d693c0+0x0000000000000044]
v  ~StubRoutines::call_stub 0x000002885996100e
j  org.springframework.core.annotation.AnnotationAwareOrderComparator.findOrderFromAnnotation(Ljava/lang/Object;)Ljava/lang/Integer;+23
j  org.springframework.core.annotation.AnnotationAwareOrderComparator.findOrder(Ljava/lang/Object;)Ljava/lang/Integer;+14
j  org.springframework.core.OrderComparator.getOrder(Ljava/lang/Object;)I+6
j  org.springframework.core.OrderComparator.getOrder(Ljava/lang/Object;Lorg/springframework/core/OrderComparator$OrderSourceProvider;)I+107
j  org.springframework.core.OrderComparator.doCompare(Ljava/lang/Object;Ljava/lang/Object;Lorg/springframework/core/OrderComparator$OrderSourceProvider;)I+39
j  org.springframework.core.OrderComparator.compare(Ljava/lang/Object;Ljava/lang/Object;)I+4
j  java.util.TimSort.countRunAndMakeAscending([Ljava/lang/Object;IILjava/util/Comparator;)I+43 java.base@19
j  java.util.TimSort.sort([Ljava/lang/Object;IILjava/util/Comparator;[Ljava/lang/Object;II)V+60 java.base@19
j  java.util.Arrays.sort([Ljava/lang/Object;IILjava/util/Comparator;)V+43 java.base@19
j  java.util.ArrayList.sort(Ljava/util/Comparator;)V+15 java.base@19
j  org.springframework.core.annotation.AnnotationAwareOrderComparator.sort(Ljava/util/List;)V+14
j  org.springframework.boot.SpringApplication.getSpringFactoriesInstances(Ljava/lang/Class;[Ljava/lang/Class;[Ljava/lang/Object;)Ljava/util/Collection;+36
j  org.springframework.boot.SpringApplication.getSpringFactoriesInstances(Ljava/lang/Class;)Ljava/util/Collection;+10
j  org.springframework.boot.SpringApplication.<init>(Lorg/springframework/core/io/ResourceLoader;[Ljava/lang/Class;)V+132
j  org.springframework.boot.SpringApplication.<init>([Ljava/lang/Class;)V+3
j  org.springframework.boot.SpringApplication.run([Ljava/lang/Class;[Ljava/lang/String;)Lorg/springframework/context/ConfigurableApplicationContext;+5
j  org.springframework.boot.SpringApplication.run(Ljava/lang/Class;[Ljava/lang/String;)Lorg/springframework/context/ConfigurableApplicationContext;+9
j  com.example.demologin2.DemoLogin2Application.main([Ljava/lang/String;)V+3
v  ~StubRoutines::call_stub 0x000002885996100e

Compiled method (c1)    2394 1152   !   1       jdk.internal.loader.BuiltinClassLoader::loadClassOrNull (143 bytes)
 total in heap  [0x0000028859d2bb90,0x0000028859d2ca90] = 3840
 relocation     [0x0000028859d2bcf0,0x0000028859d2bdd0] = 224
 main code      [0x0000028859d2bde0,0x0000028859d2c3a0] = 1472
 stub code      [0x0000028859d2c3a0,0x0000028859d2c488] = 232
 metadata       [0x0000028859d2c488,0x0000028859d2c500] = 120
 scopes data    [0x0000028859d2c500,0x0000028859d2c6f8] = 504
 scopes pcs     [0x0000028859d2c6f8,0x0000028859d2c888] = 400
 dependencies   [0x0000028859d2c888,0x0000028859d2c8a0] = 24
 handler table  [0x0000028859d2c8a0,0x0000028859d2ca50] = 432
 nul chk table  [0x0000028859d2ca50,0x0000028859d2ca90] = 64

[Constant Pool (empty)]

[MachCode]
[Entry Point]
  # {method} {0x0000000800082610} 'loadClassOrNull' '(Ljava/lang/String;Z)Ljava/lang/Class;' in 'jdk/internal/loader/BuiltinClassLoader'
  # this:     rdx:rdx   = 'jdk/internal/loader/BuiltinClassLoader'
  # parm0:    r8:r8     = 'java/lang/String'
  # parm1:    r9        = boolean
  #           [sp+0x100]  (sp of caller)
  0x0000028859d2bde0: 448b 5208 | 49bb 0000 | 0000 0800 | 0000 4d03 | d34c 3bd0 

  0x0000028859d2bdf4: ;   {runtime_call ic_miss_stub}
  0x0000028859d2bdf4: 0f85 8659 | c9ff 660f | 1f44 0000 
[Verified Entry Point]
  0x0000028859d2be00: 8984 2400 | 90ff ff55 | 4881 ecf0 | 0000 0048 | 8994 24a0 | 0000 004c | 8984 2498 | 0000 008b 
  0x0000028859d2be20: 5a28 4883 | fb00 0f85 | 1000 0000 | 488b f244 | 898c 24a8 | 0000 00e9 | 9500 0000 | 4489 8c24 
  0x0000028859d2be40: a800 0000 

  0x0000028859d2be44: ;   {metadata('java/lang/Object')}
  0x0000028859d2be44: 48ba 600e | 0000 0800 | 0000 498b | 87f8 0000 | 0048 8d78 | 1049 3bbf | 0801 0000 | 0f87 6704 
  0x0000028859d2be64: 0000 4989 | bff8 0000 | 0048 c700 | 0100 0000 | 488b ca49 | ba00 0000 | 0008 0000 | 0049 2bca 
  0x0000028859d2be84: 8948 0848 | 33c9 8948 | 0c48 33c9 

  0x0000028859d2be90: ; implicit exception: dispatches to 0x0000028859d2c2da
  0x0000028859d2be90: 483b 0349 | 8bf0 4c8b | c64c 8bc8 | bf01 0000 | 0048 8bd3 | 4889 8424 | 9000 0000 

  0x0000028859d2beac: ;   {optimized virtual_call}
  0x0000028859d2beac: 6666 90e8 

  0x0000028859d2beb0: ; ImmutableOopMap {[144]=Oop [152]=Oop [160]=Oop }
                      ;*invokevirtual putVal {reexecute=0 rethrow=0 return_oop=0}
                      ; - java.util.concurrent.ConcurrentHashMap::putIfAbsent@4 (line 1541)
                      ; - java.lang.ClassLoader::getClassLoadingLock@23 (line 667)
                      ; - jdk.internal.loader.BuiltinClassLoader::loadClassOrNull@2 (line 651)
  0x0000028859d2beb0: 0ca8 d5ff | 4883 f800 | 0f84 0800 | 0000 488b | f0e9 0b00 | 0000 488b | 8424 9000 | 0000 488b 
  0x0000028859d2bed0: f048 8d94 | 24d0 0000 | 0048 8972 | 0848 8b06 | 4883 c801 | 4889 02f0 | 480f b116 | 0f84 1200 
  0x0000028859d2bef0: 0000 482b | c448 2507 | f0ff ff48 | 8902 0f85 | e003 0000 | 488b 9424 | 9800 0000 | 4889 b424 
  0x0000028859d2bf10: b000 0000 

  0x0000028859d2bf14: ;   {static_call}
  0x0000028859d2bf14: 6666 90e8 

  0x0000028859d2bf18: ; ImmutableOopMap {[152]=Oop [160]=Oop [176]=Oop [216]=Oop }
                      ;*invokestatic checkName {reexecute=0 rethrow=0 return_oop=0}
                      ; - java.lang.ClassLoader::findLoadedClass@1 (line 1284)
                      ; - jdk.internal.loader.BuiltinClassLoader::loadClassOrNull@10 (line 653)
  0x0000028859d2bf18: c4ef fdff | 83f8 000f | 850f 0000 

  0x0000028859d2bf24: ;   {oop(NULL)}
  0x0000028859d2bf24: 0048 be00 | 0000 0000 | 0000 00e9 | 1b00 0000 | 4c8b 8424 | 9800 0000 | 488b 9424 | a000 0000 
  0x0000028859d2bf44: ;   {optimized virtual_call}
  0x0000028859d2bf44: 6666 90e8 

  0x0000028859d2bf48: ; ImmutableOopMap {[152]=Oop [160]=Oop [176]=Oop [216]=Oop }
                      ;*invokevirtual findLoadedClass0 {reexecute=0 rethrow=0 return_oop=0}
                      ; - java.lang.ClassLoader::findLoadedClass@11 (line 1286)
                      ; - jdk.internal.loader.BuiltinClassLoader::loadClassOrNull@10 (line 653)
  0x0000028859d2bf48: 94e7 ffff | 488b f048 | 83fe 000f | 8536 0200 | 0048 89b4 | 24b8 0000 | 004c 8b84 | 2498 0000 
  0x0000028859d2bf68: 0041 8b48 | 1444 8b49 | 0c41 0fbe | 4810 c1e1 | 18c1 f918 | 41d3 f941 | ffc9 498b | f841 b82e 
  0x0000028859d2bf88: 0000 0048 

  0x0000028859d2bf8c: ;   {optimized virtual_call}
  0x0000028859d2bf8c: 8bd7 90e8 

  0x0000028859d2bf90: ; ImmutableOopMap {[152]=Oop [160]=Oop [176]=Oop [184]=Oop [216]=Oop }
                      ;*invokevirtual lastIndexOf {reexecute=0 rethrow=0 return_oop=0}
                      ; - java.lang.String::lastIndexOf@8 (line 2457)
                      ; - jdk.internal.loader.BuiltinClassLoader::findLoadedModule@3 (line 709)
                      ; - jdk.internal.loader.BuiltinClassLoader::loadClassOrNull@22 (line 658)
  0x0000028859d2bf90: cc8a edff | 83f8 000f | 8d0f 0000 

  0x0000028859d2bf9c: ;   {oop(NULL)}
  0x0000028859d2bf9c: 0048 be00 | 0000 0000 | 0000 00e9 | 6900 0000 | 41b8 0000 | 0000 4c8b | c848 8b94 | 2498 0000 
  0x0000028859d2bfbc: ;   {optimized virtual_call}
  0x0000028859d2bfbc: 0066 90e8 

  0x0000028859d2bfc0: ; ImmutableOopMap {[152]=Oop [160]=Oop [176]=Oop [184]=Oop [216]=Oop }
                      ;*invokevirtual substring {reexecute=0 rethrow=0 return_oop=0}
                      ; - jdk.internal.loader.BuiltinClassLoader::findLoadedModule@16 (line 713)
                      ; - jdk.internal.loader.BuiltinClassLoader::loadClassOrNull@22 (line 658)
  0x0000028859d2bfc0: 3c52 e9ff 

  0x0000028859d2bfc4: ;   {oop(a 'java/util/concurrent/ConcurrentHashMap'{0x00000000895729f0})}
  0x0000028859d2bfc4: 4c8b c048 | baf0 2957 | 8900 0000 | 0066 0f1f 

  0x0000028859d2bfd4: ;   {optimized virtual_call}
  0x0000028859d2bfd4: 4400 00e8 

  0x0000028859d2bfd8: ; ImmutableOopMap {[152]=Oop [160]=Oop [176]=Oop [184]=Oop [216]=Oop }
                      ;*invokeinterface get {reexecute=0 rethrow=0 return_oop=0}
                      ; - jdk.internal.loader.BuiltinClassLoader::findLoadedModule@24 (line 714)
                      ; - jdk.internal.loader.BuiltinClassLoader::loadClassOrNull@22 (line 658)
  0x0000028859d2bfd8: 64bb d6ff | 4883 f800 | 0f84 2900 

  0x0000028859d2bfe4: ;   {metadata('jdk/internal/loader/BuiltinClassLoader$LoadedModule')}
  0x0000028859d2bfe4: 0000 48be | 98c8 1900 | 0800 0000 | 448b 4808 | 49ba 0000 | 0000 0800 | 0000 4d03 | ca49 3bf1 
  0x0000028859d2c004: 0f85 f702 | 0000 e900 | 0000 004c | 8bc0 498b | f048 83fe | 0048 8b94 | 24a0 0000 | 000f 849d 
  0x0000028859d2c024: 0000 008b | 7e0c 483b | fa0f 8561 

  0x0000028859d2c030: ;   {oop(a 'java/lang/Class'{0x000000008950a360} = 'jdk/internal/misc/VM')}
  0x0000028859d2c030: 0000 0049 | b860 a350 | 8900 0000 | 0045 8b80 | 9400 0000 | 4183 f802 | 41b8 0000 | 0000 0f8c 
  0x0000028859d2c050: 0600 0000 | 41b8 0100 | 0000 4183 | e001 4183 | f800 0f85 | 0d00 0000 | 488b b424 | b800 0000 
  0x0000028859d2c070: e91a 0100 | 004c 8b84 | 2498 0000 | 004c 8bce | 488b f248 

  0x0000028859d2c084: ;   {optimized virtual_call}
  0x0000028859d2c084: 8bd6 90e8 

  0x0000028859d2c088: ; ImmutableOopMap {[160]=Oop [176]=Oop [216]=Oop }
                      ;*invokevirtual defineClass {reexecute=0 rethrow=0 return_oop=0}
                      ; - jdk.internal.loader.BuiltinClassLoader::findClassInModuleOrNull@9 (line 741)
                      ; - jdk.internal.loader.BuiltinClassLoader::loadClassOrNull@55 (line 665)
  0x0000028859d2c088: f459 c9ff | 488b f0e9 | fb00 0000 

  0x0000028859d2c094: ; implicit exception: dispatches to 0x0000028859d2c30f
  0x0000028859d2c094: 483b 074c | 8b84 2498 | 0000 0041 | b900 0000 | 0048 8bd7 | 0f1f 4400 | 0048 b890 | ec0d 0008 
  0x0000028859d2c0b4: ;   {virtual_call}
  0x0000028859d2c0b4: 0000 00e8 

  0x0000028859d2c0b8: ; ImmutableOopMap {[160]=Oop [176]=Oop [216]=Oop }
                      ;*invokevirtual loadClassOrNull {reexecute=0 rethrow=0 return_oop=0}
                      ; - jdk.internal.loader.BuiltinClassLoader::loadClassOrNull@3 (line 700)
                      ; - jdk.internal.loader.BuiltinClassLoader::loadClassOrNull@66 (line 669)
  0x0000028859d2c0b8: 04da 0300 | 488b f0e9 | cb00 0000 | 8b72 5448 | 83fe 000f | 850d 0000 | 0048 8bb4 | 24b8 0000 
  0x0000028859d2c0d8: 00e9 2900 | 0000 483b | 064c 8b84 | 2498 0000 | 0041 b900 | 0000 0048 | 8bd6 6666 | 9048 b8ff 
  0x0000028859d2c0f8: ffff ffff 

  0x0000028859d2c0fc: ;   {virtual_call}
  0x0000028859d2c0fc: ffff ffe8 

  0x0000028859d2c100: ; ImmutableOopMap {[152]=Oop [160]=Oop [176]=Oop [216]=Oop }
                      ;*invokevirtual loadClassOrNull {reexecute=0 rethrow=0 return_oop=0}
                      ; - jdk.internal.loader.BuiltinClassLoader::loadClassOrNull@3 (line 700)
                      ; - jdk.internal.loader.BuiltinClassLoader::loadClassOrNull@86 (line 676)
  0x0000028859d2c100: bc7b d4ff | 488b f048 | 83fe 000f | 857e 0000 | 0048 8b94 | 24a0 0000 | 0044 8b42 | 5849 83f8 
  0x0000028859d2c120: 0041 b800 | 0000 000f | 8406 0000 | 0041 b801 | 0000 0041 | 83e0 0141 | 83f8 000f | 844e 0000 
  0x0000028859d2c140: ;   {oop(a 'java/lang/Class'{0x000000008950a360} = 'jdk/internal/misc/VM')}
  0x0000028859d2c140: 0049 b860 | a350 8900 | 0000 0045 | 8b80 9400 | 0000 4183 | f802 41b8 | 0000 0000 | 0f8c 0600 
  0x0000028859d2c160: 0000 41b8 | 0100 0000 | 4183 e001 | 4183 f800 | 0f84 1900 | 0000 4c8b | 8424 9800 | 0000 488b 
  0x0000028859d2c180: f248 8bd6 

  0x0000028859d2c184: ;   {optimized virtual_call}
  0x0000028859d2c184: 6666 90e8 

  0x0000028859d2c188: ; ImmutableOopMap {[160]=Oop [176]=Oop [216]=Oop }
                      ;*invokevirtual findClassOnClassPathOrNull {reexecute=0 rethrow=0 return_oop=0}
                      ; - jdk.internal.loader.BuiltinClassLoader::loadClassOrNull@111 (line 681)
  0x0000028859d2c188: a902 0000 | 488b f044 | 8b8c 24a8 | 0000 0041 | 83f9 000f | 8414 0000 | 0048 83fe | 000f 840a 
  0x0000028859d2c1a8: 0000 0048 | 83fe 000f | 843c 0000 | 0048 8d84 | 24d0 0000 | 0048 8b10 | 4885 d20f | 840f 0000 
  0x0000028859d2c1c8: 0048 8b78 | 08f0 480f | b117 0f85 | 4101 0000 | 488b c648 | 81c4 f000 

  0x0000028859d2c1e0: ;   {poll_return}
  0x0000028859d2c1e0: 0000 5d49 | 3ba7 7803 | 0000 0f87 | 3f01 0000 | c348 89b4 | 24c8 0000 

  0x0000028859d2c1f8: ;   {metadata('java/lang/NullPointerException')}
  0x0000028859d2c1f8: 0048 baf0 | 7708 0008 | 0000 0049 | 8b87 f800 | 0000 488d | 7830 493b | bf08 0100 | 000f 872a 
  0x0000028859d2c218: 0100 0049 | 89bf f800 | 0000 48c7 | 0001 0000 | 0048 8bca | 49ba 0000 | 0000 0800 | 0000 492b 
  0x0000028859d2c238: ca89 4808 | 4833 c989 | 480c 4833 | c948 8948 | 1048 8948 | 1848 8948 | 2048 8948 | 2848 8bd0 
  0x0000028859d2c258: 4889 8424 | c000 0000 | 0f1f 8000 

  0x0000028859d2c264: ;   {optimized virtual_call}
  0x0000028859d2c264: 0000 00e8 

  0x0000028859d2c268: ; ImmutableOopMap {[176]=Oop [192]=Oop [200]=Oop [216]=Oop }
                      ;*invokespecial <init> {reexecute=0 rethrow=0 return_oop=0}
                      ; - java.lang.ClassLoader::resolveClass@8 (line 1224)
                      ; - jdk.internal.loader.BuiltinClassLoader::loadClassOrNull@128 (line 688)
  0x0000028859d2c268: 1458 c9ff | 488b 8424 

  0x0000028859d2c270: ; ImmutableOopMap {rax=Oop [176]=Oop [200]=Oop [216]=Oop }
                      ;*athrow {reexecute=1 rethrow=0 return_oop=0}
                      ; - (reexecute) java.lang.ClassLoader::resolveClass@11 (line 1224)
                      ; - jdk.internal.loader.BuiltinClassLoader::loadClassOrNull@128 (line 688)
  0x0000028859d2c270: c000 0000 

  0x0000028859d2c274: ;   {section_word}
  0x0000028859d2c274: 48ba 74c2 | d259 8802 

  0x0000028859d2c27c: ;   {runtime_call handle_exception_nofpu Runtime1 stub}
  0x0000028859d2c27c: 0000 e87d | f6d3 ff90 | 498b 8720 | 0400 004d | 33d2 4d89 | 9720 0400 | 004d 33d2 | 4d89 9728 
  0x0000028859d2c29c: 0400 0048 | 8bf0 488d | 8424 d000 | 0000 488b | 3848 85ff | 0f84 0f00 | 0000 488b | 5808 f048 
  0x0000028859d2c2bc: 0fb1 3b0f | 858d 0000 | 0048 8bc6 | e9b8 0000 | 0048 8bd2 

  0x0000028859d2c2d0: ;   {runtime_call fast_new_instance Runtime1 stub}
  0x0000028859d2c2d0: e82b e7d3 

  0x0000028859d2c2d4: ; ImmutableOopMap {r8=Oop rbx=Oop [152]=Oop [160]=Oop }
                      ;*new {reexecute=0 rethrow=0 return_oop=0}
                      ; - java.lang.ClassLoader::getClassLoadingLock@9 (line 666)
                      ; - jdk.internal.loader.BuiltinClassLoader::loadClassOrNull@2 (line 651)
  0x0000028859d2c2d4: ffe9 b6fb 

  0x0000028859d2c2d8: ;   {runtime_call throw_null_pointer_exception Runtime1 stub}
  0x0000028859d2c2d8: ffff e841 

  0x0000028859d2c2dc: ; ImmutableOopMap {r8=Oop rbx=Oop rax=Oop [152]=Oop [160]=Oop }
                      ;*invokevirtual putIfAbsent {reexecute=0 rethrow=0 return_oop=0}
                      ; - java.lang.ClassLoader::getClassLoadingLock@23 (line 667)
                      ; - jdk.internal.loader.BuiltinClassLoader::loadClassOrNull@2 (line 651)
                      ;   {runtime_call throw_null_pointer_exception Runtime1 stub}
  0x0000028859d2c2dc: d2d3 ffe8 

  0x0000028859d2c2e0: ; ImmutableOopMap {rsi=Oop [152]=Oop [160]=Oop }
                      ;*monitorenter {reexecute=0 rethrow=0 return_oop=0}
                      ; - jdk.internal.loader.BuiltinClassLoader::loadClassOrNull@7 (line 651)
  0x0000028859d2c2e0: 3cd2 d3ff | 4889 7424 | 0848 8914 

  0x0000028859d2c2ec: ;   {runtime_call monitorenter_nofpu Runtime1 stub}
  0x0000028859d2c2ec: 24e8 0e11 

  0x0000028859d2c2f0: ; ImmutableOopMap {rsi=Oop [152]=Oop [160]=Oop [216]=Oop }
                      ;*monitorenter {reexecute=0 rethrow=0 return_oop=0}
                      ; - jdk.internal.loader.BuiltinClassLoader::loadClassOrNull@7 (line 651)
  0x0000028859d2c2f0: d4ff e90d 

  0x0000028859d2c2f4: ;   {runtime_call throw_null_pointer_exception Runtime1 stub}
  0x0000028859d2c2f4: fcff ffe8 

  0x0000028859d2c2f8: ; ImmutableOopMap {r8=Oop [152]=Oop [160]=Oop [176]=Oop [184]=Oop [216]=Oop }
                      ;*invokevirtual lastIndexOf {reexecute=0 rethrow=0 return_oop=0}
                      ; - jdk.internal.loader.BuiltinClassLoader::findLoadedModule@3 (line 709)
                      ; - jdk.internal.loader.BuiltinClassLoader::loadClassOrNull@22 (line 658)
  0x0000028859d2c2f8: 24d2 d3ff 

  0x0000028859d2c2fc: ;   {runtime_call throw_null_pointer_exception Runtime1 stub}
  0x0000028859d2c2fc: e81f d2d3 

  0x0000028859d2c300: ; ImmutableOopMap {r8=Oop [152]=Oop [160]=Oop [176]=Oop [184]=Oop [216]=Oop }
                      ;*arraylength {reexecute=0 rethrow=0 return_oop=0}
                      ; - java.lang.String::length@4 (line 1491)
                      ; - java.lang.String::lastIndexOf@3 (line 2457)
                      ; - jdk.internal.loader.BuiltinClassLoader::findLoadedModule@3 (line 709)
                      ; - jdk.internal.loader.BuiltinClassLoader::loadClassOrNull@22 (line 658)
  0x0000028859d2c300: ff48 8904 

  0x0000028859d2c304: ;   {runtime_call throw_class_cast_exception Runtime1 stub}
  0x0000028859d2c304: 24e8 1605 

  0x0000028859d2c308: ; ImmutableOopMap {[152]=Oop [160]=Oop [176]=Oop [184]=Oop [216]=Oop }
                      ;*checkcast {reexecute=0 rethrow=0 return_oop=0}
                      ; - jdk.internal.loader.BuiltinClassLoader::findLoadedModule@29 (line 714)
                      ; - jdk.internal.loader.BuiltinClassLoader::loadClassOrNull@22 (line 658)
                      ;   {runtime_call throw_null_pointer_exception Runtime1 stub}
  0x0000028859d2c308: d4ff e811 

  0x0000028859d2c30c: ; ImmutableOopMap {rsi=Oop rdx=Oop [152]=Oop [160]=Oop [176]=Oop [184]=Oop [216]=Oop }
                      ;*invokevirtual loader {reexecute=0 rethrow=0 return_oop=0}
                      ; - jdk.internal.loader.BuiltinClassLoader::loadClassOrNull@34 (line 662)
                      ;   {runtime_call throw_null_pointer_exception Runtime1 stub}
  0x0000028859d2c30c: d2d3 ffe8 

  0x0000028859d2c310: ; ImmutableOopMap {rdi=Oop [152]=Oop [160]=Oop [176]=Oop [216]=Oop }
                      ;*invokevirtual loadClassOrNull {reexecute=0 rethrow=0 return_oop=0}
                      ; - jdk.internal.loader.BuiltinClassLoader::loadClassOrNull@66 (line 669)
  0x0000028859d2c310: 0cd2 d3ff 

  0x0000028859d2c314: ;   {runtime_call throw_null_pointer_exception Runtime1 stub}
  0x0000028859d2c314: e807 d2d3 

  0x0000028859d2c318: ; ImmutableOopMap {rsi=Oop [152]=Oop [160]=Oop [176]=Oop [216]=Oop }
                      ;*invokevirtual loadClassOrNull {reexecute=0 rethrow=0 return_oop=0}
                      ; - jdk.internal.loader.BuiltinClassLoader::loadClassOrNull@86 (line 676)
  0x0000028859d2c318: ff48 8d84 | 24d0 0000 | 0048 8904 

  0x0000028859d2c324: ;   {runtime_call monitorexit_nofpu Runtime1 stub}
  0x0000028859d2c324: 24e8 d616 | d4ff e9a9 

  0x0000028859d2c32c: ;   {internal_word}
  0x0000028859d2c32c: feff ff49 | bae3 c1d2 | 5988 0200 | 004d 8997 | 9003 0000 

  0x0000028859d2c340: ;   {runtime_call SafepointBlob}
  0x0000028859d2c340: e9bb bac9 | ff48 8bd2 

  0x0000028859d2c348: ;   {runtime_call fast_new_instance Runtime1 stub}
  0x0000028859d2c348: e8b3 e6d3 

  0x0000028859d2c34c: ; ImmutableOopMap {[176]=Oop [200]=Oop [216]=Oop }
                      ;*new {reexecute=0 rethrow=0 return_oop=0}
                      ; - java.lang.ClassLoader::resolveClass@4 (line 1224)
                      ; - jdk.internal.loader.BuiltinClassLoader::loadClassOrNull@128 (line 688)
  0x0000028859d2c34c: ffe9 03ff | ffff 488d | 8424 d000 | 0000 4889 

  0x0000028859d2c35c: ;   {runtime_call monitorexit_nofpu Runtime1 stub}
  0x0000028859d2c35c: 0424 e89d | 16d4 ffe9 | 5dff ffff | 498b 8720 | 0400 0049 | c787 2004 | 0000 0000 | 0000 49c7 
  0x0000028859d2c37c: 8728 0400 | 0000 0000 | 0048 81c4 | f000 0000 

  0x0000028859d2c38c: ;   {runtime_call unwind_exception Runtime1 stub}
  0x0000028859d2c38c: 5de9 6ebf | d3ff f4f4 | f4f4 f4f4 | f4f4 f4f4 | f4f4 f4f4 
[Stub Code]
  0x0000028859d2c3a0: ;   {no_reloc}
  0x0000028859d2c3a0: 0f1f 4400 

  0x0000028859d2c3a4: ;   {static_stub}
  0x0000028859d2c3a4: 0048 bb00 | 0000 0000 

  0x0000028859d2c3ac: ;   {runtime_call}
  0x0000028859d2c3ac: 0000 00e9 | fbff ffff 

  0x0000028859d2c3b4: ;   {static_stub}
  0x0000028859d2c3b4: 9048 bb00 | 0000 0000 

  0x0000028859d2c3bc: ;   {runtime_call}
  0x0000028859d2c3bc: 0000 00e9 | fbff ffff 

  0x0000028859d2c3c4: ;   {static_stub}
  0x0000028859d2c3c4: 9048 bb00 | 0000 0000 

  0x0000028859d2c3cc: ;   {runtime_call}
  0x0000028859d2c3cc: 0000 00e9 | fbff ffff 

  0x0000028859d2c3d4: ;   {static_stub}
  0x0000028859d2c3d4: 9048 bb00 | 0000 0000 

  0x0000028859d2c3dc: ;   {runtime_call}
  0x0000028859d2c3dc: 0000 00e9 | fbff ffff 

  0x0000028859d2c3e4: ;   {static_stub}
  0x0000028859d2c3e4: 9048 bb00 | 0000 0000 

  0x0000028859d2c3ec: ;   {runtime_call}
  0x0000028859d2c3ec: 0000 00e9 | fbff ffff 

  0x0000028859d2c3f4: ;   {static_stub}
  0x0000028859d2c3f4: 9048 bb00 | 0000 0000 

  0x0000028859d2c3fc: ;   {runtime_call}
  0x0000028859d2c3fc: 0000 00e9 | fbff ffff 

  0x0000028859d2c404: ;   {static_stub}
  0x0000028859d2c404: 9048 bb00 | 0000 0000 

  0x0000028859d2c40c: ;   {runtime_call}
  0x0000028859d2c40c: 0000 00e9 | fbff ffff 

  0x0000028859d2c414: ;   {static_stub}
  0x0000028859d2c414: 9048 bb00 | 0000 0000 

  0x0000028859d2c41c: ;   {runtime_call}
  0x0000028859d2c41c: 0000 00e9 | fbff ffff 

  0x0000028859d2c424: ;   {static_stub}
  0x0000028859d2c424: 9048 bb00 | 0000 0000 

  0x0000028859d2c42c: ;   {runtime_call}
  0x0000028859d2c42c: 0000 00e9 | fbff ffff 

  0x0000028859d2c434: ;   {static_stub}
  0x0000028859d2c434: 9048 bb98 | 2d08 0008 

  0x0000028859d2c43c: ;   {runtime_call I2C/C2I adapters}
  0x0000028859d2c43c: 0000 00e9 | 19a6 c9ff 

  0x0000028859d2c444: ;   {static_stub}
  0x0000028859d2c444: 9048 bb00 | 0000 0000 

  0x0000028859d2c44c: ;   {runtime_call}
  0x0000028859d2c44c: 0000 00e9 | fbff ffff 
[Exception Handler]
  0x0000028859d2c454: ;   {runtime_call handle_exception_from_callee Runtime1 stub}
  0x0000028859d2c454: e8a7 fad3 

  0x0000028859d2c458: ;   {external_word}
  0x0000028859d2c458: ff48 b928 | 49ef dbfe | 7f00 0048 

  0x0000028859d2c464: ;   {runtime_call}
  0x0000028859d2c464: 83e4 f049 | ba00 feba | dbfe 7f00 | 0041 ffd2 

  0x0000028859d2c474: ;   {section_word}
  0x0000028859d2c474: f449 ba75 | c4d2 5988 | 0200 0041 

  0x0000028859d2c480: ;   {runtime_call DeoptimizationBlob}
  0x0000028859d2c480: 52e9 1aac | c9ff f4f4 
[/MachCode]


Compiled method (c1)    2416 1304       1       jdk.internal.loader.ClassLoaders$AppClassLoader::loadClass (40 bytes)
 total in heap  [0x0000028859d69c90,0x0000028859d6a080] = 1008
 relocation     [0x0000028859d69df0,0x0000028859d69e30] = 64
 main code      [0x0000028859d69e40,0x0000028859d69f60] = 288
 stub code      [0x0000028859d69f60,0x0000028859d69fb8] = 88
 metadata       [0x0000028859d69fb8,0x0000028859d69fe0] = 40
 scopes data    [0x0000028859d69fe0,0x0000028859d6a028] = 72
 scopes pcs     [0x0000028859d6a028,0x0000028859d6a078] = 80
 dependencies   [0x0000028859d6a078,0x0000028859d6a080] = 8

[Constant Pool (empty)]

[MachCode]
[Entry Point]
  # {method} {0x0000000800083348} 'loadClass' '(Ljava/lang/String;Z)Ljava/lang/Class;' in 'jdk/internal/loader/ClassLoaders$AppClassLoader'
  # this:     rdx:rdx   = 'jdk/internal/loader/ClassLoaders$AppClassLoader'
  # parm0:    r8:r8     = 'java/lang/String'
  # parm1:    r9        = boolean
  #           [sp+0x80]  (sp of caller)
  0x0000028859d69e40: 448b 5208 | 49bb 0000 | 0000 0800 | 0000 4d03 | d34c 3bd0 

  0x0000028859d69e54: ;   {runtime_call ic_miss_stub}
  0x0000028859d69e54: 0f85 2679 | c5ff 660f | 1f44 0000 
[Verified Entry Point]
  0x0000028859d69e60: 8984 2400 | 90ff ff55 | 4883 ec70 | 498b f04c | 8bc6 4889 

  0x0000028859d69e74: ;   {optimized virtual_call}
  0x0000028859d69e74: 7424 50e8 

  0x0000028859d69e78: ; ImmutableOopMap {[80]=Oop }
                      ;*invokevirtual loadClassOrNull {reexecute=0 rethrow=0 return_oop=0}
                      ; - jdk.internal.loader.BuiltinClassLoader::loadClass@3 (line 639)
                      ; - jdk.internal.loader.ClassLoaders$AppClassLoader::loadClass@36 (line 188)
  0x0000028859d69e78: 841f fcff | 4883 f800 | 0f84 1300 | 0000 4883 

  0x0000028859d69e88: ;   {poll_return}
  0x0000028859d69e88: c470 5d49 | 3ba7 7803 | 0000 0f87 | 7600 0000 | c34c 8b44 

  0x0000028859d69e9c: ;   {metadata('java/lang/ClassNotFoundException')}
  0x0000028859d69e9c: 2450 48ba | f852 0800 | 0800 0000 | 498b 87f8 | 0000 0048 | 8d78 2849 | 3bbf 0801 | 0000 0f87 
  0x0000028859d69ebc: 6400 0000 | 4989 bff8 | 0000 0048 | c700 0100 | 0000 488b | ca49 ba00 | 0000 0008 | 0000 0049 
  0x0000028859d69edc: 2bca 8948 | 0848 33c9 | 8948 0c48 | 33c9 4889 | 4810 4889 | 4818 4889 | 4820 488b | d048 8944 
  0x0000028859d69efc: ;   {optimized virtual_call}
  0x0000028859d69efc: 2458 90e8 

  0x0000028859d69f00: ; ImmutableOopMap {[88]=Oop }
                      ;*invokespecial <init> {reexecute=0 rethrow=0 return_oop=0}
                      ; - jdk.internal.loader.BuiltinClassLoader::loadClass@16 (line 641)
                      ; - jdk.internal.loader.ClassLoaders$AppClassLoader::loadClass@36 (line 188)
  0x0000028859d69f00: 7100 0000 | 488b 4424 | 58e9 3d00 

  0x0000028859d69f0c: ;   {internal_word}
  0x0000028859d69f0c: 0000 49ba | 8b9e d659 | 8802 0000 | 4d89 9790 

  0x0000028859d69f1c: ;   {runtime_call SafepointBlob}
  0x0000028859d69f1c: 0300 00e9 | dcde c5ff 

  0x0000028859d69f24: ;   {runtime_call fast_new_instance Runtime1 stub}
  0x0000028859d69f24: 488b d2e8 

  0x0000028859d69f28: ; ImmutableOopMap {r8=Oop }
                      ;*new {reexecute=0 rethrow=0 return_oop=0}
                      ; - jdk.internal.loader.BuiltinClassLoader::loadClass@11 (line 641)
                      ; - jdk.internal.loader.ClassLoaders$AppClassLoader::loadClass@36 (line 188)
  0x0000028859d69f28: d40a d0ff | ebc8 498b | 8720 0400 | 0049 c787 | 2004 0000 | 0000 0000 | 49c7 8728 | 0400 0000 
  0x0000028859d69f48: 0000 0048 | 83c4 705d 

  0x0000028859d69f50: ;   {runtime_call unwind_exception Runtime1 stub}
  0x0000028859d69f50: e9ab e3cf | fff4 f4f4 | f4f4 f4f4 | f4f4 f4f4 
[Stub Code]
  0x0000028859d69f60: ;   {no_reloc}
  0x0000028859d69f60: 0f1f 4400 

  0x0000028859d69f64: ;   {static_stub}
  0x0000028859d69f64: 0048 bb00 | 0000 0000 

  0x0000028859d69f6c: ;   {runtime_call}
  0x0000028859d69f6c: 0000 00e9 | fbff ffff 

  0x0000028859d69f74: ;   {static_stub}
  0x0000028859d69f74: 9048 bbf0 | 5c08 0008 

  0x0000028859d69f7c: ;   {runtime_call I2C/C2I adapters}
  0x0000028859d69f7c: 0000 00e9 | d9ca c5ff 
[Exception Handler]
  0x0000028859d69f84: ;   {runtime_call handle_exception_from_callee Runtime1 stub}
  0x0000028859d69f84: e877 1fd0 

  0x0000028859d69f88: ;   {external_word}
  0x0000028859d69f88: ff48 b928 | 49ef dbfe | 7f00 0048 

  0x0000028859d69f94: ;   {runtime_call}
  0x0000028859d69f94: 83e4 f049 | ba00 feba | dbfe 7f00 | 0041 ffd2 

  0x0000028859d69fa4: ;   {section_word}
  0x0000028859d69fa4: f449 baa5 | 9fd6 5988 | 0200 0041 

  0x0000028859d69fb0: ;   {runtime_call DeoptimizationBlob}
  0x0000028859d69fb0: 52e9 ead0 | c5ff f4f4 
[/MachCode]


Compiled method (c1)    2419 1301       1       java.lang.ClassLoader::loadClass (7 bytes)
 total in heap  [0x0000028859d69210,0x0000028859d694f8] = 744
 relocation     [0x0000028859d69370,0x0000028859d693a8] = 56
 main code      [0x0000028859d693c0,0x0000028859d69460] = 160
 stub code      [0x0000028859d69460,0x0000028859d694a8] = 72
 metadata       [0x0000028859d694a8,0x0000028859d694b0] = 8
 scopes data    [0x0000028859d694b0,0x0000028859d694c0] = 16
 scopes pcs     [0x0000028859d694c0,0x0000028859d694f0] = 48
 dependencies   [0x0000028859d694f0,0x0000028859d694f8] = 8

[Constant Pool (empty)]

[MachCode]
[Entry Point]
  # {method} {0x000000080000e820} 'loadClass' '(Ljava/lang/String;)Ljava/lang/Class;' in 'java/lang/ClassLoader'
  # this:     rdx:rdx   = 'java/lang/ClassLoader'
  # parm0:    r8:r8     = 'java/lang/String'
  #           [sp+0x40]  (sp of caller)
  0x0000028859d693c0: 448b 5208 | 49bb 0000 | 0000 0800 | 0000 4d03 | d34c 3bd0 

  0x0000028859d693d4: ;   {runtime_call ic_miss_stub}
  0x0000028859d693d4: 0f85 a683 | c5ff 660f | 1f44 0000 
[Verified Entry Point]
  0x0000028859d693e0: 8984 2400 | 90ff ff55 | 4883 ec30 | 41b9 0000 | 0000 6666 | 9048 b818 | 3008 0008 

  0x0000028859d693fc: ;   {virtual_call}
  0x0000028859d693fc: 0000 00e8 

  0x0000028859d69400: ; ImmutableOopMap {}
                      ;*invokevirtual loadClass {reexecute=0 rethrow=0 return_oop=0}
                      ; - java.lang.ClassLoader::loadClass@3 (line 521)
  0x0000028859d69400: 3c0a 0000 | 4883 c430 

  0x0000028859d69408: ;   {poll_return}
  0x0000028859d69408: 5d49 3ba7 | 7803 0000 | 0f87 0100 

  0x0000028859d69414: ;   {internal_word}
  0x0000028859d69414: 0000 c349 | ba09 94d6 | 5988 0200 | 004d 8997 | 9003 0000 

  0x0000028859d69428: ;   {runtime_call SafepointBlob}
  0x0000028859d69428: e9d3 e9c5 | ff49 8b87 | 2004 0000 | 49c7 8720 | 0400 0000 | 0000 0049 | c787 2804 | 0000 0000 
  0x0000028859d69448: 0000 4883 

  0x0000028859d6944c: ;   {runtime_call unwind_exception Runtime1 stub}
  0x0000028859d6944c: c430 5de9 | acee cfff | f4f4 f4f4 | f4f4 f4f4 | f4f4 f4f4 
[Stub Code]
  0x0000028859d69460: ;   {no_reloc}
  0x0000028859d69460: 0f1f 4400 

  0x0000028859d69464: ;   {static_stub}
  0x0000028859d69464: 0048 bb00 | 0000 0000 

  0x0000028859d6946c: ;   {runtime_call}
  0x0000028859d6946c: 0000 00e9 | fbff ffff 
[Exception Handler]
  0x0000028859d69474: ;   {runtime_call handle_exception_from_callee Runtime1 stub}
  0x0000028859d69474: e887 2ad0 

  0x0000028859d69478: ;   {external_word}
  0x0000028859d69478: ff48 b928 | 49ef dbfe | 7f00 0048 

  0x0000028859d69484: ;   {runtime_call}
  0x0000028859d69484: 83e4 f049 | ba00 feba | dbfe 7f00 | 0041 ffd2 

  0x0000028859d69494: ;   {section_word}
  0x0000028859d69494: f449 ba95 | 94d6 5988 | 0200 0041 

  0x0000028859d694a0: ;   {runtime_call DeoptimizationBlob}
  0x0000028859d694a0: 52e9 fadb | c5ff f4f4 
[/MachCode]


---------------  P R O C E S S  ---------------

Threads class SMR info:
_java_thread_list=0x00000288690f9990, length=15, elements={
0x000002885023f690, 0x0000028864898960, 0x00000288648998f0, 0x000002886489de10,
0x00000288648a1c80, 0x00000288648a28f0, 0x00000288648a4b10, 0x00000288648a5d20,
0x00000288648aa810, 0x0000028864868790, 0x0000028868c9f050, 0x0000028868ca39e0,
0x00000288690f13e0, 0x0000028869100b60, 0x000002886931f580
}

Java Threads: ( => current thread )
=>0x000002885023f690 JavaThread "main" [_thread_in_vm, id=8100, stack(0x000000dab6600000,0x000000dab6700000)]
  0x0000028864898960 JavaThread "Reference Handler" daemon [_thread_blocked, id=8644, stack(0x000000dab6d00000,0x000000dab6e00000)]
  0x00000288648998f0 JavaThread "Finalizer" daemon [_thread_blocked, id=17636, stack(0x000000dab6e00000,0x000000dab6f00000)]
  0x000002886489de10 JavaThread "Signal Dispatcher" daemon [_thread_blocked, id=7452, stack(0x000000dab6f00000,0x000000dab7000000)]
  0x00000288648a1c80 JavaThread "Attach Listener" daemon [_thread_blocked, id=13256, stack(0x000000dab7000000,0x000000dab7100000)]
  0x00000288648a28f0 JavaThread "Service Thread" daemon [_thread_blocked, id=14404, stack(0x000000dab7100000,0x000000dab7200000)]
  0x00000288648a4b10 JavaThread "Monitor Deflation Thread" daemon [_thread_blocked, id=13556, stack(0x000000dab7200000,0x000000dab7300000)]
  0x00000288648a5d20 JavaThread "C1 CompilerThread0" daemon [_thread_in_native, id=14160, stack(0x000000dab7300000,0x000000dab7400000)]
  0x00000288648aa810 JavaThread "Sweeper thread" daemon [_thread_blocked, id=17208, stack(0x000000dab7400000,0x000000dab7500000)]
  0x0000028864868790 JavaThread "Common-Cleaner" daemon [_thread_blocked, id=12072, stack(0x000000dab7500000,0x000000dab7600000)]
  0x0000028868c9f050 JavaThread "C1 CompilerThread1" daemon [_thread_blocked, id=9156, stack(0x000000dab7600000,0x000000dab7700000)]
  0x0000028868ca39e0 JavaThread "C1 CompilerThread2" daemon [_thread_blocked, id=11000, stack(0x000000dab7700000,0x000000dab7800000)]
  0x00000288690f13e0 JavaThread "Monitor Ctrl-Break" daemon [_thread_in_native, id=6056, stack(0x000000dab7800000,0x000000dab7900000)]
  0x0000028869100b60 JavaThread "Notification Thread" daemon [_thread_blocked, id=14124, stack(0x000000dab7900000,0x000000dab7a00000)]
  0x000002886931f580 JavaThread "RMI TCP Accept-0" daemon [_thread_in_native, id=10236, stack(0x000000dab7a00000,0x000000dab7b00000)]

Other Threads:
  0x0000028864879250 VMThread "VM Thread" [stack: 0x000000dab6c00000,0x000000dab6d00000] [id=7576]
  0x00000288692a3a90 WatcherThread "VM Periodic Task Thread" [stack: 0x000000dab7b00000,0x000000dab7c00000] [id=14900]
  0x000002885029eac0 WorkerThread "GC Thread#0" [stack: 0x000000dab6700000,0x000000dab6800000] [id=1096]
  0x00000288502b0680 ConcurrentGCThread "G1 Main Marker" [stack: 0x000000dab6800000,0x000000dab6900000] [id=18136]
  0x00000288502b0fd0 WorkerThread "G1 Conc#0" [stack: 0x000000dab6900000,0x000000dab6a00000] [id=10908]
  0x0000028864734900 ConcurrentGCThread "G1 Refine#0" [stack: 0x000000dab6a00000,0x000000dab6b00000] [id=7836]
  0x0000028864734f60 ConcurrentGCThread "G1 Service" [stack: 0x000000dab6b00000,0x000000dab6c00000] [id=16284]

Threads with active compile tasks:
C1 CompilerThread0     2423 1358       1       java.net.URLStreamHandler::parseURL (1124 bytes)

VM state: not at safepoint (normal execution)

VM Mutex/Monitor currently owned by a thread: None

Heap address: 0x0000000081600000, size: 2026 MB, Compressed Oops mode: 32-bit

CDS archive(s) mapped at: [0x0000000800000000-0x0000000800c40000-0x0000000800c40000), size 12845056, SharedBaseAddress: 0x0000000800000000, ArchiveRelocationMode: 0.
Compressed class space mapped at: 0x0000000801000000-0x0000000841000000, reserved size: 1073741824
Narrow klass base: 0x0000000800000000, Narrow klass shift: 0, Narrow klass range: 0x100000000

GC Precious Log:
 CardTable entry size: 512
 Card Set container configuration: InlinePtr #cards 5 size 8 Array Of Cards #cards 12 size 40 Howl #buckets 4 coarsen threshold 1843 Howl Bitmap #cards 512 size 80 coarsen threshold 460 Card regions per heap region 1 cards per card region 2048
 CPUs: 8 total, 8 available
 Memory: 8097M
 Large Page Support: Disabled
 NUMA Support: Disabled
 Compressed Oops: Enabled (32-bit)
 Heap Region Size: 1M
 Heap Min Capacity: 8M
 Heap Initial Capacity: 128M
 Heap Max Capacity: 2026M
 Pre-touch: Disabled
 Parallel Workers: 8
 Concurrent Workers: 2
 Concurrent Refinement Workers: 8
 Periodic GC: Disabled

Heap:
 garbage-first heap   total 131072K, used 21504K [0x0000000081600000, 0x0000000100000000)
  region size 1024K, 21 young (21504K), 0 survivors (0K)
 Metaspace       used 6582K, committed 6848K, reserved 1114112K
  class space    used 762K, committed 896K, reserved 1048576K

Heap Regions: E=young(eden), S=young(survivor), O=old, HS=humongous(starts), HC=humongous(continues), CS=collection set, F=free, OA=open archive, CA=closed archive, TAMS=top-at-mark-start (previous, next)
|   0|0x0000000081600000, 0x0000000081700000, 0x0000000081700000|100%|HS|  |TAMS 0x0000000081600000, 0x0000000081600000| Complete 
|   1|0x0000000081700000, 0x0000000081700000, 0x0000000081800000|  0%| F|  |TAMS 0x0000000081700000, 0x0000000081700000| Untracked 
|   2|0x0000000081800000, 0x0000000081800000, 0x0000000081900000|  0%| F|  |TAMS 0x0000000081800000, 0x0000000081800000| Untracked 
|   3|0x0000000081900000, 0x0000000081900000, 0x0000000081a00000|  0%| F|  |TAMS 0x0000000081900000, 0x0000000081900000| Untracked 
|   4|0x0000000081a00000, 0x0000000081a00000, 0x0000000081b00000|  0%| F|  |TAMS 0x0000000081a00000, 0x0000000081a00000| Untracked 
|   5|0x0000000081b00000, 0x0000000081b00000, 0x0000000081c00000|  0%| F|  |TAMS 0x0000000081b00000, 0x0000000081b00000| Untracked 
|   6|0x0000000081c00000, 0x0000000081c00000, 0x0000000081d00000|  0%| F|  |TAMS 0x0000000081c00000, 0x0000000081c00000| Untracked 
|   7|0x0000000081d00000, 0x0000000081d00000, 0x0000000081e00000|  0%| F|  |TAMS 0x0000000081d00000, 0x0000000081d00000| Untracked 
|   8|0x0000000081e00000, 0x0000000081e00000, 0x0000000081f00000|  0%| F|  |TAMS 0x0000000081e00000, 0x0000000081e00000| Untracked 
|   9|0x0000000081f00000, 0x0000000081f00000, 0x0000000082000000|  0%| F|  |TAMS 0x0000000081f00000, 0x0000000081f00000| Untracked 
|  10|0x0000000082000000, 0x0000000082000000, 0x0000000082100000|  0%| F|  |TAMS 0x0000000082000000, 0x0000000082000000| Untracked 
|  11|0x0000000082100000, 0x0000000082100000, 0x0000000082200000|  0%| F|  |TAMS 0x0000000082100000, 0x0000000082100000| Untracked 
|  12|0x0000000082200000, 0x0000000082200000, 0x0000000082300000|  0%| F|  |TAMS 0x0000000082200000, 0x0000000082200000| Untracked 
|  13|0x0000000082300000, 0x0000000082300000, 0x0000000082400000|  0%| F|  |TAMS 0x0000000082300000, 0x0000000082300000| Untracked 
|  14|0x0000000082400000, 0x0000000082400000, 0x0000000082500000|  0%| F|  |TAMS 0x0000000082400000, 0x0000000082400000| Untracked 
|  15|0x0000000082500000, 0x0000000082500000, 0x0000000082600000|  0%| F|  |TAMS 0x0000000082500000, 0x0000000082500000| Untracked 
|  16|0x0000000082600000, 0x0000000082600000, 0x0000000082700000|  0%| F|  |TAMS 0x0000000082600000, 0x0000000082600000| Untracked 
|  17|0x0000000082700000, 0x0000000082700000, 0x0000000082800000|  0%| F|  |TAMS 0x0000000082700000, 0x0000000082700000| Untracked 
|  18|0x0000000082800000, 0x0000000082800000, 0x0000000082900000|  0%| F|  |TAMS 0x0000000082800000, 0x0000000082800000| Untracked 
|  19|0x0000000082900000, 0x0000000082900000, 0x0000000082a00000|  0%| F|  |TAMS 0x0000000082900000, 0x0000000082900000| Untracked 
|  20|0x0000000082a00000, 0x0000000082a00000, 0x0000000082b00000|  0%| F|  |TAMS 0x0000000082a00000, 0x0000000082a00000| Untracked 
|  21|0x0000000082b00000, 0x0000000082b00000, 0x0000000082c00000|  0%| F|  |TAMS 0x0000000082b00000, 0x0000000082b00000| Untracked 
|  22|0x0000000082c00000, 0x0000000082c00000, 0x0000000082d00000|  0%| F|  |TAMS 0x0000000082c00000, 0x0000000082c00000| Untracked 
|  23|0x0000000082d00000, 0x0000000082d00000, 0x0000000082e00000|  0%| F|  |TAMS 0x0000000082d00000, 0x0000000082d00000| Untracked 
|  24|0x0000000082e00000, 0x0000000082e00000, 0x0000000082f00000|  0%| F|  |TAMS 0x0000000082e00000, 0x0000000082e00000| Untracked 
|  25|0x0000000082f00000, 0x0000000082f00000, 0x0000000083000000|  0%| F|  |TAMS 0x0000000082f00000, 0x0000000082f00000| Untracked 
|  26|0x0000000083000000, 0x0000000083000000, 0x0000000083100000|  0%| F|  |TAMS 0x0000000083000000, 0x0000000083000000| Untracked 
|  27|0x0000000083100000, 0x0000000083100000, 0x0000000083200000|  0%| F|  |TAMS 0x0000000083100000, 0x0000000083100000| Untracked 
|  28|0x0000000083200000, 0x0000000083200000, 0x0000000083300000|  0%| F|  |TAMS 0x0000000083200000, 0x0000000083200000| Untracked 
|  29|0x0000000083300000, 0x0000000083300000, 0x0000000083400000|  0%| F|  |TAMS 0x0000000083300000, 0x0000000083300000| Untracked 
|  30|0x0000000083400000, 0x0000000083400000, 0x0000000083500000|  0%| F|  |TAMS 0x0000000083400000, 0x0000000083400000| Untracked 
|  31|0x0000000083500000, 0x0000000083500000, 0x0000000083600000|  0%| F|  |TAMS 0x0000000083500000, 0x0000000083500000| Untracked 
|  32|0x0000000083600000, 0x0000000083600000, 0x0000000083700000|  0%| F|  |TAMS 0x0000000083600000, 0x0000000083600000| Untracked 
|  33|0x0000000083700000, 0x0000000083700000, 0x0000000083800000|  0%| F|  |TAMS 0x0000000083700000, 0x0000000083700000| Untracked 
|  34|0x0000000083800000, 0x0000000083800000, 0x0000000083900000|  0%| F|  |TAMS 0x0000000083800000, 0x0000000083800000| Untracked 
|  35|0x0000000083900000, 0x0000000083900000, 0x0000000083a00000|  0%| F|  |TAMS 0x0000000083900000, 0x0000000083900000| Untracked 
|  36|0x0000000083a00000, 0x0000000083a00000, 0x0000000083b00000|  0%| F|  |TAMS 0x0000000083a00000, 0x0000000083a00000| Untracked 
|  37|0x0000000083b00000, 0x0000000083b00000, 0x0000000083c00000|  0%| F|  |TAMS 0x0000000083b00000, 0x0000000083b00000| Untracked 
|  38|0x0000000083c00000, 0x0000000083c00000, 0x0000000083d00000|  0%| F|  |TAMS 0x0000000083c00000, 0x0000000083c00000| Untracked 
|  39|0x0000000083d00000, 0x0000000083d00000, 0x0000000083e00000|  0%| F|  |TAMS 0x0000000083d00000, 0x0000000083d00000| Untracked 
|  40|0x0000000083e00000, 0x0000000083e00000, 0x0000000083f00000|  0%| F|  |TAMS 0x0000000083e00000, 0x0000000083e00000| Untracked 
|  41|0x0000000083f00000, 0x0000000083f00000, 0x0000000084000000|  0%| F|  |TAMS 0x0000000083f00000, 0x0000000083f00000| Untracked 
|  42|0x0000000084000000, 0x0000000084000000, 0x0000000084100000|  0%| F|  |TAMS 0x0000000084000000, 0x0000000084000000| Untracked 
|  43|0x0000000084100000, 0x0000000084100000, 0x0000000084200000|  0%| F|  |TAMS 0x0000000084100000, 0x0000000084100000| Untracked 
|  44|0x0000000084200000, 0x0000000084200000, 0x0000000084300000|  0%| F|  |TAMS 0x0000000084200000, 0x0000000084200000| Untracked 
|  45|0x0000000084300000, 0x0000000084300000, 0x0000000084400000|  0%| F|  |TAMS 0x0000000084300000, 0x0000000084300000| Untracked 
|  46|0x0000000084400000, 0x0000000084400000, 0x0000000084500000|  0%| F|  |TAMS 0x0000000084400000, 0x0000000084400000| Untracked 
|  47|0x0000000084500000, 0x0000000084500000, 0x0000000084600000|  0%| F|  |TAMS 0x0000000084500000, 0x0000000084500000| Untracked 
|  48|0x0000000084600000, 0x0000000084600000, 0x0000000084700000|  0%| F|  |TAMS 0x0000000084600000, 0x0000000084600000| Untracked 
|  49|0x0000000084700000, 0x0000000084700000, 0x0000000084800000|  0%| F|  |TAMS 0x0000000084700000, 0x0000000084700000| Untracked 
|  50|0x0000000084800000, 0x0000000084800000, 0x0000000084900000|  0%| F|  |TAMS 0x0000000084800000, 0x0000000084800000| Untracked 
|  51|0x0000000084900000, 0x0000000084900000, 0x0000000084a00000|  0%| F|  |TAMS 0x0000000084900000, 0x0000000084900000| Untracked 
|  52|0x0000000084a00000, 0x0000000084a00000, 0x0000000084b00000|  0%| F|  |TAMS 0x0000000084a00000, 0x0000000084a00000| Untracked 
|  53|0x0000000084b00000, 0x0000000084b00000, 0x0000000084c00000|  0%| F|  |TAMS 0x0000000084b00000, 0x0000000084b00000| Untracked 
|  54|0x0000000084c00000, 0x0000000084c00000, 0x0000000084d00000|  0%| F|  |TAMS 0x0000000084c00000, 0x0000000084c00000| Untracked 
|  55|0x0000000084d00000, 0x0000000084d00000, 0x0000000084e00000|  0%| F|  |TAMS 0x0000000084d00000, 0x0000000084d00000| Untracked 
|  56|0x0000000084e00000, 0x0000000084e00000, 0x0000000084f00000|  0%| F|  |TAMS 0x0000000084e00000, 0x0000000084e00000| Untracked 
|  57|0x0000000084f00000, 0x0000000084f00000, 0x0000000085000000|  0%| F|  |TAMS 0x0000000084f00000, 0x0000000084f00000| Untracked 
|  58|0x0000000085000000, 0x0000000085000000, 0x0000000085100000|  0%| F|  |TAMS 0x0000000085000000, 0x0000000085000000| Untracked 
|  59|0x0000000085100000, 0x0000000085100000, 0x0000000085200000|  0%| F|  |TAMS 0x0000000085100000, 0x0000000085100000| Untracked 
|  60|0x0000000085200000, 0x0000000085200000, 0x0000000085300000|  0%| F|  |TAMS 0x0000000085200000, 0x0000000085200000| Untracked 
|  61|0x0000000085300000, 0x0000000085300000, 0x0000000085400000|  0%| F|  |TAMS 0x0000000085300000, 0x0000000085300000| Untracked 
|  62|0x0000000085400000, 0x0000000085400000, 0x0000000085500000|  0%| F|  |TAMS 0x0000000085400000, 0x0000000085400000| Untracked 
|  63|0x0000000085500000, 0x0000000085500000, 0x0000000085600000|  0%| F|  |TAMS 0x0000000085500000, 0x0000000085500000| Untracked 
|  64|0x0000000085600000, 0x0000000085600000, 0x0000000085700000|  0%| F|  |TAMS 0x0000000085600000, 0x0000000085600000| Untracked 
|  65|0x0000000085700000, 0x0000000085700000, 0x0000000085800000|  0%| F|  |TAMS 0x0000000085700000, 0x0000000085700000| Untracked 
|  66|0x0000000085800000, 0x0000000085800000, 0x0000000085900000|  0%| F|  |TAMS 0x0000000085800000, 0x0000000085800000| Untracked 
|  67|0x0000000085900000, 0x0000000085900000, 0x0000000085a00000|  0%| F|  |TAMS 0x0000000085900000, 0x0000000085900000| Untracked 
|  68|0x0000000085a00000, 0x0000000085a00000, 0x0000000085b00000|  0%| F|  |TAMS 0x0000000085a00000, 0x0000000085a00000| Untracked 
|  69|0x0000000085b00000, 0x0000000085b00000, 0x0000000085c00000|  0%| F|  |TAMS 0x0000000085b00000, 0x0000000085b00000| Untracked 
|  70|0x0000000085c00000, 0x0000000085c00000, 0x0000000085d00000|  0%| F|  |TAMS 0x0000000085c00000, 0x0000000085c00000| Untracked 
|  71|0x0000000085d00000, 0x0000000085d00000, 0x0000000085e00000|  0%| F|  |TAMS 0x0000000085d00000, 0x0000000085d00000| Untracked 
|  72|0x0000000085e00000, 0x0000000085e00000, 0x0000000085f00000|  0%| F|  |TAMS 0x0000000085e00000, 0x0000000085e00000| Untracked 
|  73|0x0000000085f00000, 0x0000000085f00000, 0x0000000086000000|  0%| F|  |TAMS 0x0000000085f00000, 0x0000000085f00000| Untracked 
|  74|0x0000000086000000, 0x0000000086000000, 0x0000000086100000|  0%| F|  |TAMS 0x0000000086000000, 0x0000000086000000| Untracked 
|  75|0x0000000086100000, 0x0000000086100000, 0x0000000086200000|  0%| F|  |TAMS 0x0000000086100000, 0x0000000086100000| Untracked 
|  76|0x0000000086200000, 0x0000000086200000, 0x0000000086300000|  0%| F|  |TAMS 0x0000000086200000, 0x0000000086200000| Untracked 
|  77|0x0000000086300000, 0x0000000086300000, 0x0000000086400000|  0%| F|  |TAMS 0x0000000086300000, 0x0000000086300000| Untracked 
|  78|0x0000000086400000, 0x0000000086400000, 0x0000000086500000|  0%| F|  |TAMS 0x0000000086400000, 0x0000000086400000| Untracked 
|  79|0x0000000086500000, 0x0000000086500000, 0x0000000086600000|  0%| F|  |TAMS 0x0000000086500000, 0x0000000086500000| Untracked 
|  80|0x0000000086600000, 0x0000000086600000, 0x0000000086700000|  0%| F|  |TAMS 0x0000000086600000, 0x0000000086600000| Untracked 
|  81|0x0000000086700000, 0x0000000086700000, 0x0000000086800000|  0%| F|  |TAMS 0x0000000086700000, 0x0000000086700000| Untracked 
|  82|0x0000000086800000, 0x0000000086800000, 0x0000000086900000|  0%| F|  |TAMS 0x0000000086800000, 0x0000000086800000| Untracked 
|  83|0x0000000086900000, 0x0000000086900000, 0x0000000086a00000|  0%| F|  |TAMS 0x0000000086900000, 0x0000000086900000| Untracked 
|  84|0x0000000086a00000, 0x0000000086a00000, 0x0000000086b00000|  0%| F|  |TAMS 0x0000000086a00000, 0x0000000086a00000| Untracked 
|  85|0x0000000086b00000, 0x0000000086b00000, 0x0000000086c00000|  0%| F|  |TAMS 0x0000000086b00000, 0x0000000086b00000| Untracked 
|  86|0x0000000086c00000, 0x0000000086c00000, 0x0000000086d00000|  0%| F|  |TAMS 0x0000000086c00000, 0x0000000086c00000| Untracked 
|  87|0x0000000086d00000, 0x0000000086d00000, 0x0000000086e00000|  0%| F|  |TAMS 0x0000000086d00000, 0x0000000086d00000| Untracked 
|  88|0x0000000086e00000, 0x0000000086e00000, 0x0000000086f00000|  0%| F|  |TAMS 0x0000000086e00000, 0x0000000086e00000| Untracked 
|  89|0x0000000086f00000, 0x0000000086f00000, 0x0000000087000000|  0%| F|  |TAMS 0x0000000086f00000, 0x0000000086f00000| Untracked 
|  90|0x0000000087000000, 0x0000000087000000, 0x0000000087100000|  0%| F|  |TAMS 0x0000000087000000, 0x0000000087000000| Untracked 
|  91|0x0000000087100000, 0x0000000087100000, 0x0000000087200000|  0%| F|  |TAMS 0x0000000087100000, 0x0000000087100000| Untracked 
|  92|0x0000000087200000, 0x0000000087200000, 0x0000000087300000|  0%| F|  |TAMS 0x0000000087200000, 0x0000000087200000| Untracked 
|  93|0x0000000087300000, 0x0000000087300000, 0x0000000087400000|  0%| F|  |TAMS 0x0000000087300000, 0x0000000087300000| Untracked 
|  94|0x0000000087400000, 0x0000000087400000, 0x0000000087500000|  0%| F|  |TAMS 0x0000000087400000, 0x0000000087400000| Untracked 
|  95|0x0000000087500000, 0x0000000087500000, 0x0000000087600000|  0%| F|  |TAMS 0x0000000087500000, 0x0000000087500000| Untracked 
|  96|0x0000000087600000, 0x0000000087600000, 0x0000000087700000|  0%| F|  |TAMS 0x0000000087600000, 0x0000000087600000| Untracked 
|  97|0x0000000087700000, 0x0000000087700000, 0x0000000087800000|  0%| F|  |TAMS 0x0000000087700000, 0x0000000087700000| Untracked 
|  98|0x0000000087800000, 0x0000000087800000, 0x0000000087900000|  0%| F|  |TAMS 0x0000000087800000, 0x0000000087800000| Untracked 
|  99|0x0000000087900000, 0x0000000087900000, 0x0000000087a00000|  0%| F|  |TAMS 0x0000000087900000, 0x0000000087900000| Untracked 
| 100|0x0000000087a00000, 0x0000000087a00000, 0x0000000087b00000|  0%| F|  |TAMS 0x0000000087a00000, 0x0000000087a00000| Untracked 
| 101|0x0000000087b00000, 0x0000000087b00000, 0x0000000087c00000|  0%| F|  |TAMS 0x0000000087b00000, 0x0000000087b00000| Untracked 
| 102|0x0000000087c00000, 0x0000000087c00000, 0x0000000087d00000|  0%| F|  |TAMS 0x0000000087c00000, 0x0000000087c00000| Untracked 
| 103|0x0000000087d00000, 0x0000000087d00000, 0x0000000087e00000|  0%| F|  |TAMS 0x0000000087d00000, 0x0000000087d00000| Untracked 
| 104|0x0000000087e00000, 0x0000000087e00000, 0x0000000087f00000|  0%| F|  |TAMS 0x0000000087e00000, 0x0000000087e00000| Untracked 
| 105|0x0000000087f00000, 0x0000000087f00000, 0x0000000088000000|  0%| F|  |TAMS 0x0000000087f00000, 0x0000000087f00000| Untracked 
| 106|0x0000000088000000, 0x0000000088000000, 0x0000000088100000|  0%| F|  |TAMS 0x0000000088000000, 0x0000000088000000| Untracked 
| 107|0x0000000088100000, 0x0000000088176470, 0x0000000088200000| 46%| E|  |TAMS 0x0000000088100000, 0x0000000088100000| Complete 
| 108|0x0000000088200000, 0x0000000088300000, 0x0000000088300000|100%| E|CS|TAMS 0x0000000088200000, 0x0000000088200000| Complete 
| 109|0x0000000088300000, 0x0000000088400000, 0x0000000088400000|100%| E|CS|TAMS 0x0000000088300000, 0x0000000088300000| Complete 
| 110|0x0000000088400000, 0x0000000088500000, 0x0000000088500000|100%| E|CS|TAMS 0x0000000088400000, 0x0000000088400000| Complete 
| 111|0x0000000088500000, 0x0000000088600000, 0x0000000088600000|100%| E|CS|TAMS 0x0000000088500000, 0x0000000088500000| Complete 
| 112|0x0000000088600000, 0x0000000088700000, 0x0000000088700000|100%| E|CS|TAMS 0x0000000088600000, 0x0000000088600000| Complete 
| 113|0x0000000088700000, 0x0000000088800000, 0x0000000088800000|100%| E|CS|TAMS 0x0000000088700000, 0x0000000088700000| Complete 
| 114|0x0000000088800000, 0x0000000088900000, 0x0000000088900000|100%| E|CS|TAMS 0x0000000088800000, 0x0000000088800000| Complete 
| 115|0x0000000088900000, 0x0000000088a00000, 0x0000000088a00000|100%| E|CS|TAMS 0x0000000088900000, 0x0000000088900000| Complete 
| 116|0x0000000088a00000, 0x0000000088b00000, 0x0000000088b00000|100%| E|CS|TAMS 0x0000000088a00000, 0x0000000088a00000| Complete 
| 117|0x0000000088b00000, 0x0000000088c00000, 0x0000000088c00000|100%| E|CS|TAMS 0x0000000088b00000, 0x0000000088b00000| Complete 
| 118|0x0000000088c00000, 0x0000000088d00000, 0x0000000088d00000|100%| E|CS|TAMS 0x0000000088c00000, 0x0000000088c00000| Complete 
| 119|0x0000000088d00000, 0x0000000088e00000, 0x0000000088e00000|100%| E|CS|TAMS 0x0000000088d00000, 0x0000000088d00000| Complete 
| 120|0x0000000088e00000, 0x0000000088f00000, 0x0000000088f00000|100%| E|CS|TAMS 0x0000000088e00000, 0x0000000088e00000| Complete 
| 121|0x0000000088f00000, 0x0000000089000000, 0x0000000089000000|100%| E|CS|TAMS 0x0000000088f00000, 0x0000000088f00000| Complete 
| 122|0x0000000089000000, 0x0000000089100000, 0x0000000089100000|100%| E|CS|TAMS 0x0000000089000000, 0x0000000089000000| Complete 
| 123|0x0000000089100000, 0x0000000089200000, 0x0000000089200000|100%| E|CS|TAMS 0x0000000089100000, 0x0000000089100000| Complete 
| 124|0x0000000089200000, 0x0000000089300000, 0x0000000089300000|100%| E|CS|TAMS 0x0000000089200000, 0x0000000089200000| Complete 
| 125|0x0000000089300000, 0x0000000089400000, 0x0000000089400000|100%| E|CS|TAMS 0x0000000089300000, 0x0000000089300000| Complete 
| 126|0x0000000089400000, 0x0000000089500000, 0x0000000089500000|100%| E|CS|TAMS 0x0000000089400000, 0x0000000089400000| Complete 
| 127|0x0000000089500000, 0x0000000089600000, 0x0000000089600000|100%| E|CS|TAMS 0x0000000089500000, 0x0000000089500000| Complete 

Card table byte_map: [0x000002885d660000,0x000002885da60000] _byte_map_base: 0x000002885d255000

Marking Bits (Prev, Next): (CMBitMap*) 0x00000288502a0010, (CMBitMap*) 0x00000288502a0050
 Prev Bits: [0x000002885de60000, 0x000002885fe08000)
 Next Bits: [0x000002885fe10000, 0x0000028861db8000)

Polling page: 0x0000028850300000

Metaspace:

Usage:
  Non-class:      5.68 MB used.
      Class:    762.88 KB used.
       Both:      6.43 MB used.

Virtual space:
  Non-class space:       64.00 MB reserved,       5.81 MB (  9%) committed,  1 nodes.
      Class space:        1.00 GB reserved,     896.00 KB ( <1%) committed,  1 nodes.
             Both:        1.06 GB reserved,       6.69 MB ( <1%) committed. 

Chunk freelists:
   Non-Class:  1.86 MB
       Class:  3.10 MB
        Both:  4.96 MB

MaxMetaspaceSize: unlimited
CompressedClassSpaceSize: 1.00 GB
Initial GC threshold: 21.00 MB
Current GC threshold: 21.00 MB
CDS: on
MetaspaceReclaimPolicy: balanced
 - commit_granule_bytes: 65536.
 - commit_granule_words: 8192.
 - virtual_space_node_default_size: 8388608.
 - enlarge_chunks_in_place: 1.
 - new_chunks_are_fully_committed: 0.
 - uncommit_free_chunks: 1.
 - use_allocation_guard: 0.


Internal statistics:

num_allocs_failed_limit: 0.
num_arena_births: 138.
num_arena_deaths: 0.
num_vsnodes_births: 2.
num_vsnodes_deaths: 0.
num_space_committed: 107.
num_space_uncommitted: 0.
num_chunks_returned_to_freelist: 0.
num_chunks_taken_from_freelist: 208.
num_chunk_merges: 0.
num_chunk_splits: 139.
num_chunks_enlarged: 90.
num_inconsistent_stats: 0.

CodeCache: size=49152Kb used=4222Kb max_used=4222Kb free=44929Kb
 bounds [0x0000028859960000, 0x0000028859d80000, 0x000002885c960000]
 total_blobs=1827 nmethods=1360 adapters=391
 compilation: enabled
              stopped_count=0, restarted_count=0
 full_count=0

Compilation events (20 events):
Event: 2.249 Thread 0x00000288648a5d20 1352   !   1       java.util.zip.ZipFile::getMetaInfVersions (26 bytes)
Event: 2.249 Thread 0x00000288648a5d20 nmethod 1352 0x0000028859d7cc90 code [0x0000028859d7ce40, 0x0000028859d7d008]
Event: 2.249 Thread 0x0000028868ca39e0 nmethod 1351 0x0000028859d7d190 code [0x0000028859d7d340, 0x0000028859d7d508]
Event: 2.254 Thread 0x0000028868ca39e0 1353       1       java.util.jar.JarFile::getVersionedEntry (133 bytes)
Event: 2.255 Thread 0x0000028868ca39e0 nmethod 1353 0x0000028859d7d690 code [0x0000028859d7d8c0, 0x0000028859d7de48]
Event: 2.256 Thread 0x00000288648a5d20 1354       1       java.lang.Byte::<init> (10 bytes)
Event: 2.256 Thread 0x00000288648a5d20 nmethod 1354 0x0000028859d7e290 code [0x0000028859d7e420, 0x0000028859d7e4d8]
Event: 2.256 Thread 0x0000028868c9f050 1355       1       java.lang.Short::<init> (10 bytes)
Event: 2.257 Thread 0x0000028868c9f050 nmethod 1355 0x0000028859d7e590 code [0x0000028859d7e720, 0x0000028859d7e7f8]
Event: 2.259 Thread 0x0000028868c9f050 1356       1       java.lang.invoke.DirectMethodHandle::isCrackable (5 bytes)
Event: 2.259 Thread 0x00000288648a5d20 1357       1       jdk.internal.misc.CDS::isDumpingArchive (4 bytes)
Event: 2.259 Thread 0x0000028868c9f050 nmethod 1356 0x0000028859d7e890 code [0x0000028859d7ea20, 0x0000028859d7eaf8]
Event: 2.259 Thread 0x00000288648a5d20 nmethod 1357 0x0000028859d7eb90 code [0x0000028859d7ed20, 0x0000028859d7edd8]
Event: 2.260 Thread 0x00000288648a5d20 1358       1       java.net.URLStreamHandler::parseURL (1124 bytes)
Event: 2.261 Thread 0x0000028868ca39e0 1359       1       java.lang.invoke.MethodHandle::keepsAlive (20 bytes)
Event: 2.261 Thread 0x0000028868ca39e0 nmethod 1359 0x0000028859d7ee90 code [0x0000028859d7f040, 0x0000028859d7f288]
Event: 2.262 Thread 0x0000028868ca39e0 1360       1       java.util.jar.JarFile::maybeInstantiateVerifier (42 bytes)
Event: 2.262 Thread 0x0000028868ca39e0 nmethod 1360 0x0000028859d7f390 code [0x0000028859d7f540, 0x0000028859d7f6d8]
Event: 2.263 Thread 0x0000028868ca39e0 1361       1       java.util.concurrent.CopyOnWriteArrayList::getArray (5 bytes)
Event: 2.263 Thread 0x0000028868ca39e0 nmethod 1361 0x0000028859d7f790 code [0x0000028859d7f920, 0x0000028859d7f9d8]

GC Heap History (0 events):
No events

Dll operation events (13 events):
Event: 0.066 Loaded shared library C:\Users\ADMIN\.jdks\openjdk-19\bin\java.dll
Event: 0.082 Loaded shared library C:\Users\ADMIN\.jdks\openjdk-19\bin\jsvml.dll
Event: 0.228 Loaded shared library C:\Users\ADMIN\.jdks\openjdk-19\bin\zip.dll
Event: 0.237 Loaded shared library C:\Users\ADMIN\.jdks\openjdk-19\bin\instrument.dll
Event: 0.245 Loaded shared library C:\Users\ADMIN\.jdks\openjdk-19\bin\net.dll
Event: 0.248 Loaded shared library C:\Users\ADMIN\.jdks\openjdk-19\bin\nio.dll
Event: 0.252 Loaded shared library C:\Users\ADMIN\.jdks\openjdk-19\bin\zip.dll
Event: 1.311 Loaded shared library C:\Program Files\JetBrains\IntelliJ IDEA 2022.2.2\bin\breakgen64.dll
Event: 1.322 Loaded shared library C:\Users\ADMIN\.jdks\openjdk-19\bin\jimage.dll
Event: 1.328 Loaded shared library C:\Users\ADMIN\.jdks\openjdk-19\bin\extnet.dll
Event: 1.348 Loaded shared library C:\Users\ADMIN\.jdks\openjdk-19\bin\management.dll
Event: 1.366 Loaded shared library C:\Users\ADMIN\.jdks\openjdk-19\bin\management_ext.dll
Event: 1.693 Loaded shared library C:\Users\ADMIN\.jdks\openjdk-19\bin\verify.dll

Deoptimization events (4 events):
Event: 1.493 Thread 0x000002885023f690 DEOPT PACKING pc=0x0000028859c979d5 sp=0x000000dab66fd210
Event: 1.493 Thread 0x000002885023f690 DEOPT UNPACKING pc=0x00000288599c7543 sp=0x000000dab66fc6c0 mode 3
Event: 1.504 Thread 0x000002885023f690 DEOPT PACKING pc=0x0000028859cb0bd0 sp=0x000000dab66fd1e0
Event: 1.504 Thread 0x000002885023f690 DEOPT UNPACKING pc=0x00000288599c7543 sp=0x000000dab66fc698 mode 3

Classes loaded (20 events):
Event: 2.237 Loading class sun/net/www/protocol/jar/JarURLConnection$JarURLInputStream
Event: 2.237 Loading class sun/net/www/protocol/jar/JarURLConnection$JarURLInputStream done
Event: 2.243 Loading class java/util/stream/DistinctOps
Event: 2.243 Loading class java/util/stream/DistinctOps done
Event: 2.243 Loading class java/util/stream/DistinctOps$1
Event: 2.244 Loading class java/util/stream/ReferencePipeline$StatefulOp
Event: 2.244 Loading class java/util/stream/ReferencePipeline$StatefulOp done
Event: 2.244 Loading class java/util/stream/DistinctOps$1 done
Event: 2.245 Loading class java/util/stream/DistinctOps$1$2
Event: 2.246 Loading class java/util/stream/DistinctOps$1$2 done
Event: 2.247 Loading class java/lang/invoke/DirectMethodHandle$Special
Event: 2.247 Loading class java/lang/invoke/DirectMethodHandle$Special done
Event: 2.252 Loading class java/lang/InstantiationException
Event: 2.252 Loading class java/lang/InstantiationException done
Event: 2.255 Loading class java/lang/Byte$ByteCache
Event: 2.255 Loading class java/lang/Byte$ByteCache done
Event: 2.256 Loading class java/lang/Short$ShortCache
Event: 2.256 Loading class java/lang/Short$ShortCache done
Event: 2.257 Loading class java/lang/reflect/UndeclaredThrowableException
Event: 2.258 Loading class java/lang/reflect/UndeclaredThrowableException done

Classes unloaded (0 events):
No events

Classes redefined (0 events):
No events

Internal exceptions (19 events):
Event: 1.286 Thread 0x000002885023f690 Exception <a 'java/lang/NoSuchMethodError'{0x0000000088e93af0}: 'void java.lang.invoke.DirectMethodHandle$Holder.invokeStatic(java.lang.Object, java.lang.Object, java.lang.Object)'> (0x0000000088e93af0) 
thrown [s\open\src\hotspot\share\interpreter\linkResolver.cpp, line 774]
Event: 1.291 Thread 0x000002885023f690 Exception <a 'java/lang/NoSuchMethodError'{0x0000000088eac0e8}: 'java.lang.Object java.lang.invoke.Invokers$Holder.invokeExact_MT(java.lang.Object, java.lang.Object, java.lang.Object, java.lang.Object, java.lang.Object)'> (0x0000000088eac0e8) 
thrown [s\open\src\hotspot\share\interpreter\linkResolver.cpp, line 774]
Event: 1.330 Thread 0x00000288690f13e0 Exception <a 'java/lang/NoSuchMethodError'{0x0000000088d07af8}: 'void java.lang.invoke.DirectMethodHandle$Holder.invokeStatic(java.lang.Object, java.lang.Object)'> (0x0000000088d07af8) 
thrown [s\open\src\hotspot\share\interpreter\linkResolver.cpp, line 774]
Event: 1.346 Thread 0x000002885023f690 Exception <a 'java/lang/NoSuchMethodError'{0x0000000088edcf88}: 'java.lang.Object java.lang.invoke.DirectMethodHandle$Holder.invokeStaticInit(java.lang.Object)'> (0x0000000088edcf88) 
thrown [s\open\src\hotspot\share\interpreter\linkResolver.cpp, line 774]
Event: 1.371 Thread 0x000002885023f690 Exception <a 'java/lang/NoSuchMethodError'{0x0000000088d7c3a0}: 'int java.lang.invoke.DirectMethodHandle$Holder.invokeInterface(java.lang.Object, java.lang.Object)'> (0x0000000088d7c3a0) 
thrown [s\open\src\hotspot\share\interpreter\linkResolver.cpp, line 774]
Event: 1.371 Thread 0x000002885023f690 Exception <a 'java/lang/IncompatibleClassChangeError'{0x0000000088d7f9a0}: Found class java.lang.Object, but interface was expected> (0x0000000088d7f9a0) 
thrown [s\open\src\hotspot\share\interpreter\linkResolver.cpp, line 841]
Event: 1.429 Thread 0x000002885023f690 Exception <a 'java/lang/NoSuchMethodError'{0x0000000088c4e378}: 'int java.lang.invoke.DirectMethodHandle$Holder.invokeSpecial(java.lang.Object, java.lang.Object, java.lang.Object)'> (0x0000000088c4e378) 
thrown [s\open\src\hotspot\share\interpreter\linkResolver.cpp, line 774]
Event: 1.464 Thread 0x000002885023f690 Exception <a 'java/lang/NoSuchMethodError'{0x0000000088cf8310}: 'java.lang.Object java.lang.invoke.DirectMethodHandle$Holder.invokeStaticInit(java.lang.Object, java.lang.Object, java.lang.Object)'> (0x0000000088cf8310) 
thrown [s\open\src\hotspot\share\interpreter\linkResolver.cpp, line 774]
Event: 1.538 Thread 0x000002885023f690 Exception <a 'java/lang/NoSuchMethodError'{0x00000000889eaf30}: 'int java.lang.invoke.DirectMethodHandle$Holder.invokeSpecialIFC(java.lang.Object, java.lang.Object, java.lang.Object)'> (0x00000000889eaf30) 
thrown [s\open\src\hotspot\share\interpreter\linkResolver.cpp, line 774]
Event: 1.576 Thread 0x000002885023f690 Exception <a 'java/lang/NoSuchMethodError'{0x0000000088860d50}: 'java.lang.Object java.lang.invoke.DirectMethodHandle$Holder.invokeStaticInit(java.lang.Object, int, int, int, int)'> (0x0000000088860d50) 
thrown [s\open\src\hotspot\share\interpreter\linkResolver.cpp, line 774]
Event: 1.615 Thread 0x000002885023f690 Exception <a 'java/lang/NoSuchMethodError'{0x0000000088725728}: 'java.lang.Object java.lang.invoke.DirectMethodHandle$Holder.invokeStaticInit(java.lang.Object, java.lang.Object, int, int, int, int)'> (0x0000000088725728) 
thrown [s\open\src\hotspot\share\interpreter\linkResolver.cpp, line 774]
Event: 1.637 Thread 0x000002885023f690 Exception <a 'java/lang/ClassNotFoundException'{0x0000000088745868}: javax/management/remote/rmi/RMIServerImpl_Skel> (0x0000000088745868) 
thrown [s\open\src\hotspot\share\classfile\systemDictionary.cpp, line 255]
Event: 1.658 Thread 0x000002885023f690 Exception <a 'java/lang/NoSuchMethodError'{0x000000008875f958}: 'long java.lang.invoke.DirectMethodHandle$Holder.invokeSpecial(java.lang.Object, java.lang.Object)'> (0x000000008875f958) 
thrown [s\open\src\hotspot\share\interpreter\linkResolver.cpp, line 774]
Event: 1.659 Thread 0x000002885023f690 Exception <a 'java/lang/NoSuchMethodError'{0x00000000887632b0}: 'long java.lang.invoke.Invokers$Holder.invokeExact_MT(java.lang.Object, java.lang.Object)'> (0x00000000887632b0) 
thrown [s\open\src\hotspot\share\interpreter\linkResolver.cpp, line 774]
Event: 1.669 Thread 0x000002885023f690 Exception <a 'java/lang/NoSuchMethodError'{0x00000000887f1d68}: 'void java.lang.invoke.DirectMethodHandle$Holder.invokeSpecial(java.lang.Object, java.lang.Object, java.lang.Object)'> (0x00000000887f1d68) 
thrown [s\open\src\hotspot\share\interpreter\linkResolver.cpp, line 774]
Event: 1.719 Thread 0x000002885023f690 Exception <a 'java/lang/ClassNotFoundException'{0x0000000088550300}: javax/smartcardio/CardPermission> (0x0000000088550300) 
thrown [s\open\src\hotspot\share\classfile\systemDictionary.cpp, line 255]
Event: 1.723 Thread 0x000002885023f690 Exception <a 'java/io/FileNotFoundException'{0x000000008855e7c0}> (0x000000008855e7c0) 
thrown [s\open\src\hotspot\share\prims\jni.cpp, line 517]
Event: 2.245 Thread 0x000002885023f690 Exception <a 'java/lang/NoSuchMethodError'{0x0000000088266018}: 'java.lang.Object java.lang.invoke.DirectMethodHandle$Holder.invokeSpecialIFC(java.lang.Object, java.lang.Object, java.lang.Object, java.lang.Object)'> (0x0000000088266018) 
thrown [s\open\src\hotspot\share\interpreter\linkResolver.cpp, line 774]
Event: 2.258 Thread 0x000002885023f690 Exception <a 'java/lang/NoSuchMethodError'{0x00000000882fb580}: 'int java.lang.invoke.DirectMethodHandle$Holder.invokeStaticInit(java.lang.Object, java.lang.Object)'> (0x00000000882fb580) 
thrown [s\open\src\hotspot\share\interpreter\linkResolver.cpp, line 774]

VM Operations (18 events):
Event: 0.213 Executing VM operation: HandshakeAllThreads
Event: 0.213 Executing VM operation: HandshakeAllThreads done
Event: 1.213 Executing VM operation: Cleanup
Event: 1.213 Executing VM operation: Cleanup done
Event: 1.315 Executing VM operation: HandshakeAllThreads
Event: 1.315 Executing VM operation: HandshakeAllThreads done
Event: 1.378 Executing VM operation: HandshakeAllThreads
Event: 1.378 Executing VM operation: HandshakeAllThreads done
Event: 1.565 Executing VM operation: HandshakeAllThreads
Event: 1.565 Executing VM operation: HandshakeAllThreads done
Event: 1.635 Executing VM operation: HandshakeAllThreads
Event: 1.635 Executing VM operation: HandshakeAllThreads done
Event: 1.672 Executing VM operation: HandshakeAllThreads
Event: 1.672 Executing VM operation: HandshakeAllThreads done
Event: 2.236 Executing VM operation: HandshakeAllThreads
Event: 2.236 Executing VM operation: HandshakeAllThreads done
Event: 2.236 Executing VM operation: Cleanup
Event: 2.237 Executing VM operation: Cleanup done

Events (15 events):
Event: 0.082 Thread 0x000002885023f690 Thread added: 0x000002885023f690
Event: 0.111 Thread 0x0000028864898960 Thread added: 0x0000028864898960
Event: 0.112 Thread 0x00000288648998f0 Thread added: 0x00000288648998f0
Event: 0.112 Thread 0x000002886489de10 Thread added: 0x000002886489de10
Event: 0.112 Thread 0x00000288648a1c80 Thread added: 0x00000288648a1c80
Event: 0.112 Thread 0x00000288648a28f0 Thread added: 0x00000288648a28f0
Event: 0.113 Thread 0x00000288648a4b10 Thread added: 0x00000288648a4b10
Event: 0.113 Thread 0x00000288648a5d20 Thread added: 0x00000288648a5d20
Event: 0.113 Thread 0x00000288648aa810 Thread added: 0x00000288648aa810
Event: 0.205 Thread 0x0000028864868790 Thread added: 0x0000028864868790
Event: 0.213 Thread 0x0000028868c9f050 Thread added: 0x0000028868c9f050
Event: 0.214 Thread 0x0000028868ca39e0 Thread added: 0x0000028868ca39e0
Event: 1.312 Thread 0x00000288690f13e0 Thread added: 0x00000288690f13e0
Event: 1.312 Thread 0x0000028869100b60 Thread added: 0x0000028869100b60
Event: 1.650 Thread 0x000002886931f580 Thread added: 0x000002886931f580


Dynamic libraries:
0x00007ff7841b0000 - 0x00007ff7841be000 	C:\Users\ADMIN\.jdks\openjdk-19\bin\java.exe
0x00007fff37b90000 - 0x00007fff37d88000 	C:\WINDOWS\SYSTEM32\ntdll.dll
0x00007fff36120000 - 0x00007fff361dd000 	C:\WINDOWS\System32\KERNEL32.DLL
0x00007fff355d0000 - 0x00007fff358a2000 	C:\WINDOWS\System32\KERNELBASE.dll
0x00007fff354d0000 - 0x00007fff355d0000 	C:\WINDOWS\System32\ucrtbase.dll
0x00007fff28c10000 - 0x00007fff28c27000 	C:\Users\ADMIN\.jdks\openjdk-19\bin\jli.dll
0x00007fff28c30000 - 0x00007fff28c4b000 	C:\Users\ADMIN\.jdks\openjdk-19\bin\VCRUNTIME140.dll
0x00007fff377b0000 - 0x00007fff3794d000 	C:\WINDOWS\System32\USER32.dll
0x00007fff27a60000 - 0x00007fff27cfa000 	C:\WINDOWS\WinSxS\amd64_microsoft.windows.common-controls_6595b64144ccf1df_6.0.19041.1110_none_60b5254171f9507e\COMCTL32.dll
0x00007fff35330000 - 0x00007fff35352000 	C:\WINDOWS\System32\win32u.dll
0x00007fff35d30000 - 0x00007fff35dce000 	C:\WINDOWS\System32\msvcrt.dll
0x00007fff37a70000 - 0x00007fff37a9b000 	C:\WINDOWS\System32\GDI32.dll
0x00007fff35950000 - 0x00007fff35a5f000 	C:\WINDOWS\System32\gdi32full.dll
0x00007fff358b0000 - 0x00007fff3594d000 	C:\WINDOWS\System32\msvcp_win.dll
0x00007fff35f80000 - 0x00007fff35fb0000 	C:\WINDOWS\System32\IMM32.DLL
0x00007fff28c00000 - 0x00007fff28c0c000 	C:\Users\ADMIN\.jdks\openjdk-19\bin\vcruntime140_1.dll
0x00007fff1e330000 - 0x00007fff1e3be000 	C:\Users\ADMIN\.jdks\openjdk-19\bin\msvcp140.dll
0x00007ffedb590000 - 0x00007ffedc250000 	C:\Users\ADMIN\.jdks\openjdk-19\bin\server\jvm.dll
0x00007fff35c80000 - 0x00007fff35d2e000 	C:\WINDOWS\System32\ADVAPI32.dll
0x00007fff362a0000 - 0x00007fff3633c000 	C:\WINDOWS\System32\sechost.dll
0x00007fff37340000 - 0x00007fff37465000 	C:\WINDOWS\System32\RPCRT4.dll
0x00007fff2d3f0000 - 0x00007fff2d417000 	C:\WINDOWS\SYSTEM32\WINMM.dll
0x00007fff31040000 - 0x00007fff31049000 	C:\WINDOWS\SYSTEM32\WSOCK32.dll
0x00007fff35fb0000 - 0x00007fff3601b000 	C:\WINDOWS\System32\WS2_32.dll
0x00007fff2ed70000 - 0x00007fff2ed7a000 	C:\WINDOWS\SYSTEM32\VERSION.dll
0x00007fff333d0000 - 0x00007fff333e2000 	C:\WINDOWS\SYSTEM32\kernel.appcore.dll
0x00007fff28bf0000 - 0x00007fff28bfa000 	C:\Users\ADMIN\.jdks\openjdk-19\bin\jimage.dll
0x00007fff225d0000 - 0x00007fff227b4000 	C:\WINDOWS\SYSTEM32\DBGHELP.DLL
0x00007fff1b9a0000 - 0x00007fff1b9cc000 	C:\WINDOWS\SYSTEM32\dbgcore.DLL
0x00007fff35bf0000 - 0x00007fff35c72000 	C:\WINDOWS\System32\bcryptPrimitives.dll
0x00007fff30ba0000 - 0x00007fff30bae000 	C:\Users\ADMIN\.jdks\openjdk-19\bin\instrument.dll
0x00007fff248e0000 - 0x00007fff24906000 	C:\Users\ADMIN\.jdks\openjdk-19\bin\java.dll
0x00007ffee0a70000 - 0x00007ffee0b47000 	C:\Users\ADMIN\.jdks\openjdk-19\bin\jsvml.dll
0x00007fff367b0000 - 0x00007fff36ef3000 	C:\WINDOWS\System32\SHELL32.dll
0x00007fff333f0000 - 0x00007fff33b81000 	C:\WINDOWS\SYSTEM32\windows.storage.dll
0x00007fff36f00000 - 0x00007fff37254000 	C:\WINDOWS\System32\combase.dll
0x00007fff34d90000 - 0x00007fff34dc0000 	C:\WINDOWS\SYSTEM32\Wldp.dll
0x00007fff37aa0000 - 0x00007fff37b4d000 	C:\WINDOWS\System32\SHCORE.dll
0x00007fff375b0000 - 0x00007fff37605000 	C:\WINDOWS\System32\shlwapi.dll
0x00007fff35270000 - 0x00007fff3528f000 	C:\WINDOWS\SYSTEM32\profapi.dll
0x00007fff248a0000 - 0x00007fff248b8000 	C:\Users\ADMIN\.jdks\openjdk-19\bin\zip.dll
0x00007fff268d0000 - 0x00007fff268e3000 	C:\Users\ADMIN\.jdks\openjdk-19\bin\net.dll
0x00007fff2f6c0000 - 0x00007fff2f7cd000 	C:\WINDOWS\SYSTEM32\WINHTTP.dll
0x00007fff34af0000 - 0x00007fff34b5a000 	C:\WINDOWS\system32\mswsock.dll
0x00007fff248c0000 - 0x00007fff248d6000 	C:\Users\ADMIN\.jdks\openjdk-19\bin\nio.dll
0x00007fff24a40000 - 0x00007fff24a5a000 	C:\Program Files\JetBrains\IntelliJ IDEA 2022.2.2\bin\breakgen64.dll
0x00007fff24890000 - 0x00007fff24898000 	C:\Users\ADMIN\.jdks\openjdk-19\bin\extnet.dll
0x00007fff347e0000 - 0x00007fff348aa000 	C:\WINDOWS\SYSTEM32\DNSAPI.dll
0x00007fff34790000 - 0x00007fff347cb000 	C:\WINDOWS\SYSTEM32\IPHLPAPI.DLL
0x00007fff377a0000 - 0x00007fff377a8000 	C:\WINDOWS\System32\NSI.dll
0x00007fff25980000 - 0x00007fff2598a000 	C:\Windows\System32\rasadhlp.dll
0x00007fff26670000 - 0x00007fff266f0000 	C:\WINDOWS\System32\fwpuclnt.dll
0x00007fff35a60000 - 0x00007fff35a87000 	C:\WINDOWS\System32\bcrypt.dll
0x00007fff2f9d0000 - 0x00007fff2f9da000 	C:\Users\ADMIN\.jdks\openjdk-19\bin\management.dll
0x00007fff2f9c0000 - 0x00007fff2f9cb000 	C:\Users\ADMIN\.jdks\openjdk-19\bin\management_ext.dll
0x00007fff36020000 - 0x00007fff36028000 	C:\WINDOWS\System32\PSAPI.DLL
0x00007fff34cf0000 - 0x00007fff34d08000 	C:\WINDOWS\SYSTEM32\CRYPTSP.dll
0x00007fff343a0000 - 0x00007fff343d4000 	C:\WINDOWS\system32\rsaenh.dll
0x00007fff35230000 - 0x00007fff3525e000 	C:\WINDOWS\SYSTEM32\USERENV.dll
0x00007fff34ce0000 - 0x00007fff34cec000 	C:\WINDOWS\SYSTEM32\CRYPTBASE.dll
0x00007fff2e020000 - 0x00007fff2e037000 	C:\WINDOWS\SYSTEM32\dhcpcsvc6.DLL
0x00007fff2e9d0000 - 0x00007fff2e9ed000 	C:\WINDOWS\SYSTEM32\dhcpcsvc.DLL
0x00007fff1a190000 - 0x00007fff1a1a7000 	C:\WINDOWS\system32\napinsp.dll
0x00007fff1a0d0000 - 0x00007fff1a0eb000 	C:\WINDOWS\system32\pnrpnsp.dll
0x00007fff18130000 - 0x00007fff18145000 	C:\WINDOWS\system32\wshbth.dll
0x00007fff30e70000 - 0x00007fff30e8d000 	C:\WINDOWS\system32\NLAapi.dll
0x00007fff17c40000 - 0x00007fff17c52000 	C:\WINDOWS\System32\winrnr.dll
0x00007fff1b3c0000 - 0x00007fff1b3d0000 	C:\Users\ADMIN\.jdks\openjdk-19\bin\verify.dll

dbghelp: loaded successfully - version: 4.0.5 - missing functions: none
symbol engine: initialized successfully - sym options: 0x614 - pdb path: .;C:\Users\ADMIN\.jdks\openjdk-19\bin;C:\WINDOWS\SYSTEM32;C:\WINDOWS\WinSxS\amd64_microsoft.windows.common-controls_6595b64144ccf1df_6.0.19041.1110_none_60b5254171f9507e;C:\Users\ADMIN\.jdks\openjdk-19\bin\server;C:\Program Files\JetBrains\IntelliJ IDEA 2022.2.2\bin

VM Arguments:
jvm_args: -XX:TieredStopAtLevel=1 -Dspring.output.ansi.enabled=always -Dcom.sun.management.jmxremote -Dspring.jmx.enabled=true -Dspring.liveBeansView.mbeanDomain -Dspring.application.admin.enabled=true -javaagent:C:\Program Files\JetBrains\IntelliJ IDEA 2022.2.2\lib\idea_rt.jar=60116:C:\Program Files\JetBrains\IntelliJ IDEA 2022.2.2\bin -Dfile.encoding=UTF-8 -Dsun.stdout.encoding=UTF-8 -Dsun.stderr.encoding=UTF-8 
java_command: com.example.demologin2.DemoLogin2Application
java_class_path (initial): C:\Users\ADMIN\IdeaProjects\demoLogin2\target\classes;C:\Users\ADMIN\.m2\repository\org\springframework\boot\spring-boot-starter-security\2.7.4\spring-boot-starter-security-2.7.4.jar;C:\Users\ADMIN\.m2\repository\org\springframework\boot\spring-boot-starter\2.7.4\spring-boot-starter-2.7.4.jar;C:\Users\ADMIN\.m2\repository\org\springframework\boot\spring-boot-starter-logging\2.7.4\spring-boot-starter-logging-2.7.4.jar;C:\Users\ADMIN\.m2\repository\ch\qos\logback\logback-classic\1.2.11\logback-classic-1.2.11.jar;C:\Users\ADMIN\.m2\repository\ch\qos\logback\logback-core\1.2.11\logback-core-1.2.11.jar;C:\Users\ADMIN\.m2\repository\org\apache\logging\log4j\log4j-to-slf4j\2.17.2\log4j-to-slf4j-2.17.2.jar;C:\Users\ADMIN\.m2\repository\org\apache\logging\log4j\log4j-api\2.17.2\log4j-api-2.17.2.jar;C:\Users\ADMIN\.m2\repository\org\slf4j\jul-to-slf4j\1.7.36\jul-to-slf4j-1.7.36.jar;C:\Users\ADMIN\.m2\repository\jakarta\annotation\jakarta.annotation-api\1.3.5\jakarta.annotation-api-1.3.5.jar;C:\Users\ADMIN\.m2\repository\org\yaml\snakeyaml\1.30\snakeyaml-1.30.jar;C:\Users\ADMIN\.m2\repository\org\springframework\spring-aop\5.3.23\spring-aop-5.3.23.jar;C:\Users\ADMIN\.m2\repository\org\springframework\spring-beans\5.3.23\spring-beans-5.3.23.jar;C:\Users\ADMIN\.m2\repository\org\springframework\security\spring-security-config\5.7.3\spring-security-config-5.7.3.jar;C:\Users\ADMIN\.m2\repository\org\springframework\spring-context\5.3.23\spring-context-5.3.23.jar;C:\Users\ADMIN\.m2\repository\org\springframework\security\spring-security-web\5.7.3\spring-security-web-5.7.3.jar;C:\Users\ADMIN\.m2\repository\org\springframework\spring-expression\5.3.23\spring-expression-5.3.23.jar;C:\Users\ADMIN\.m2\repository\org\springframework\boot\spring-boot-starter-thymeleaf\2.7.4\spring-boot-starter-thymeleaf-2.7.4.jar;C:\Users\ADMIN\.m2\repository\org\thymeleaf\thymeleaf-spring5\3.0.15.RELEASE\thymeleaf-spring5-3.0.15.RELEASE.jar;C:\Users\ADMIN\.m2\repository\org\thymeleaf\thymeleaf\3.0.15.RELEASE\thymeleaf-3.0.15.RELEASE.jar;C:\Users\ADMIN\.m2\repository\org\attoparser\attoparser\2.0.5.RELEASE\attoparser-2.0.5.RELEASE.jar;C:\Users\ADMIN\.m2\repository\org\unbescape\unbescape\1.1.6.RELEASE\unbescape-1.1.6.RELEASE.jar;C:\Users\ADMIN\.m2\repository\org\thymeleaf\extras\thymeleaf-extras-java8time\3.0.4.RELEASE\thymeleaf-extras-java8time-3.0.4.RELEASE.jar;C:\Users\ADMIN\.m2\repository\org\springframework\boot\spring-boot-starter-web\2.7.4\spring-boot-starter-web-2.7.4.jar;C:\Users\ADMIN\.m2\repository\org\springframework\boot\spring-boot-starter-json\2.7.4\spring-boot-starter-json-2.7.4.jar;C:\Users\ADMIN\.m2\repository\com\fasterxml\jackson\datatype\jackson-datatype-jdk8\2.13.4\jackson-datatype-jdk8-2.13.4.jar;C:\Users\ADMIN\.m2\repository\com\fasterxml\jackson\module\jackson-module-parameter-names\2.13.4\jackson-module-parameter-names-2.13.4.jar;C:\Users\ADMIN\.m2\repository\org\springframework\boot\spring-boot-starter-tomcat\2.7.4\spring-boot-starter-tomcat-2.7.4.jar;C:\Users\ADMIN\.m2\repository\org\apache\tomcat\embed\tomcat-embed-core\9.0.65\tomcat-embed-core-9.0.65.jar;C:\Users\ADMIN\.m2\repository\org\apache\tomcat\embed\tomcat-embed-el\9.0.65\tomcat-embed-el-9.0.65.jar;C:\Users\ADMIN\.m2\repository\org\apache\tomcat\embed\tomcat-embed-websocket\9.0.65\tomcat-embed-websocket-9.0.65.jar;C:\Users\ADMIN\.m2\repository\org\springframework\spring-web\5.3.23\spring-web-5.3.23.jar;C:\Users\ADMIN\.m2\repository\org\springframework\spring-webmvc\5.3.23\spring-webmvc-5.3.23.jar;C:\Users\ADMIN\.m2\repository\org\thymeleaf\extras\thymeleaf-extras-springsecurity5\3.0.4.RELEASE\thymeleaf-extras-springsecurity5-3.0.4.RELEASE.jar;C:\Users\ADMIN\.m2\repository\org\slf4j\slf4j-api\1.7.36\slf4j-api-1.7.36.jar;C:\Users\ADMIN\.m2\repository\org\springframework\boot\spring-boot-starter-validation\2.4.1\spring-boot-starter-validation-2.4.1.jar;C:\Users\ADMIN\.m2\repository\org\glassfish\jakarta.el\3.0.4\jakarta.el-3.0.4.jar;C:\Users\ADMIN\.m2\repository\org\hibernate\validator\hibernate-validator\6.2.5.Final\hibernate-validator-6.2.5.Final.jar;C:\Users\ADMIN\.m2\repository\jakarta\validation\jakarta.validation-api\2.0.2\jakarta.validation-api-2.0.2.jar;C:\Users\ADMIN\.m2\repository\org\jboss\logging\jboss-logging\3.4.3.Final\jboss-logging-3.4.3.Final.jar;C:\Users\ADMIN\.m2\repository\com\fasterxml\classmate\1.5.1\classmate-1.5.1.jar;C:\Users\ADMIN\.m2\repository\org\springframework\boot\spring-boot-devtools\2.7.4\spring-boot-devtools-2.7.4.jar;C:\Users\ADMIN\.m2\repository\org\springframework\boot\spring-boot\2.7.4\spring-boot-2.7.4.jar;C:\Users\ADMIN\.m2\repository\org\springframework\boot\spring-boot-autoconfigure\2.7.4\spring-boot-autoconfigure-2.7.4.jar;C:\Users\ADMIN\.m2\repository\mysql\mysql-connector-java\8.0.30\mysql-connector-java-8.0.30.jar;C:\Users\ADMIN\.m2\repository\org\springframework\boot\spring-boot-configuration-processor\2.7.4\spring-boot-configuration-processor-2.7.4.jar;C:\Users\ADMIN\.m2\repository\org\projectlombok\lombok\1.18.24\lombok-1.18.24.jar;C:\Users\ADMIN\.m2\repository\jakarta\xml\bind\jakarta.xml.bind-api\2.3.3\jakarta.xml.bind-api-2.3.3.jar;C:\Users\ADMIN\.m2\repository\jakarta\activation\jakarta.activation-api\1.2.2\jakarta.activation-api-1.2.2.jar;C:\Users\ADMIN\.m2\repository\net\bytebuddy\byte-buddy\1.12.17\byte-buddy-1.12.17.jar;C:\Users\ADMIN\.m2\repository\org\springframework\spring-core\5.3.23\spring-core-5.3.23.jar;C:\Users\ADMIN\.m2\repository\org\springframework\spring-jcl\5.3.23\spring-jcl-5.3.23.jar;C:\Users\ADMIN\.m2\repository\org\springframework\security\spring-security-core\5.7.3\spring-security-core-5.7.3.jar;C:\Users\ADMIN\.m2\repository\org\springframework\security\spring-security-crypto\5.7.3\spring-security-crypto-5.7.3.jar;C:\Users\ADMIN\.m2\repository\org\springframework\boot\spring-boot-starter-data-jpa\2.7.4\spring-boot-starter-data-jpa-2.7.4.jar;C:\Users\ADMIN\.m2\repository\org\springframework\boot\spring-boot-starter-aop\2.7.4\spring-boot-starter-aop-2.7.4.jar;C:\Users\ADMIN\.m2\repository\org\aspectj\aspectjweaver\1.9.7\aspectjweaver-1.9.7.jar;C:\Users\ADMIN\.m2\repository\org\springframework\boot\spring-boot-starter-jdbc\2.7.4\spring-boot-starter-jdbc-2.7.4.jar;C:\Users\ADMIN\.m2\repository\com\zaxxer\HikariCP\4.0.3\HikariCP-4.0.3.jar;C:\Users\ADMIN\.m2\repository\org\springframework\spring-jdbc\5.3.23\spring-jdbc-5.3.23.jar;C:\Users\ADMIN\.m2\repository\jakarta\transaction\jakarta.transaction-api\1.3.3\jakarta.transaction-api-1.3.3.jar;C:\Users\ADMIN\.m2\repository\jakarta\persistence\jakarta.persistence-api\2.2.3\jakarta.persistence-api-2.2.3.jar;C:\Users\ADMIN\.m2\repository\org\hibernate\hibernate-core\5.6.11.Final\hibernate-core-5.6.11.Final.jar;C:\Users\ADMIN\.m2\repository\antlr\antlr\2.7.7\antlr-2.7.7.jar;C:\Users\ADMIN\.m2\repository\org\jboss\jandex\2.4.2.Final\jandex-2.4.2.Final.jar;C:\Users\ADMIN\.m2\repository\org\hibernate\common\hibernate-commons-annotations\5.1.2.Final\hibernate-commons-annotations-5.1.2.Final.jar;C:\Users\ADMIN\.m2\repository\org\glassfish\jaxb\jaxb-runtime\2.3.6\jaxb-runtime-2.3.6.jar;C:\Users\ADMIN\.m2\repository\org\glassfish\jaxb\txw2\2.3.6\txw2-2.3.6.jar;C:\Users\ADMIN\.m2\repository\com\sun\istack\istack-commons-runtime\3.0.12\istack-commons-runtime-3.0.12.jar;C:\Users\ADMIN\.m2\repository\com\sun\activation\jakarta.activation\1.2.2\jakarta.activation-1.2.2.jar;C:\Users\ADMIN\.m2\repository\org\springframework\data\spring-data-jpa\2.7.3\spring-data-jpa-2.7.3.jar;C:\Users\ADMIN\.m2\repository\org\springframework\data\spring-data-commons\2.7.3\spring-data-commons-2.7.3.jar;C:\Users\ADMIN\.m2\repository\org\springframework\spring-orm\5.3.23\spring-orm-5.3.23.jar;C:\Users\ADMIN\.m2\repository\org\springframework\spring-tx\5.3.23\spring-tx-5.3.23.jar;C:\Users\ADMIN\.m2\repository\org\springframework\spring-aspects\5.3.23\spring-aspects-5.3.23.jar;C:\Users\ADMIN\.m2\repository\io\jsonwebtoken\jjwt\0.9.1\jjwt-0.9.1.jar;C:\Users\ADMIN\.m2\repository\com\fasterxml\jackson\core\jackson-databind\2.13.4\jackson-databind-2.13.4.jar;C:\Users\ADMIN\.m2\repository\io\github\jhipster\jhipster\1.1.4\jhipster-1.1.4.jar;C:\Users\ADMIN\.m2\repository\io\springfox\springfox-swagger2\2.6.1\springfox-swagger2-2.6.1.jar;C:\Users\ADMIN\.m2\repository\io\swagger\swagger-annotations\1.5.10\swagger-annotations-1.5.10.jar;C:\Users\ADMIN\.m2\repository\io\swagger\swagger-models\1.5.10\swagger-models-1.5.10.jar;C:\Users\ADMIN\.m2\repository\io\springfox\springfox-spi\2.6.1\springfox-spi-2.6.1.jar;C:\Users\ADMIN\.m2\repository\io\springfox\springfox-core\2.6.1\springfox-core-2.6.1.jar;C:\Users\ADMIN\.m2\repository\io\springfox\springfox-schema\2.6.1\springfox-schema-2.6.1.jar;C:\Users\ADMIN\.m2\repository\io\springfox\springfox-swagger-common\2.6.1\springfox-swagger-common-2.6.1.jar;C:\Users\ADMIN\.m2\repository\io\springfox\springfox-spring-web\2.6.1\springfox-spring-web-2.6.1.jar;C:\Users\ADMIN\.m2\repository\com\google\guava\guava\18.0\guava-18.0.jar;C:\Users\ADMIN\.m2\repository\org\springframework\plugin\spring-plugin-core\1.2.0.RELEASE\spring-plugin-core-1.2.0.RELEASE.jar;C:\Users\ADMIN\.m2\repository\org\springframework\plugin\spring-plugin-metadata\1.2.0.RELEASE\spring-plugin-metadata-1.2.0.RELEASE.jar;C:\Users\ADMIN\.m2\repository\io\springfox\springfox-bean-validators\2.6.1\springfox-bean-validators-2.6.1.jar;C:\Users\ADMIN\.m2\repository\org\springframework\spring-context-support\5.3.23\spring-context-support-5.3.23.jar;C:\Users\ADMIN\.m2\repository\com\fasterxml\jackson\datatype\jackson-datatype-jsr310\2.13.4\jackson-datatype-jsr310-2.13.4.jar;C:\Users\ADMIN\.m2\repository\com\fasterxml\jackson\core\jackson-annotations\2.13.4\jackson-annotations-2.13.4.jar;C:\Users\ADMIN\.m2\repository\com\fasterxml\jackson\core\jackson-core\2.13.4\jackson-core-2.13.4.jar
Launcher Type: SUN_STANDARD

[Global flags]
     intx CICompilerCount                          = 4                                         {product} {ergonomic}
     uint ConcGCThreads                            = 2                                         {product} {ergonomic}
     uint G1ConcRefinementThreads                  = 8                                         {product} {ergonomic}
   size_t G1HeapRegionSize                         = 1048576                                   {product} {ergonomic}
    uintx GCDrainStackTargetSize                   = 64                                        {product} {ergonomic}
   size_t InitialHeapSize                          = 134217728                                 {product} {ergonomic}
     bool ManagementServer                         = true                                      {product} {command line}
   size_t MarkStackSize                            = 4194304                                   {product} {ergonomic}
   size_t MaxHeapSize                              = 2124414976                                {product} {ergonomic}
   size_t MaxNewSize                               = 1274019840                                {product} {ergonomic}
   size_t MinHeapDeltaBytes                        = 1048576                                   {product} {ergonomic}
   size_t MinHeapSize                              = 8388608                                   {product} {ergonomic}
    uintx NonProfiledCodeHeapSize                  = 0                                      {pd product} {ergonomic}
     bool PerfDisableSharedMem                     = true                                      {product} {ergonomic}
     bool ProfileInterpreter                       = false                                  {pd product} {command line}
    uintx ProfiledCodeHeapSize                     = 0                                      {pd product} {ergonomic}
   size_t SoftMaxHeapSize                          = 2124414976                             {manageable} {ergonomic}
     intx TieredStopAtLevel                        = 1                                         {product} {command line}
     bool UseCompressedClassPointers               = true                           {product lp64_product} {ergonomic}
     bool UseCompressedOops                        = true                           {product lp64_product} {ergonomic}
     bool UseG1GC                                  = true                                      {product} {ergonomic}
     bool UseLargePagesIndividualAllocation        = false                                  {pd product} {ergonomic}

Logging:
Log output configuration:
 #0: stdout all=warning uptime,level,tags foldmultilines=false
 #1: stderr all=off uptime,level,tags foldmultilines=false

Environment Variables:
PATH=C:\Python310\Scripts\;C:\Python310\;C:\Program Files (x86)\Common Files\Oracle\Java\javapath;C:\ProgramData\Oracle\Java\javapath;C:\Program Files\Microsoft MPI\Bin\;C:\WINDOWS\system32;C:\WINDOWS;C:\WINDOWS\System32\Wbem;C:\WINDOWS\System32\WindowsPowerShell\v1.0\;C:\WINDOWS\System32\OpenSSH\;C:\Program Files (x86)\Microsoft SQL Server\150\Tools\Binn\;C:\Program Files\Microsoft SQL Server\150\Tools\Binn\;C:\Program Files (x86)\Microsoft SQL Server\150\DTS\Binn\;C:\Program Files\Microsoft SQL Server\150\DTS\Binn\;C:\Program Files\Microsoft SQL Server\Client SDK\ODBC\170\Tools\Binn\;C:\Program Files\Microsoft SQL Server\Client SDK\ODBC\110\Tools\Binn\;C:\Program Files (x86)\Microsoft SQL Server\120\Tools\Binn\;C:\Program Files\Microsoft SQL Server\120\Tools\Binn\;C:\Program Files\Microsoft SQL Server\120\DTS\Binn\;C:\Program Files\Cloudflare\Cloudflare WARP;C:\Program Files\Git\cmd;C:\xampp\php;C:\xampp;C:\Program Files\nodejs\;C:\ProgramData\chocolatey\bin;C:\Program Files\Cloudflare\Cloudflare WARP\;C:\Program Files\dotnet\;C:\Program Files\MySQL\MySQL Shell 8.0\bin\;C:\Users\ADMIN\AppData\Local\Microsoft\WindowsApps;C:\Users\ADMIN\AppData\Local\Programs\Microsoft VS Code\bin;C:\Program Files\Azure Data Studio\bin;C:\Program Files\Azure Data Studio\bin;C:\Users\ADMIN\AppData\Roaming\Composer\vendor\bin;C:\Users\ADMIN\AppData\Local\GitHubDesktop\bin;C:\Users\ADMIN\AppData\Roaming\npm;C:\Users\ADMIN\.dotnet\tools;C:\Program Files\JetBrains\IntelliJ IDEA 2022.2.2\bin;
USERNAME=ADMIN
OS=Windows_NT
PROCESSOR_IDENTIFIER=Intel64 Family 6 Model 60 Stepping 3, GenuineIntel
TMP=C:\Users\ADMIN\AppData\Local\Temp
TEMP=C:\Users\ADMIN\AppData\Local\Temp



---------------  S Y S T E M  ---------------

OS:
 Windows 10 , 64 bit Build 19041 (10.0.19041.1889)
OS uptime: 1 days 15:08 hours

CPU: total 8 (initial active 8) (4 cores per cpu, 2 threads per core) family 6 model 60 stepping 3 microcode 0x27, cx8, cmov, fxsr, ht, mmx, sse, sse2, sse3, ssse3, sse4.1, sse4.2, popcnt, lzcnt, tsc, tscinvbit, avx, avx2, aes, erms, clmul, bmi1, bmi2, fma, vzeroupper, clflush, rdtscp

Memory: 4k page, system-wide physical 8097M (276M free)
TotalPageFile size 12193M (AvailPageFile size 5M)
current process WorkingSet (physical memory assigned to process): 67M, peak: 67M
current process commit charge ("private bytes"): 222M, peak: 222M

vm_info: OpenJDK 64-Bit Server VM (19+36-2238) for windows-amd64 JRE (19+36-2238), built on 2022-08-12T20:29:01Z by "mach5one" with MS VC++ 17.1 (VS2022)

END.
