#
# There is insufficient memory for the Java Runtime Environment to continue.
# Native memory allocation (mmap) failed to map 65536 bytes for Failed to commit metaspace.
# Possible reasons:
#   The system is out of physical RAM or swap space
#   The process is running with CompressedOops enabled, and the Java Heap may be blocking the growth of the native heap
# Possible solutions:
#   Reduce memory load on the system
#   Increase physical memory or swap space
#   Check if swap backing store is full
#   Decrease Java heap size (-Xmx/-Xms)
#   Decrease number of Java threads
#   Decrease Java thread stack sizes (-Xss)
#   Set larger code cache with -XX:ReservedCodeCacheSize=
#   JVM is running with Unscaled Compressed Oops mode in which the Java heap is
#     placed in the first 4GB address space. The Java Heap base address is the
#     maximum limit for the native heap growth. Please use -XX:HeapBaseMinAddress
#     to set the Java Heap base and to place the Java Heap above 4GB virtual address.
# This output file may be truncated or incomplete.
#
#  Out of Memory Error (virtualSpaceNode.cpp:110), pid=1656, tid=8628
#
# JRE version: OpenJDK Runtime Environment (19.0+36) (build 19+36-2238)
# Java VM: OpenJDK 64-Bit Server VM (19+36-2238, mixed mode, emulated-client, sharing, tiered, compressed oops, compressed class ptrs, g1 gc, windows-amd64)
# No core dump will be written. Minidumps are not enabled by default on client versions of Windows
#

---------------  S U M M A R Y ------------

Command Line: -XX:TieredStopAtLevel=1 -Dspring.output.ansi.enabled=always -Dcom.sun.management.jmxremote -Dspring.jmx.enabled=true -Dspring.liveBeansView.mbeanDomain -Dspring.application.admin.enabled=true -javaagent:C:\Program Files\JetBrains\IntelliJ IDEA 2022.2.2\lib\idea_rt.jar=63834:C:\Program Files\JetBrains\IntelliJ IDEA 2022.2.2\bin -Dfile.encoding=UTF-8 -Dsun.stdout.encoding=UTF-8 -Dsun.stderr.encoding=UTF-8 com.example.demologin2.DemoLogin2Application

Host: Intel(R) Core(TM) i7-4810MQ CPU @ 2.80GHz, 8 cores, 7G,  Windows 10 , 64 bit Build 19041 (10.0.19041.1889)
Time: Fri Oct 21 11:19:58 2022 SE Asia Standard Time elapsed time: 0.892386 seconds (0d 0h 0m 0s)

---------------  T H R E A D  ---------------

Current thread (0x000001bcd7f71b20):  JavaThread "main" [_thread_in_vm, id=8628, stack(0x0000007556600000,0x0000007556700000)]

Stack: [0x0000007556600000,0x0000007556700000]
Native frames: (J=compiled Java code, j=interpreted, Vv=VM code, C=native code)
V  [jvm.dll+0x6ee8fa]
V  [jvm.dll+0x857a1e]
V  [jvm.dll+0x85940e]
V  [jvm.dll+0x859ac3]
V  [jvm.dll+0x28291f]
V  [jvm.dll+0x85369b]
V  [jvm.dll+0x693276]
V  [jvm.dll+0x6932da]
V  [jvm.dll+0x695bd3]
V  [jvm.dll+0x695a9e]
V  [jvm.dll+0x693c9e]
V  [jvm.dll+0x6a52a9]
V  [jvm.dll+0x69e5f4]
V  [jvm.dll+0x3dac31]
C  0x000001bce16fe3dc

Java frames: (J=compiled Java code, j=interpreted, Vv=VM code)
j  jdk.internal.vm.ThreadContainers.expungeStaleEntries()V+0 java.base@19
j  jdk.internal.vm.ThreadContainers.registerContainer(Ljdk/internal/vm/ThreadContainer;)Ljava/lang/Object;+0 java.base@19
j  jdk.internal.vm.SharedThreadContainer.create(Ljdk/internal/vm/ThreadContainer;Ljava/lang/String;)Ljdk/internal/vm/SharedThreadContainer;+28 java.base@19
j  jdk.internal.vm.SharedThreadContainer.create(Ljava/lang/String;)Ljdk/internal/vm/SharedThreadContainer;+4 java.base@19
j  java.util.concurrent.ThreadPoolExecutor.<init>(IIJLjava/util/concurrent/TimeUnit;Ljava/util/concurrent/BlockingQueue;Ljava/util/concurrent/ThreadFactory;Ljava/util/concurrent/RejectedExecutionHandler;)V+151 java.base@19
j  java.util.concurrent.ThreadPoolExecutor.<init>(IIJLjava/util/concurrent/TimeUnit;Ljava/util/concurrent/BlockingQueue;Ljava/util/concurrent/ThreadFactory;)V+13 java.base@19
j  sun.rmi.transport.tcp.TCPTransport.<clinit>()V+104 java.rmi@19
v  ~StubRoutines::call_stub 0x000001bce16e100e
j  sun.rmi.transport.tcp.TCPEndpoint.<clinit>()V+94 java.rmi@19
v  ~StubRoutines::call_stub 0x000001bce16e100e
j  sun.rmi.transport.LiveRef.<init>(Ljava/rmi/server/ObjID;ILjava/rmi/server/RMIClientSocketFactory;Ljava/rmi/server/RMIServerSocketFactory;)V+6 java.rmi@19
j  sun.rmi.transport.LiveRef.<init>(ILjava/rmi/server/RMIClientSocketFactory;Ljava/rmi/server/RMIServerSocketFactory;)V+11 java.rmi@19
j  sun.rmi.server.UnicastServerRef2.<init>(ILjava/rmi/server/RMIClientSocketFactory;Ljava/rmi/server/RMIServerSocketFactory;Ljava/io/ObjectInputFilter;)V+8 java.rmi@19
j  sun.management.jmxremote.ConnectorBootstrap$PermanentExporter.exportObject(Ljava/rmi/Remote;ILjava/rmi/server/RMIClientSocketFactory;Ljava/rmi/server/RMIServerSocketFactory;Ljava/io/ObjectInputFilter;)Ljava/rmi/Remote;+72 jdk.management.agent@19
j  javax.management.remote.rmi.RMIJRMPServerImpl.export(Ljava/rmi/Remote;Ljava/io/ObjectInputFilter;)V+62 java.management.rmi@19
j  javax.management.remote.rmi.RMIJRMPServerImpl.export()V+6 java.management.rmi@19
j  javax.management.remote.rmi.RMIConnectorServer.start()V+246 java.management.rmi@19
j  sun.management.jmxremote.ConnectorBootstrap.startLocalConnectorServer()Ljavax/management/remote/JMXConnectorServer;+290 jdk.management.agent@19
j  jdk.internal.agent.Agent.startLocalManagementAgent()V+13 jdk.management.agent@19
j  jdk.internal.agent.Agent.startAgent(Ljava/util/Properties;)V+58 jdk.management.agent@19
j  jdk.internal.agent.Agent.startAgent()V+20 jdk.management.agent@19
v  ~StubRoutines::call_stub 0x000001bce16e100e

---------------  P R O C E S S  ---------------

Threads class SMR info:
_java_thread_list=0x000001bcf0d34dc0, length=15, elements={
0x000001bcd7f71b20, 0x000001bcec5dc2b0, 0x000001bcec5dccb0, 0x000001bcec5df5b0,
0x000001bcec5dfdb0, 0x000001bcec5e68b0, 0x000001bcec5e61a0, 0x000001bcec5ed310,
0x000001bcec5f9a20, 0x000001bcec5f94d0, 0x000001bcf08b00f0, 0x000001bcf08b46d0,
0x000001bcf08b5050, 0x000001bcec5f84e0, 0x000001bcec5f8a30
}

Java Threads: ( => current thread )
=>0x000001bcd7f71b20 JavaThread "main" [_thread_in_vm, id=8628, stack(0x0000007556600000,0x0000007556700000)]
  0x000001bcec5dc2b0 JavaThread "Reference Handler" daemon [_thread_blocked, id=5988, stack(0x0000007556d00000,0x0000007556e00000)]
  0x000001bcec5dccb0 JavaThread "Finalizer" daemon [_thread_blocked, id=8776, stack(0x0000007556e00000,0x0000007556f00000)]
  0x000001bcec5df5b0 JavaThread "Signal Dispatcher" daemon [_thread_blocked, id=9348, stack(0x0000007556f00000,0x0000007557000000)]
  0x000001bcec5dfdb0 JavaThread "Attach Listener" daemon [_thread_blocked, id=14208, stack(0x0000007557000000,0x0000007557100000)]
  0x000001bcec5e68b0 JavaThread "Service Thread" daemon [_thread_blocked, id=6952, stack(0x0000007557100000,0x0000007557200000)]
  0x000001bcec5e61a0 JavaThread "Monitor Deflation Thread" daemon [_thread_blocked, id=5116, stack(0x0000007557200000,0x0000007557300000)]
  0x000001bcec5ed310 JavaThread "C1 CompilerThread0" daemon [_thread_blocked, id=7388, stack(0x0000007557300000,0x0000007557400000)]
  0x000001bcec5f9a20 JavaThread "Sweeper thread" daemon [_thread_blocked, id=10032, stack(0x0000007557400000,0x0000007557500000)]
  0x000001bcec5f94d0 JavaThread "Common-Cleaner" daemon [_thread_blocked, id=10372, stack(0x0000007557500000,0x0000007557600000)]
  0x000001bcf08b00f0 JavaThread "C1 CompilerThread1" daemon [_thread_blocked, id=10104, stack(0x0000007557600000,0x0000007557700000)]
  0x000001bcf08b46d0 JavaThread "C1 CompilerThread2" daemon [_thread_blocked, id=724, stack(0x0000007557700000,0x0000007557800000)]
  0x000001bcf08b5050 JavaThread "C1 CompilerThread3" daemon [_thread_blocked, id=12880, stack(0x0000007557800000,0x0000007557900000)]
  0x000001bcec5f84e0 JavaThread "Monitor Ctrl-Break" daemon [_thread_in_native, id=12684, stack(0x0000007557900000,0x0000007557a00000)]
  0x000001bcec5f8a30 JavaThread "Notification Thread" daemon [_thread_blocked, id=8748, stack(0x0000007557a00000,0x0000007557b00000)]

Other Threads:
  0x000001bcec5c0ab0 VMThread "VM Thread" [stack: 0x0000007556c00000,0x0000007556d00000] [id=14040]
  0x000001bcd7fcee40 WorkerThread "GC Thread#0" [stack: 0x0000007556700000,0x0000007556800000] [id=8720]
  0x000001bcd7fdfb90 ConcurrentGCThread "G1 Main Marker" [stack: 0x0000007556800000,0x0000007556900000] [id=9760]
  0x000001bcd7fe0c70 WorkerThread "G1 Conc#0" [stack: 0x0000007556900000,0x0000007556a00000] [id=15896]
  0x000001bcec477500 ConcurrentGCThread "G1 Refine#0" [stack: 0x0000007556a00000,0x0000007556b00000] [id=4876]
  0x000001bcec479b70 ConcurrentGCThread "G1 Service" [stack: 0x0000007556b00000,0x0000007556c00000] [id=18280]

Threads with active compile tasks:

VM state: not at safepoint (normal execution)

VM Mutex/Monitor currently owned by a thread:  ([mutex/lock_event])
[0x000001bcd7f6c420] Metaspace_lock - owner thread: 0x000001bcd7f71b20

Heap address: 0x0000000081600000, size: 2026 MB, Compressed Oops mode: 32-bit

CDS archive(s) mapped at: [0x0000000800000000-0x0000000800c40000-0x0000000800c40000), size 12845056, SharedBaseAddress: 0x0000000800000000, ArchiveRelocationMode: 0.
Compressed class space mapped at: 0x0000000801000000-0x0000000841000000, reserved size: 1073741824
Narrow klass base: 0x0000000800000000, Narrow klass shift: 0, Narrow klass range: 0x100000000

GC Precious Log:
 CardTable entry size: 512
 Card Set container configuration: InlinePtr #cards 5 size 8 Array Of Cards #cards 12 size 40 Howl #buckets 4 coarsen threshold 1843 Howl Bitmap #cards 512 size 80 coarsen threshold 460 Card regions per heap region 1 cards per card region 2048
 CPUs: 8 total, 8 available
 Memory: 8097M
 Large Page Support: Disabled
 NUMA Support: Disabled
 Compressed Oops: Enabled (32-bit)
 Heap Region Size: 1M
 Heap Min Capacity: 8M
 Heap Initial Capacity: 128M
 Heap Max Capacity: 2026M
 Pre-touch: Disabled
 Parallel Workers: 8
 Concurrent Workers: 2
 Concurrent Refinement Workers: 8
 Periodic GC: Disabled

Heap:
 garbage-first heap   total 131072K, used 14336K [0x0000000081600000, 0x0000000100000000)
  region size 1024K, 15 young (15360K), 0 survivors (0K)
 Metaspace       used 4357K, committed 4544K, reserved 1114112K
  class space    used 502K, committed 640K, reserved 1048576K

Heap Regions: E=young(eden), S=young(survivor), O=old, HS=humongous(starts), HC=humongous(continues), CS=collection set, F=free, OA=open archive, CA=closed archive, TAMS=top-at-mark-start (previous, next)
|   0|0x0000000081600000, 0x0000000081700000, 0x0000000081700000|100%|HS|  |TAMS 0x0000000081600000, 0x0000000081600000| Complete 
|   1|0x0000000081700000, 0x0000000081700000, 0x0000000081800000|  0%| F|  |TAMS 0x0000000081700000, 0x0000000081700000| Untracked 
|   2|0x0000000081800000, 0x0000000081800000, 0x0000000081900000|  0%| F|  |TAMS 0x0000000081800000, 0x0000000081800000| Untracked 
|   3|0x0000000081900000, 0x0000000081900000, 0x0000000081a00000|  0%| F|  |TAMS 0x0000000081900000, 0x0000000081900000| Untracked 
|   4|0x0000000081a00000, 0x0000000081a00000, 0x0000000081b00000|  0%| F|  |TAMS 0x0000000081a00000, 0x0000000081a00000| Untracked 
|   5|0x0000000081b00000, 0x0000000081b00000, 0x0000000081c00000|  0%| F|  |TAMS 0x0000000081b00000, 0x0000000081b00000| Untracked 
|   6|0x0000000081c00000, 0x0000000081c00000, 0x0000000081d00000|  0%| F|  |TAMS 0x0000000081c00000, 0x0000000081c00000| Untracked 
|   7|0x0000000081d00000, 0x0000000081d00000, 0x0000000081e00000|  0%| F|  |TAMS 0x0000000081d00000, 0x0000000081d00000| Untracked 
|   8|0x0000000081e00000, 0x0000000081e00000, 0x0000000081f00000|  0%| F|  |TAMS 0x0000000081e00000, 0x0000000081e00000| Untracked 
|   9|0x0000000081f00000, 0x0000000081f00000, 0x0000000082000000|  0%| F|  |TAMS 0x0000000081f00000, 0x0000000081f00000| Untracked 
|  10|0x0000000082000000, 0x0000000082000000, 0x0000000082100000|  0%| F|  |TAMS 0x0000000082000000, 0x0000000082000000| Untracked 
|  11|0x0000000082100000, 0x0000000082100000, 0x0000000082200000|  0%| F|  |TAMS 0x0000000082100000, 0x0000000082100000| Untracked 
|  12|0x0000000082200000, 0x0000000082200000, 0x0000000082300000|  0%| F|  |TAMS 0x0000000082200000, 0x0000000082200000| Untracked 
|  13|0x0000000082300000, 0x0000000082300000, 0x0000000082400000|  0%| F|  |TAMS 0x0000000082300000, 0x0000000082300000| Untracked 
|  14|0x0000000082400000, 0x0000000082400000, 0x0000000082500000|  0%| F|  |TAMS 0x0000000082400000, 0x0000000082400000| Untracked 
|  15|0x0000000082500000, 0x0000000082500000, 0x0000000082600000|  0%| F|  |TAMS 0x0000000082500000, 0x0000000082500000| Untracked 
|  16|0x0000000082600000, 0x0000000082600000, 0x0000000082700000|  0%| F|  |TAMS 0x0000000082600000, 0x0000000082600000| Untracked 
|  17|0x0000000082700000, 0x0000000082700000, 0x0000000082800000|  0%| F|  |TAMS 0x0000000082700000, 0x0000000082700000| Untracked 
|  18|0x0000000082800000, 0x0000000082800000, 0x0000000082900000|  0%| F|  |TAMS 0x0000000082800000, 0x0000000082800000| Untracked 
|  19|0x0000000082900000, 0x0000000082900000, 0x0000000082a00000|  0%| F|  |TAMS 0x0000000082900000, 0x0000000082900000| Untracked 
|  20|0x0000000082a00000, 0x0000000082a00000, 0x0000000082b00000|  0%| F|  |TAMS 0x0000000082a00000, 0x0000000082a00000| Untracked 
|  21|0x0000000082b00000, 0x0000000082b00000, 0x0000000082c00000|  0%| F|  |TAMS 0x0000000082b00000, 0x0000000082b00000| Untracked 
|  22|0x0000000082c00000, 0x0000000082c00000, 0x0000000082d00000|  0%| F|  |TAMS 0x0000000082c00000, 0x0000000082c00000| Untracked 
|  23|0x0000000082d00000, 0x0000000082d00000, 0x0000000082e00000|  0%| F|  |TAMS 0x0000000082d00000, 0x0000000082d00000| Untracked 
|  24|0x0000000082e00000, 0x0000000082e00000, 0x0000000082f00000|  0%| F|  |TAMS 0x0000000082e00000, 0x0000000082e00000| Untracked 
|  25|0x0000000082f00000, 0x0000000082f00000, 0x0000000083000000|  0%| F|  |TAMS 0x0000000082f00000, 0x0000000082f00000| Untracked 
|  26|0x0000000083000000, 0x0000000083000000, 0x0000000083100000|  0%| F|  |TAMS 0x0000000083000000, 0x0000000083000000| Untracked 
|  27|0x0000000083100000, 0x0000000083100000, 0x0000000083200000|  0%| F|  |TAMS 0x0000000083100000, 0x0000000083100000| Untracked 
|  28|0x0000000083200000, 0x0000000083200000, 0x0000000083300000|  0%| F|  |TAMS 0x0000000083200000, 0x0000000083200000| Untracked 
|  29|0x0000000083300000, 0x0000000083300000, 0x0000000083400000|  0%| F|  |TAMS 0x0000000083300000, 0x0000000083300000| Untracked 
|  30|0x0000000083400000, 0x0000000083400000, 0x0000000083500000|  0%| F|  |TAMS 0x0000000083400000, 0x0000000083400000| Untracked 
|  31|0x0000000083500000, 0x0000000083500000, 0x0000000083600000|  0%| F|  |TAMS 0x0000000083500000, 0x0000000083500000| Untracked 
|  32|0x0000000083600000, 0x0000000083600000, 0x0000000083700000|  0%| F|  |TAMS 0x0000000083600000, 0x0000000083600000| Untracked 
|  33|0x0000000083700000, 0x0000000083700000, 0x0000000083800000|  0%| F|  |TAMS 0x0000000083700000, 0x0000000083700000| Untracked 
|  34|0x0000000083800000, 0x0000000083800000, 0x0000000083900000|  0%| F|  |TAMS 0x0000000083800000, 0x0000000083800000| Untracked 
|  35|0x0000000083900000, 0x0000000083900000, 0x0000000083a00000|  0%| F|  |TAMS 0x0000000083900000, 0x0000000083900000| Untracked 
|  36|0x0000000083a00000, 0x0000000083a00000, 0x0000000083b00000|  0%| F|  |TAMS 0x0000000083a00000, 0x0000000083a00000| Untracked 
|  37|0x0000000083b00000, 0x0000000083b00000, 0x0000000083c00000|  0%| F|  |TAMS 0x0000000083b00000, 0x0000000083b00000| Untracked 
|  38|0x0000000083c00000, 0x0000000083c00000, 0x0000000083d00000|  0%| F|  |TAMS 0x0000000083c00000, 0x0000000083c00000| Untracked 
|  39|0x0000000083d00000, 0x0000000083d00000, 0x0000000083e00000|  0%| F|  |TAMS 0x0000000083d00000, 0x0000000083d00000| Untracked 
|  40|0x0000000083e00000, 0x0000000083e00000, 0x0000000083f00000|  0%| F|  |TAMS 0x0000000083e00000, 0x0000000083e00000| Untracked 
|  41|0x0000000083f00000, 0x0000000083f00000, 0x0000000084000000|  0%| F|  |TAMS 0x0000000083f00000, 0x0000000083f00000| Untracked 
|  42|0x0000000084000000, 0x0000000084000000, 0x0000000084100000|  0%| F|  |TAMS 0x0000000084000000, 0x0000000084000000| Untracked 
|  43|0x0000000084100000, 0x0000000084100000, 0x0000000084200000|  0%| F|  |TAMS 0x0000000084100000, 0x0000000084100000| Untracked 
|  44|0x0000000084200000, 0x0000000084200000, 0x0000000084300000|  0%| F|  |TAMS 0x0000000084200000, 0x0000000084200000| Untracked 
|  45|0x0000000084300000, 0x0000000084300000, 0x0000000084400000|  0%| F|  |TAMS 0x0000000084300000, 0x0000000084300000| Untracked 
|  46|0x0000000084400000, 0x0000000084400000, 0x0000000084500000|  0%| F|  |TAMS 0x0000000084400000, 0x0000000084400000| Untracked 
|  47|0x0000000084500000, 0x0000000084500000, 0x0000000084600000|  0%| F|  |TAMS 0x0000000084500000, 0x0000000084500000| Untracked 
|  48|0x0000000084600000, 0x0000000084600000, 0x0000000084700000|  0%| F|  |TAMS 0x0000000084600000, 0x0000000084600000| Untracked 
|  49|0x0000000084700000, 0x0000000084700000, 0x0000000084800000|  0%| F|  |TAMS 0x0000000084700000, 0x0000000084700000| Untracked 
|  50|0x0000000084800000, 0x0000000084800000, 0x0000000084900000|  0%| F|  |TAMS 0x0000000084800000, 0x0000000084800000| Untracked 
|  51|0x0000000084900000, 0x0000000084900000, 0x0000000084a00000|  0%| F|  |TAMS 0x0000000084900000, 0x0000000084900000| Untracked 
|  52|0x0000000084a00000, 0x0000000084a00000, 0x0000000084b00000|  0%| F|  |TAMS 0x0000000084a00000, 0x0000000084a00000| Untracked 
|  53|0x0000000084b00000, 0x0000000084b00000, 0x0000000084c00000|  0%| F|  |TAMS 0x0000000084b00000, 0x0000000084b00000| Untracked 
|  54|0x0000000084c00000, 0x0000000084c00000, 0x0000000084d00000|  0%| F|  |TAMS 0x0000000084c00000, 0x0000000084c00000| Untracked 
|  55|0x0000000084d00000, 0x0000000084d00000, 0x0000000084e00000|  0%| F|  |TAMS 0x0000000084d00000, 0x0000000084d00000| Untracked 
|  56|0x0000000084e00000, 0x0000000084e00000, 0x0000000084f00000|  0%| F|  |TAMS 0x0000000084e00000, 0x0000000084e00000| Untracked 
|  57|0x0000000084f00000, 0x0000000084f00000, 0x0000000085000000|  0%| F|  |TAMS 0x0000000084f00000, 0x0000000084f00000| Untracked 
|  58|0x0000000085000000, 0x0000000085000000, 0x0000000085100000|  0%| F|  |TAMS 0x0000000085000000, 0x0000000085000000| Untracked 
|  59|0x0000000085100000, 0x0000000085100000, 0x0000000085200000|  0%| F|  |TAMS 0x0000000085100000, 0x0000000085100000| Untracked 
|  60|0x0000000085200000, 0x0000000085200000, 0x0000000085300000|  0%| F|  |TAMS 0x0000000085200000, 0x0000000085200000| Untracked 
|  61|0x0000000085300000, 0x0000000085300000, 0x0000000085400000|  0%| F|  |TAMS 0x0000000085300000, 0x0000000085300000| Untracked 
|  62|0x0000000085400000, 0x0000000085400000, 0x0000000085500000|  0%| F|  |TAMS 0x0000000085400000, 0x0000000085400000| Untracked 
|  63|0x0000000085500000, 0x0000000085500000, 0x0000000085600000|  0%| F|  |TAMS 0x0000000085500000, 0x0000000085500000| Untracked 
|  64|0x0000000085600000, 0x0000000085600000, 0x0000000085700000|  0%| F|  |TAMS 0x0000000085600000, 0x0000000085600000| Untracked 
|  65|0x0000000085700000, 0x0000000085700000, 0x0000000085800000|  0%| F|  |TAMS 0x0000000085700000, 0x0000000085700000| Untracked 
|  66|0x0000000085800000, 0x0000000085800000, 0x0000000085900000|  0%| F|  |TAMS 0x0000000085800000, 0x0000000085800000| Untracked 
|  67|0x0000000085900000, 0x0000000085900000, 0x0000000085a00000|  0%| F|  |TAMS 0x0000000085900000, 0x0000000085900000| Untracked 
|  68|0x0000000085a00000, 0x0000000085a00000, 0x0000000085b00000|  0%| F|  |TAMS 0x0000000085a00000, 0x0000000085a00000| Untracked 
|  69|0x0000000085b00000, 0x0000000085b00000, 0x0000000085c00000|  0%| F|  |TAMS 0x0000000085b00000, 0x0000000085b00000| Untracked 
|  70|0x0000000085c00000, 0x0000000085c00000, 0x0000000085d00000|  0%| F|  |TAMS 0x0000000085c00000, 0x0000000085c00000| Untracked 
|  71|0x0000000085d00000, 0x0000000085d00000, 0x0000000085e00000|  0%| F|  |TAMS 0x0000000085d00000, 0x0000000085d00000| Untracked 
|  72|0x0000000085e00000, 0x0000000085e00000, 0x0000000085f00000|  0%| F|  |TAMS 0x0000000085e00000, 0x0000000085e00000| Untracked 
|  73|0x0000000085f00000, 0x0000000085f00000, 0x0000000086000000|  0%| F|  |TAMS 0x0000000085f00000, 0x0000000085f00000| Untracked 
|  74|0x0000000086000000, 0x0000000086000000, 0x0000000086100000|  0%| F|  |TAMS 0x0000000086000000, 0x0000000086000000| Untracked 
|  75|0x0000000086100000, 0x0000000086100000, 0x0000000086200000|  0%| F|  |TAMS 0x0000000086100000, 0x0000000086100000| Untracked 
|  76|0x0000000086200000, 0x0000000086200000, 0x0000000086300000|  0%| F|  |TAMS 0x0000000086200000, 0x0000000086200000| Untracked 
|  77|0x0000000086300000, 0x0000000086300000, 0x0000000086400000|  0%| F|  |TAMS 0x0000000086300000, 0x0000000086300000| Untracked 
|  78|0x0000000086400000, 0x0000000086400000, 0x0000000086500000|  0%| F|  |TAMS 0x0000000086400000, 0x0000000086400000| Untracked 
|  79|0x0000000086500000, 0x0000000086500000, 0x0000000086600000|  0%| F|  |TAMS 0x0000000086500000, 0x0000000086500000| Untracked 
|  80|0x0000000086600000, 0x0000000086600000, 0x0000000086700000|  0%| F|  |TAMS 0x0000000086600000, 0x0000000086600000| Untracked 
|  81|0x0000000086700000, 0x0000000086700000, 0x0000000086800000|  0%| F|  |TAMS 0x0000000086700000, 0x0000000086700000| Untracked 
|  82|0x0000000086800000, 0x0000000086800000, 0x0000000086900000|  0%| F|  |TAMS 0x0000000086800000, 0x0000000086800000| Untracked 
|  83|0x0000000086900000, 0x0000000086900000, 0x0000000086a00000|  0%| F|  |TAMS 0x0000000086900000, 0x0000000086900000| Untracked 
|  84|0x0000000086a00000, 0x0000000086a00000, 0x0000000086b00000|  0%| F|  |TAMS 0x0000000086a00000, 0x0000000086a00000| Untracked 
|  85|0x0000000086b00000, 0x0000000086b00000, 0x0000000086c00000|  0%| F|  |TAMS 0x0000000086b00000, 0x0000000086b00000| Untracked 
|  86|0x0000000086c00000, 0x0000000086c00000, 0x0000000086d00000|  0%| F|  |TAMS 0x0000000086c00000, 0x0000000086c00000| Untracked 
|  87|0x0000000086d00000, 0x0000000086d00000, 0x0000000086e00000|  0%| F|  |TAMS 0x0000000086d00000, 0x0000000086d00000| Untracked 
|  88|0x0000000086e00000, 0x0000000086e00000, 0x0000000086f00000|  0%| F|  |TAMS 0x0000000086e00000, 0x0000000086e00000| Untracked 
|  89|0x0000000086f00000, 0x0000000086f00000, 0x0000000087000000|  0%| F|  |TAMS 0x0000000086f00000, 0x0000000086f00000| Untracked 
|  90|0x0000000087000000, 0x0000000087000000, 0x0000000087100000|  0%| F|  |TAMS 0x0000000087000000, 0x0000000087000000| Untracked 
|  91|0x0000000087100000, 0x0000000087100000, 0x0000000087200000|  0%| F|  |TAMS 0x0000000087100000, 0x0000000087100000| Untracked 
|  92|0x0000000087200000, 0x0000000087200000, 0x0000000087300000|  0%| F|  |TAMS 0x0000000087200000, 0x0000000087200000| Untracked 
|  93|0x0000000087300000, 0x0000000087300000, 0x0000000087400000|  0%| F|  |TAMS 0x0000000087300000, 0x0000000087300000| Untracked 
|  94|0x0000000087400000, 0x0000000087400000, 0x0000000087500000|  0%| F|  |TAMS 0x0000000087400000, 0x0000000087400000| Untracked 
|  95|0x0000000087500000, 0x0000000087500000, 0x0000000087600000|  0%| F|  |TAMS 0x0000000087500000, 0x0000000087500000| Untracked 
|  96|0x0000000087600000, 0x0000000087600000, 0x0000000087700000|  0%| F|  |TAMS 0x0000000087600000, 0x0000000087600000| Untracked 
|  97|0x0000000087700000, 0x0000000087700000, 0x0000000087800000|  0%| F|  |TAMS 0x0000000087700000, 0x0000000087700000| Untracked 
|  98|0x0000000087800000, 0x0000000087800000, 0x0000000087900000|  0%| F|  |TAMS 0x0000000087800000, 0x0000000087800000| Untracked 
|  99|0x0000000087900000, 0x0000000087900000, 0x0000000087a00000|  0%| F|  |TAMS 0x0000000087900000, 0x0000000087900000| Untracked 
| 100|0x0000000087a00000, 0x0000000087a00000, 0x0000000087b00000|  0%| F|  |TAMS 0x0000000087a00000, 0x0000000087a00000| Untracked 
| 101|0x0000000087b00000, 0x0000000087b00000, 0x0000000087c00000|  0%| F|  |TAMS 0x0000000087b00000, 0x0000000087b00000| Untracked 
| 102|0x0000000087c00000, 0x0000000087c00000, 0x0000000087d00000|  0%| F|  |TAMS 0x0000000087c00000, 0x0000000087c00000| Untracked 
| 103|0x0000000087d00000, 0x0000000087d00000, 0x0000000087e00000|  0%| F|  |TAMS 0x0000000087d00000, 0x0000000087d00000| Untracked 
| 104|0x0000000087e00000, 0x0000000087e00000, 0x0000000087f00000|  0%| F|  |TAMS 0x0000000087e00000, 0x0000000087e00000| Untracked 
| 105|0x0000000087f00000, 0x0000000087f00000, 0x0000000088000000|  0%| F|  |TAMS 0x0000000087f00000, 0x0000000087f00000| Untracked 
| 106|0x0000000088000000, 0x0000000088000000, 0x0000000088100000|  0%| F|  |TAMS 0x0000000088000000, 0x0000000088000000| Untracked 
| 107|0x0000000088100000, 0x0000000088100000, 0x0000000088200000|  0%| F|  |TAMS 0x0000000088100000, 0x0000000088100000| Untracked 
| 108|0x0000000088200000, 0x0000000088200000, 0x0000000088300000|  0%| F|  |TAMS 0x0000000088200000, 0x0000000088200000| Untracked 
| 109|0x0000000088300000, 0x0000000088300000, 0x0000000088400000|  0%| F|  |TAMS 0x0000000088300000, 0x0000000088300000| Untracked 
| 110|0x0000000088400000, 0x0000000088400000, 0x0000000088500000|  0%| F|  |TAMS 0x0000000088400000, 0x0000000088400000| Untracked 
| 111|0x0000000088500000, 0x0000000088500000, 0x0000000088600000|  0%| F|  |TAMS 0x0000000088500000, 0x0000000088500000| Untracked 
| 112|0x0000000088600000, 0x0000000088600000, 0x0000000088700000|  0%| F|  |TAMS 0x0000000088600000, 0x0000000088600000| Untracked 
| 113|0x0000000088700000, 0x00000000887ec0e0, 0x0000000088800000| 92%| E|  |TAMS 0x0000000088700000, 0x0000000088700000| Complete 
| 114|0x0000000088800000, 0x0000000088900000, 0x0000000088900000|100%| E|CS|TAMS 0x0000000088800000, 0x0000000088800000| Complete 
| 115|0x0000000088900000, 0x0000000088a00000, 0x0000000088a00000|100%| E|CS|TAMS 0x0000000088900000, 0x0000000088900000| Complete 
| 116|0x0000000088a00000, 0x0000000088b00000, 0x0000000088b00000|100%| E|CS|TAMS 0x0000000088a00000, 0x0000000088a00000| Complete 
| 117|0x0000000088b00000, 0x0000000088c00000, 0x0000000088c00000|100%| E|CS|TAMS 0x0000000088b00000, 0x0000000088b00000| Complete 
| 118|0x0000000088c00000, 0x0000000088d00000, 0x0000000088d00000|100%| E|CS|TAMS 0x0000000088c00000, 0x0000000088c00000| Complete 
| 119|0x0000000088d00000, 0x0000000088e00000, 0x0000000088e00000|100%| E|CS|TAMS 0x0000000088d00000, 0x0000000088d00000| Complete 
| 120|0x0000000088e00000, 0x0000000088f00000, 0x0000000088f00000|100%| E|CS|TAMS 0x0000000088e00000, 0x0000000088e00000| Complete 
| 121|0x0000000088f00000, 0x0000000089000000, 0x0000000089000000|100%| E|CS|TAMS 0x0000000088f00000, 0x0000000088f00000| Complete 
| 122|0x0000000089000000, 0x0000000089100000, 0x0000000089100000|100%| E|CS|TAMS 0x0000000089000000, 0x0000000089000000| Complete 
| 123|0x0000000089100000, 0x0000000089200000, 0x0000000089200000|100%| E|CS|TAMS 0x0000000089100000, 0x0000000089100000| Complete 
| 124|0x0000000089200000, 0x0000000089300000, 0x0000000089300000|100%| E|  |TAMS 0x0000000089200000, 0x0000000089200000| Complete 
| 125|0x0000000089300000, 0x0000000089400000, 0x0000000089400000|100%| E|CS|TAMS 0x0000000089300000, 0x0000000089300000| Complete 
| 126|0x0000000089400000, 0x0000000089500000, 0x0000000089500000|100%| E|CS|TAMS 0x0000000089400000, 0x0000000089400000| Complete 
| 127|0x0000000089500000, 0x0000000089600000, 0x0000000089600000|100%| E|CS|TAMS 0x0000000089500000, 0x0000000089500000| Complete 

Card table byte_map: [0x000001bce53c0000,0x000001bce57c0000] _byte_map_base: 0x000001bce4fb5000

Marking Bits (Prev, Next): (CMBitMap*) 0x000001bcd7fcf380, (CMBitMap*) 0x000001bcd7fcf3c0
 Prev Bits: [0x000001bce5bc0000, 0x000001bce7b68000)
 Next Bits: [0x000001bce7b70000, 0x000001bce9b18000)

Polling page: 0x000001bcd8030000

Metaspace:

Usage:
  Non-class:      3.76 MB used.
      Class:    502.79 KB used.
       Both:      4.26 MB used.

Virtual space:
  Non-class space:       64.00 MB reserved,       3.81 MB (  6%) committed,  1 nodes.
      Class space:        1.00 GB reserved,     640.00 KB ( <1%) committed,  1 nodes.
             Both:        1.06 GB reserved,       4.44 MB ( <1%) committed. 

Chunk freelists:
   Non-Class:  3.89 MB
       Class:  3.25 MB
        Both:  7.14 MB

MaxMetaspaceSize: unlimited
CompressedClassSpaceSize: 1.00 GB
Initial GC threshold: 21.00 MB
Current GC threshold: 21.00 MB
CDS: on
MetaspaceReclaimPolicy: balanced
 - commit_granule_bytes: 65536.
 - commit_granule_words: 8192.
 - virtual_space_node_default_size: 8388608.
 - enlarge_chunks_in_place: 1.
 - new_chunks_are_fully_committed: 0.
 - uncommit_free_chunks: 1.
 - use_allocation_guard: 0.


Internal statistics:

num_allocs_failed_limit: 0.
num_arena_births: 106.
num_arena_deaths: 0.
num_vsnodes_births: 2.
num_vsnodes_deaths: 0.
num_space_committed: 71.
num_space_uncommitted: 0.
num_chunks_returned_to_freelist: 0.
num_chunks_taken_from_freelist: 115.
num_chunk_merges: 0.
num_chunk_splits: 80.
num_chunks_enlarged: 51.
num_inconsistent_stats: 0.

CodeCache: size=49152Kb used=4042Kb max_used=4042Kb free=45109Kb
 bounds [0x000001bce16e0000, 0x000001bce1ae0000, 0x000001bce46e0000]
 total_blobs=1335 nmethods=886 adapters=372
 compilation: disabled (not enough contiguous free space left)
              stopped_count=1, restarted_count=0
 full_count=1

Compilation events (20 events):
Event: 0.660 Thread 0x000001bcf08b5050 nmethod 873 0x000001bce1acc390 code [0x000001bce1acc5c0, 0x000001bce1acc898]
Event: 0.660 Thread 0x000001bcf08b46d0 nmethod 874 0x000001bce1accb10 code [0x000001bce1acccc0, 0x000001bce1acce78]
Event: 0.664 Thread 0x000001bcf08b46d0  876       1       java.util.Objects::hashCode (13 bytes)
Event: 0.664 Thread 0x000001bcf08b46d0 nmethod 876 0x000001bce1acd690 code [0x000001bce1acd840, 0x000001bce1acd948]
Event: 0.664 Thread 0x000001bcf08b46d0  878       1       java.util.concurrent.locks.AbstractQueuedSynchronizer::getState (5 bytes)
Event: 0.664 Thread 0x000001bcf08b46d0 nmethod 878 0x000001bce1acde10 code [0x000001bce1acdfa0, 0x000001bce1ace058]
Event: 0.665 Thread 0x000001bcf08b46d0  879       1       java.util.IdentityHashMap::containsKey (55 bytes)
Event: 0.665 Thread 0x000001bcf08b5050  880  s!   1       com.sun.jmx.mbeanserver.DefaultMXBeanMappingFactory::mappingForType (110 bytes)
Event: 0.665 Thread 0x000001bcec5ed310  881  s    1       com.sun.jmx.mbeanserver.DefaultMXBeanMappingFactory::getMapping (27 bytes)
Event: 0.665 Thread 0x000001bcf08b46d0 nmethod 879 0x000001bce1ace110 code [0x000001bce1ace2c0, 0x000001bce1ace468]
Event: 0.665 Thread 0x000001bcec5ed310 nmethod 881 0x000001bce1ace590 code [0x000001bce1ace740, 0x000001bce1ace988]
Event: 0.666 Thread 0x000001bcec5ed310  882       1       java.lang.Integer::stringSize (47 bytes)
Event: 0.666 Thread 0x000001bcf08b46d0  883       1       java.lang.Integer::getChars (121 bytes)
Event: 0.666 Thread 0x000001bcf08b00f0  884       1       java.lang.StringConcatHelper::newString (67 bytes)
Event: 0.666 Thread 0x000001bcf08b5050 nmethod 880 0x000001bce1acea90 code [0x000001bce1aced40, 0x000001bce1acf708]
Event: 0.666 Thread 0x000001bcf08b5050  885       1       java.lang.reflect.Method::getAnnotationBytes (5 bytes)
Event: 0.666 Thread 0x000001bcec5ed310 

Event: 0.666 Thread 0x000001bcf08b5050 nmethod 885 0x000001bce1acfd90 code [0x000001bce1acff20, 0x000001bce1acffd8]
Event: 0.666 Thread 0x000001bcf08b46d0 nmethod 883 0x000001bce1ad0090 code [0x000001bce1ad0240, 0x000001bce1ad04f8]
Event: 0.666 Thread 0x000001bcf08b00f0 nmethod 884 0x000001bce1ad0710 code [0x000001bce1ad0920, 0x000001bce1ad0dd8]

GC Heap History (0 events):
No events

Dll operation events (12 events):
Event: 0.009 Loaded shared library C:\Users\ADMIN\.jdks\openjdk-19\bin\java.dll
Event: 0.021 Loaded shared library C:\Users\ADMIN\.jdks\openjdk-19\bin\jsvml.dll
Event: 0.264 Loaded shared library C:\Users\ADMIN\.jdks\openjdk-19\bin\zip.dll
Event: 0.271 Loaded shared library C:\Users\ADMIN\.jdks\openjdk-19\bin\instrument.dll
Event: 0.279 Loaded shared library C:\Users\ADMIN\.jdks\openjdk-19\bin\net.dll
Event: 0.282 Loaded shared library C:\Users\ADMIN\.jdks\openjdk-19\bin\nio.dll
Event: 0.286 Loaded shared library C:\Users\ADMIN\.jdks\openjdk-19\bin\zip.dll
Event: 0.379 Loaded shared library C:\Program Files\JetBrains\IntelliJ IDEA 2022.2.2\bin\breakgen64.dll
Event: 0.389 Loaded shared library C:\Users\ADMIN\.jdks\openjdk-19\bin\jimage.dll
Event: 0.392 Loaded shared library C:\Users\ADMIN\.jdks\openjdk-19\bin\extnet.dll
Event: 0.417 Loaded shared library C:\Users\ADMIN\.jdks\openjdk-19\bin\management.dll
Event: 0.445 Loaded shared library C:\Users\ADMIN\.jdks\openjdk-19\bin\management_ext.dll

Deoptimization events (4 events):
Event: 0.636 Thread 0x000001bcd7f71b20 DEOPT PACKING pc=0x000001bce1aa3855 sp=0x00000075566fce10
Event: 0.636 Thread 0x000001bcd7f71b20 DEOPT UNPACKING pc=0x000001bce1747543 sp=0x00000075566fc2c0 mode 3
Event: 0.651 Thread 0x000001bcd7f71b20 DEOPT PACKING pc=0x000001bce1abc150 sp=0x00000075566fcde0
Event: 0.651 Thread 0x000001bcd7f71b20 DEOPT UNPACKING pc=0x000001bce1747543 sp=0x00000075566fc298 mode 3

Classes loaded (20 events):
Event: 0.889 Loading class java/util/concurrent/ThreadPoolExecutor
Event: 0.890 Loading class java/util/concurrent/ThreadPoolExecutor done
Event: 0.890 Loading class java/util/concurrent/ThreadPoolExecutor$AbortPolicy
Event: 0.890 Loading class java/util/concurrent/RejectedExecutionHandler
Event: 0.890 Loading class java/util/concurrent/RejectedExecutionHandler done
Event: 0.890 Loading class java/util/concurrent/ThreadPoolExecutor$AbortPolicy done
Event: 0.890 Loading class java/util/concurrent/SynchronousQueue
Event: 0.890 Loading class java/util/concurrent/BlockingQueue
Event: 0.890 Loading class java/util/concurrent/BlockingQueue done
Event: 0.890 Loading class java/util/AbstractQueue
Event: 0.890 Loading class java/util/AbstractQueue done
Event: 0.890 Loading class java/util/concurrent/SynchronousQueue done
Event: 0.890 Loading class java/util/concurrent/SynchronousQueue$TransferStack
Event: 0.890 Loading class java/util/concurrent/SynchronousQueue$Transferer
Event: 0.890 Loading class java/util/concurrent/SynchronousQueue$Transferer done
Event: 0.890 Loading class java/util/concurrent/SynchronousQueue$TransferStack done
Event: 0.890 Loading class java/util/concurrent/SynchronousQueue$TransferStack$SNode
Event: 0.890 Loading class java/util/concurrent/SynchronousQueue$TransferStack$SNode done
Event: 0.890 Loading class sun/rmi/transport/tcp/TCPTransport$1
Event: 0.891 Loading class sun/rmi/transport/tcp/TCPTransport$1 done

Classes unloaded (0 events):
No events

Classes redefined (0 events):
No events

Internal exceptions (11 events):
Event: 0.367 Thread 0x000001bcd7f71b20 Exception <a 'java/lang/NoSuchMethodError'{0x0000000088d0b9e8}: 'void java.lang.invoke.DirectMethodHandle$Holder.invokeStatic(java.lang.Object, java.lang.Object, java.lang.Object)'> (0x0000000088d0b9e8) 
thrown [s\open\src\hotspot\share\interpreter\linkResolver.cpp, line 774]
Event: 0.372 Thread 0x000001bcd7f71b20 Exception <a 'java/lang/NoSuchMethodError'{0x0000000088d23fe0}: 'java.lang.Object java.lang.invoke.Invokers$Holder.invokeExact_MT(java.lang.Object, java.lang.Object, java.lang.Object, java.lang.Object, java.lang.Object)'> (0x0000000088d23fe0) 
thrown [s\open\src\hotspot\share\interpreter\linkResolver.cpp, line 774]
Event: 0.394 Thread 0x000001bcec5f84e0 Exception <a 'java/lang/NoSuchMethodError'{0x0000000088d7fdd8}: 'void java.lang.invoke.DirectMethodHandle$Holder.invokeStatic(java.lang.Object, java.lang.Object)'> (0x0000000088d7fdd8) 
thrown [s\open\src\hotspot\share\interpreter\linkResolver.cpp, line 774]
Event: 0.415 Thread 0x000001bcd7f71b20 Exception <a 'java/lang/NoSuchMethodError'{0x0000000088d54ea0}: 'java.lang.Object java.lang.invoke.DirectMethodHandle$Holder.invokeStaticInit(java.lang.Object)'> (0x0000000088d54ea0) 
thrown [s\open\src\hotspot\share\interpreter\linkResolver.cpp, line 774]
Event: 0.450 Thread 0x000001bcd7f71b20 Exception <a 'java/lang/NoSuchMethodError'{0x0000000088d6b5b8}: 'int java.lang.invoke.DirectMethodHandle$Holder.invokeInterface(java.lang.Object, java.lang.Object)'> (0x0000000088d6b5b8) 
thrown [s\open\src\hotspot\share\interpreter\linkResolver.cpp, line 774]
Event: 0.451 Thread 0x000001bcd7f71b20 Exception <a 'java/lang/IncompatibleClassChangeError'{0x0000000088d6ebb8}: Found class java.lang.Object, but interface was expected> (0x0000000088d6ebb8) 
thrown [s\open\src\hotspot\share\interpreter\linkResolver.cpp, line 841]
Event: 0.545 Thread 0x000001bcd7f71b20 Exception <a 'java/lang/NoSuchMethodError'{0x0000000088cc5350}: 'int java.lang.invoke.DirectMethodHandle$Holder.invokeSpecial(java.lang.Object, java.lang.Object, java.lang.Object)'> (0x0000000088cc5350) 
thrown [s\open\src\hotspot\share\interpreter\linkResolver.cpp, line 774]
Event: 0.594 Thread 0x000001bcd7f71b20 Exception <a 'java/lang/NoSuchMethodError'{0x0000000088b6f370}: 'java.lang.Object java.lang.invoke.DirectMethodHandle$Holder.invokeStaticInit(java.lang.Object, java.lang.Object, java.lang.Object)'> (0x0000000088b6f370) 
thrown [s\open\src\hotspot\share\interpreter\linkResolver.cpp, line 774]
Event: 0.689 Thread 0x000001bcd7f71b20 Exception <a 'java/lang/NoSuchMethodError'{0x0000000088861e88}: 'int java.lang.invoke.DirectMethodHandle$Holder.invokeSpecialIFC(java.lang.Object, java.lang.Object, java.lang.Object)'> (0x0000000088861e88) 
thrown [s\open\src\hotspot\share\interpreter\linkResolver.cpp, line 774]
Event: 0.723 Thread 0x000001bcd7f71b20 Exception <a 'java/lang/NoSuchMethodError'{0x00000000888d7c60}: 'java.lang.Object java.lang.invoke.DirectMethodHandle$Holder.invokeStaticInit(java.lang.Object, int, int, int, int)'> (0x00000000888d7c60) 
thrown [s\open\src\hotspot\share\interpreter\linkResolver.cpp, line 774]
Event: 0.873 Thread 0x000001bcd7f71b20 Exception <a 'java/lang/NoSuchMethodError'{0x000000008879d528}: 'java.lang.Object java.lang.invoke.DirectMethodHandle$Holder.invokeStaticInit(java.lang.Object, java.lang.Object, int, int, int, int)'> (0x000000008879d528) 
thrown [s\open\src\hotspot\share\interpreter\linkResolver.cpp, line 774]

VM Operations (4 events):
Event: 0.382 Executing VM operation: HandshakeAllThreads
Event: 0.383 Executing VM operation: HandshakeAllThreads done
Event: 0.459 Executing VM operation: HandshakeAllThreads
Event: 0.459 Executing VM operation: HandshakeAllThreads done

Events (15 events):
Event: 0.021 Thread 0x000001bcd7f71b20 Thread added: 0x000001bcd7f71b20
Event: 0.042 Thread 0x000001bcec5dc2b0 Thread added: 0x000001bcec5dc2b0
Event: 0.042 Thread 0x000001bcec5dccb0 Thread added: 0x000001bcec5dccb0
Event: 0.043 Thread 0x000001bcec5df5b0 Thread added: 0x000001bcec5df5b0
Event: 0.043 Thread 0x000001bcec5dfdb0 Thread added: 0x000001bcec5dfdb0
Event: 0.043 Thread 0x000001bcec5e68b0 Thread added: 0x000001bcec5e68b0
Event: 0.043 Thread 0x000001bcec5e61a0 Thread added: 0x000001bcec5e61a0
Event: 0.043 Thread 0x000001bcec5ed310 Thread added: 0x000001bcec5ed310
Event: 0.043 Thread 0x000001bcec5f9a20 Thread added: 0x000001bcec5f9a20
Event: 0.226 Thread 0x000001bcec5f94d0 Thread added: 0x000001bcec5f94d0
Event: 0.244 Thread 0x000001bcf08b00f0 Thread added: 0x000001bcf08b00f0
Event: 0.244 Thread 0x000001bcf08b46d0 Thread added: 0x000001bcf08b46d0
Event: 0.244 Thread 0x000001bcf08b5050 Thread added: 0x000001bcf08b5050
Event: 0.379 Thread 0x000001bcec5f84e0 Thread added: 0x000001bcec5f84e0
Event: 0.379 Thread 0x000001bcec5f8a30 Thread added: 0x000001bcec5f8a30


Dynamic libraries:
0x00007ff7841b0000 - 0x00007ff7841be000 	C:\Users\ADMIN\.jdks\openjdk-19\bin\java.exe
0x00007fff37b90000 - 0x00007fff37d88000 	C:\WINDOWS\SYSTEM32\ntdll.dll
0x00007fff36120000 - 0x00007fff361dd000 	C:\WINDOWS\System32\KERNEL32.DLL
0x00007fff355d0000 - 0x00007fff358a2000 	C:\WINDOWS\System32\KERNELBASE.dll
0x00007fff354d0000 - 0x00007fff355d0000 	C:\WINDOWS\System32\ucrtbase.dll
0x00007fff28c10000 - 0x00007fff28c27000 	C:\Users\ADMIN\.jdks\openjdk-19\bin\jli.dll
0x00007fff28c30000 - 0x00007fff28c4b000 	C:\Users\ADMIN\.jdks\openjdk-19\bin\VCRUNTIME140.dll
0x00007fff377b0000 - 0x00007fff3794d000 	C:\WINDOWS\System32\USER32.dll
0x00007fff27a60000 - 0x00007fff27cfa000 	C:\WINDOWS\WinSxS\amd64_microsoft.windows.common-controls_6595b64144ccf1df_6.0.19041.1110_none_60b5254171f9507e\COMCTL32.dll
0x00007fff35330000 - 0x00007fff35352000 	C:\WINDOWS\System32\win32u.dll
0x00007fff35d30000 - 0x00007fff35dce000 	C:\WINDOWS\System32\msvcrt.dll
0x00007fff37a70000 - 0x00007fff37a9b000 	C:\WINDOWS\System32\GDI32.dll
0x00007fff35950000 - 0x00007fff35a5f000 	C:\WINDOWS\System32\gdi32full.dll
0x00007fff358b0000 - 0x00007fff3594d000 	C:\WINDOWS\System32\msvcp_win.dll
0x00007fff35f80000 - 0x00007fff35fb0000 	C:\WINDOWS\System32\IMM32.DLL
0x00007fff28c00000 - 0x00007fff28c0c000 	C:\Users\ADMIN\.jdks\openjdk-19\bin\vcruntime140_1.dll
0x00007fff1e330000 - 0x00007fff1e3be000 	C:\Users\ADMIN\.jdks\openjdk-19\bin\msvcp140.dll
0x00007ffedb590000 - 0x00007ffedc250000 	C:\Users\ADMIN\.jdks\openjdk-19\bin\server\jvm.dll
0x00007fff35c80000 - 0x00007fff35d2e000 	C:\WINDOWS\System32\ADVAPI32.dll
0x00007fff362a0000 - 0x00007fff3633c000 	C:\WINDOWS\System32\sechost.dll
0x00007fff37340000 - 0x00007fff37465000 	C:\WINDOWS\System32\RPCRT4.dll
0x00007fff31040000 - 0x00007fff31049000 	C:\WINDOWS\SYSTEM32\WSOCK32.dll
0x00007fff2ed70000 - 0x00007fff2ed7a000 	C:\WINDOWS\SYSTEM32\VERSION.dll
0x00007fff2d3f0000 - 0x00007fff2d417000 	C:\WINDOWS\SYSTEM32\WINMM.dll
0x00007fff35fb0000 - 0x00007fff3601b000 	C:\WINDOWS\System32\WS2_32.dll
0x00007fff333d0000 - 0x00007fff333e2000 	C:\WINDOWS\SYSTEM32\kernel.appcore.dll
0x00007fff28bf0000 - 0x00007fff28bfa000 	C:\Users\ADMIN\.jdks\openjdk-19\bin\jimage.dll
0x00007fff225d0000 - 0x00007fff227b4000 	C:\WINDOWS\SYSTEM32\DBGHELP.DLL
0x00007fff1b9a0000 - 0x00007fff1b9cc000 	C:\WINDOWS\SYSTEM32\dbgcore.DLL
0x00007fff35bf0000 - 0x00007fff35c72000 	C:\WINDOWS\System32\bcryptPrimitives.dll
0x00007fff31020000 - 0x00007fff3102e000 	C:\Users\ADMIN\.jdks\openjdk-19\bin\instrument.dll
0x00007fff248e0000 - 0x00007fff24906000 	C:\Users\ADMIN\.jdks\openjdk-19\bin\java.dll
0x00007ffee0a70000 - 0x00007ffee0b47000 	C:\Users\ADMIN\.jdks\openjdk-19\bin\jsvml.dll
0x00007fff367b0000 - 0x00007fff36ef3000 	C:\WINDOWS\System32\SHELL32.dll
0x00007fff333f0000 - 0x00007fff33b81000 	C:\WINDOWS\SYSTEM32\windows.storage.dll
0x00007fff36f00000 - 0x00007fff37254000 	C:\WINDOWS\System32\combase.dll
0x00007fff34d90000 - 0x00007fff34dc0000 	C:\WINDOWS\SYSTEM32\Wldp.dll
0x00007fff37aa0000 - 0x00007fff37b4d000 	C:\WINDOWS\System32\SHCORE.dll
0x00007fff375b0000 - 0x00007fff37605000 	C:\WINDOWS\System32\shlwapi.dll
0x00007fff35270000 - 0x00007fff3528f000 	C:\WINDOWS\SYSTEM32\profapi.dll
0x00007fff248a0000 - 0x00007fff248b8000 	C:\Users\ADMIN\.jdks\openjdk-19\bin\zip.dll
0x00007fff268d0000 - 0x00007fff268e3000 	C:\Users\ADMIN\.jdks\openjdk-19\bin\net.dll
0x00007fff2f6c0000 - 0x00007fff2f7cd000 	C:\WINDOWS\SYSTEM32\WINHTTP.dll
0x00007fff34af0000 - 0x00007fff34b5a000 	C:\WINDOWS\system32\mswsock.dll
0x00007fff248c0000 - 0x00007fff248d6000 	C:\Users\ADMIN\.jdks\openjdk-19\bin\nio.dll
0x00007fff30850000 - 0x00007fff3086a000 	C:\Program Files\JetBrains\IntelliJ IDEA 2022.2.2\bin\breakgen64.dll
0x00007fff24890000 - 0x00007fff24898000 	C:\Users\ADMIN\.jdks\openjdk-19\bin\extnet.dll
0x00007fff347e0000 - 0x00007fff348aa000 	C:\WINDOWS\SYSTEM32\DNSAPI.dll
0x00007fff34790000 - 0x00007fff347cb000 	C:\WINDOWS\SYSTEM32\IPHLPAPI.DLL
0x00007fff377a0000 - 0x00007fff377a8000 	C:\WINDOWS\System32\NSI.dll
0x00007fff25980000 - 0x00007fff2598a000 	C:\Windows\System32\rasadhlp.dll
0x00007fff26670000 - 0x00007fff266f0000 	C:\WINDOWS\System32\fwpuclnt.dll
0x00007fff35a60000 - 0x00007fff35a87000 	C:\WINDOWS\System32\bcrypt.dll
0x00007fff30ba0000 - 0x00007fff30baa000 	C:\Users\ADMIN\.jdks\openjdk-19\bin\management.dll
0x00007fff30870000 - 0x00007fff3087b000 	C:\Users\ADMIN\.jdks\openjdk-19\bin\management_ext.dll
0x00007fff36020000 - 0x00007fff36028000 	C:\WINDOWS\System32\PSAPI.DLL
0x00007fff34cf0000 - 0x00007fff34d08000 	C:\WINDOWS\SYSTEM32\CRYPTSP.dll
0x00007fff343a0000 - 0x00007fff343d4000 	C:\WINDOWS\system32\rsaenh.dll
0x00007fff35230000 - 0x00007fff3525e000 	C:\WINDOWS\SYSTEM32\USERENV.dll
0x00007fff34ce0000 - 0x00007fff34cec000 	C:\WINDOWS\SYSTEM32\CRYPTBASE.dll
0x00007fff2e020000 - 0x00007fff2e037000 	C:\WINDOWS\SYSTEM32\dhcpcsvc6.DLL
0x00007fff2e9d0000 - 0x00007fff2e9ed000 	C:\WINDOWS\SYSTEM32\dhcpcsvc.DLL
0x00007fff1a190000 - 0x00007fff1a1a7000 	C:\WINDOWS\system32\napinsp.dll
0x00007fff1a0d0000 - 0x00007fff1a0eb000 	C:\WINDOWS\system32\pnrpnsp.dll
0x00007fff18130000 - 0x00007fff18145000 	C:\WINDOWS\system32\wshbth.dll
0x00007fff30e70000 - 0x00007fff30e8d000 	C:\WINDOWS\system32\NLAapi.dll
0x00007fff17c40000 - 0x00007fff17c52000 	C:\WINDOWS\System32\winrnr.dll

dbghelp: loaded successfully - version: 4.0.5 - missing functions: none
symbol engine: initialized successfully - sym options: 0x614 - pdb path: .;C:\Users\ADMIN\.jdks\openjdk-19\bin;C:\WINDOWS\SYSTEM32;C:\WINDOWS\WinSxS\amd64_microsoft.windows.common-controls_6595b64144ccf1df_6.0.19041.1110_none_60b5254171f9507e;C:\Users\ADMIN\.jdks\openjdk-19\bin\server;C:\Program Files\JetBrains\IntelliJ IDEA 2022.2.2\bin

VM Arguments:
jvm_args: -XX:TieredStopAtLevel=1 -Dspring.output.ansi.enabled=always -Dcom.sun.management.jmxremote -Dspring.jmx.enabled=true -Dspring.liveBeansView.mbeanDomain -Dspring.application.admin.enabled=true -javaagent:C:\Program Files\JetBrains\IntelliJ IDEA 2022.2.2\lib\idea_rt.jar=63834:C:\Program Files\JetBrains\IntelliJ IDEA 2022.2.2\bin -Dfile.encoding=UTF-8 -Dsun.stdout.encoding=UTF-8 -Dsun.stderr.encoding=UTF-8 
java_command: com.example.demologin2.DemoLogin2Application
java_class_path (initial): C:\Users\ADMIN\IdeaProjects\demoLogin2\target\classes;C:\Users\ADMIN\.m2\repository\org\springframework\boot\spring-boot-starter-security\2.7.4\spring-boot-starter-security-2.7.4.jar;C:\Users\ADMIN\.m2\repository\org\springframework\boot\spring-boot-starter\2.7.4\spring-boot-starter-2.7.4.jar;C:\Users\ADMIN\.m2\repository\org\springframework\boot\spring-boot-starter-logging\2.7.4\spring-boot-starter-logging-2.7.4.jar;C:\Users\ADMIN\.m2\repository\ch\qos\logback\logback-classic\1.2.11\logback-classic-1.2.11.jar;C:\Users\ADMIN\.m2\repository\ch\qos\logback\logback-core\1.2.11\logback-core-1.2.11.jar;C:\Users\ADMIN\.m2\repository\org\apache\logging\log4j\log4j-to-slf4j\2.17.2\log4j-to-slf4j-2.17.2.jar;C:\Users\ADMIN\.m2\repository\org\apache\logging\log4j\log4j-api\2.17.2\log4j-api-2.17.2.jar;C:\Users\ADMIN\.m2\repository\org\slf4j\jul-to-slf4j\1.7.36\jul-to-slf4j-1.7.36.jar;C:\Users\ADMIN\.m2\repository\jakarta\annotation\jakarta.annotation-api\1.3.5\jakarta.annotation-api-1.3.5.jar;C:\Users\ADMIN\.m2\repository\org\yaml\snakeyaml\1.30\snakeyaml-1.30.jar;C:\Users\ADMIN\.m2\repository\org\springframework\spring-aop\5.3.23\spring-aop-5.3.23.jar;C:\Users\ADMIN\.m2\repository\org\springframework\spring-beans\5.3.23\spring-beans-5.3.23.jar;C:\Users\ADMIN\.m2\repository\org\springframework\security\spring-security-config\5.7.3\spring-security-config-5.7.3.jar;C:\Users\ADMIN\.m2\repository\org\springframework\spring-context\5.3.23\spring-context-5.3.23.jar;C:\Users\ADMIN\.m2\repository\org\springframework\security\spring-security-web\5.7.3\spring-security-web-5.7.3.jar;C:\Users\ADMIN\.m2\repository\org\springframework\spring-expression\5.3.23\spring-expression-5.3.23.jar;C:\Users\ADMIN\.m2\repository\org\springframework\boot\spring-boot-starter-thymeleaf\2.7.4\spring-boot-starter-thymeleaf-2.7.4.jar;C:\Users\ADMIN\.m2\repository\org\thymeleaf\thymeleaf-spring5\3.0.15.RELEASE\thymeleaf-spring5-3.0.15.RELEASE.jar;C:\Users\ADMIN\.m2\repository\org\thymeleaf\thymeleaf\3.0.15.RELEASE\thymeleaf-3.0.15.RELEASE.jar;C:\Users\ADMIN\.m2\repository\org\attoparser\attoparser\2.0.5.RELEASE\attoparser-2.0.5.RELEASE.jar;C:\Users\ADMIN\.m2\repository\org\unbescape\unbescape\1.1.6.RELEASE\unbescape-1.1.6.RELEASE.jar;C:\Users\ADMIN\.m2\repository\org\thymeleaf\extras\thymeleaf-extras-java8time\3.0.4.RELEASE\thymeleaf-extras-java8time-3.0.4.RELEASE.jar;C:\Users\ADMIN\.m2\repository\org\springframework\boot\spring-boot-starter-web\2.7.4\spring-boot-starter-web-2.7.4.jar;C:\Users\ADMIN\.m2\repository\org\springframework\boot\spring-boot-starter-json\2.7.4\spring-boot-starter-json-2.7.4.jar;C:\Users\ADMIN\.m2\repository\com\fasterxml\jackson\datatype\jackson-datatype-jdk8\2.13.4\jackson-datatype-jdk8-2.13.4.jar;C:\Users\ADMIN\.m2\repository\com\fasterxml\jackson\module\jackson-module-parameter-names\2.13.4\jackson-module-parameter-names-2.13.4.jar;C:\Users\ADMIN\.m2\repository\org\springframework\boot\spring-boot-starter-tomcat\2.7.4\spring-boot-starter-tomcat-2.7.4.jar;C:\Users\ADMIN\.m2\repository\org\apache\tomcat\embed\tomcat-embed-core\9.0.65\tomcat-embed-core-9.0.65.jar;C:\Users\ADMIN\.m2\repository\org\apache\tomcat\embed\tomcat-embed-el\9.0.65\tomcat-embed-el-9.0.65.jar;C:\Users\ADMIN\.m2\repository\org\apache\tomcat\embed\tomcat-embed-websocket\9.0.65\tomcat-embed-websocket-9.0.65.jar;C:\Users\ADMIN\.m2\repository\org\springframework\spring-web\5.3.23\spring-web-5.3.23.jar;C:\Users\ADMIN\.m2\repository\org\springframework\spring-webmvc\5.3.23\spring-webmvc-5.3.23.jar;C:\Users\ADMIN\.m2\repository\org\thymeleaf\extras\thymeleaf-extras-springsecurity5\3.0.4.RELEASE\thymeleaf-extras-springsecurity5-3.0.4.RELEASE.jar;C:\Users\ADMIN\.m2\repository\org\slf4j\slf4j-api\1.7.36\slf4j-api-1.7.36.jar;C:\Users\ADMIN\.m2\repository\org\springframework\boot\spring-boot-starter-validation\2.4.1\spring-boot-starter-validation-2.4.1.jar;C:\Users\ADMIN\.m2\repository\org\glassfish\jakarta.el\3.0.4\jakarta.el-3.0.4.jar;C:\Users\ADMIN\.m2\repository\org\hibernate\validator\hibernate-validator\6.2.5.Final\hibernate-validator-6.2.5.Final.jar;C:\Users\ADMIN\.m2\repository\jakarta\validation\jakarta.validation-api\2.0.2\jakarta.validation-api-2.0.2.jar;C:\Users\ADMIN\.m2\repository\org\jboss\logging\jboss-logging\3.4.3.Final\jboss-logging-3.4.3.Final.jar;C:\Users\ADMIN\.m2\repository\com\fasterxml\classmate\1.5.1\classmate-1.5.1.jar;C:\Users\ADMIN\.m2\repository\org\springframework\boot\spring-boot-devtools\2.7.4\spring-boot-devtools-2.7.4.jar;C:\Users\ADMIN\.m2\repository\org\springframework\boot\spring-boot\2.7.4\spring-boot-2.7.4.jar;C:\Users\ADMIN\.m2\repository\org\springframework\boot\spring-boot-autoconfigure\2.7.4\spring-boot-autoconfigure-2.7.4.jar;C:\Users\ADMIN\.m2\repository\mysql\mysql-connector-java\8.0.30\mysql-connector-java-8.0.30.jar;C:\Users\ADMIN\.m2\repository\org\springframework\boot\spring-boot-configuration-processor\2.7.4\spring-boot-configuration-processor-2.7.4.jar;C:\Users\ADMIN\.m2\repository\org\projectlombok\lombok\1.18.24\lombok-1.18.24.jar;C:\Users\ADMIN\.m2\repository\jakarta\xml\bind\jakarta.xml.bind-api\2.3.3\jakarta.xml.bind-api-2.3.3.jar;C:\Users\ADMIN\.m2\repository\jakarta\activation\jakarta.activation-api\1.2.2\jakarta.activation-api-1.2.2.jar;C:\Users\ADMIN\.m2\repository\net\bytebuddy\byte-buddy\1.12.17\byte-buddy-1.12.17.jar;C:\Users\ADMIN\.m2\repository\org\springframework\spring-core\5.3.23\spring-core-5.3.23.jar;C:\Users\ADMIN\.m2\repository\org\springframework\spring-jcl\5.3.23\spring-jcl-5.3.23.jar;C:\Users\ADMIN\.m2\repository\org\springframework\security\spring-security-core\5.7.3\spring-security-core-5.7.3.jar;C:\Users\ADMIN\.m2\repository\org\springframework\security\spring-security-crypto\5.7.3\spring-security-crypto-5.7.3.jar;C:\Users\ADMIN\.m2\repository\org\springframework\boot\spring-boot-starter-data-jpa\2.7.4\spring-boot-starter-data-jpa-2.7.4.jar;C:\Users\ADMIN\.m2\repository\org\springframework\boot\spring-boot-starter-aop\2.7.4\spring-boot-starter-aop-2.7.4.jar;C:\Users\ADMIN\.m2\repository\org\aspectj\aspectjweaver\1.9.7\aspectjweaver-1.9.7.jar;C:\Users\ADMIN\.m2\repository\org\springframework\boot\spring-boot-starter-jdbc\2.7.4\spring-boot-starter-jdbc-2.7.4.jar;C:\Users\ADMIN\.m2\repository\com\zaxxer\HikariCP\4.0.3\HikariCP-4.0.3.jar;C:\Users\ADMIN\.m2\repository\org\springframework\spring-jdbc\5.3.23\spring-jdbc-5.3.23.jar;C:\Users\ADMIN\.m2\repository\jakarta\transaction\jakarta.transaction-api\1.3.3\jakarta.transaction-api-1.3.3.jar;C:\Users\ADMIN\.m2\repository\jakarta\persistence\jakarta.persistence-api\2.2.3\jakarta.persistence-api-2.2.3.jar;C:\Users\ADMIN\.m2\repository\org\hibernate\hibernate-core\5.6.11.Final\hibernate-core-5.6.11.Final.jar;C:\Users\ADMIN\.m2\repository\antlr\antlr\2.7.7\antlr-2.7.7.jar;C:\Users\ADMIN\.m2\repository\org\jboss\jandex\2.4.2.Final\jandex-2.4.2.Final.jar;C:\Users\ADMIN\.m2\repository\org\hibernate\common\hibernate-commons-annotations\5.1.2.Final\hibernate-commons-annotations-5.1.2.Final.jar;C:\Users\ADMIN\.m2\repository\org\glassfish\jaxb\jaxb-runtime\2.3.6\jaxb-runtime-2.3.6.jar;C:\Users\ADMIN\.m2\repository\org\glassfish\jaxb\txw2\2.3.6\txw2-2.3.6.jar;C:\Users\ADMIN\.m2\repository\com\sun\istack\istack-commons-runtime\3.0.12\istack-commons-runtime-3.0.12.jar;C:\Users\ADMIN\.m2\repository\com\sun\activation\jakarta.activation\1.2.2\jakarta.activation-1.2.2.jar;C:\Users\ADMIN\.m2\repository\org\springframework\data\spring-data-jpa\2.7.3\spring-data-jpa-2.7.3.jar;C:\Users\ADMIN\.m2\repository\org\springframework\data\spring-data-commons\2.7.3\spring-data-commons-2.7.3.jar;C:\Users\ADMIN\.m2\repository\org\springframework\spring-orm\5.3.23\spring-orm-5.3.23.jar;C:\Users\ADMIN\.m2\repository\org\springframework\spring-tx\5.3.23\spring-tx-5.3.23.jar;C:\Users\ADMIN\.m2\repository\org\springframework\spring-aspects\5.3.23\spring-aspects-5.3.23.jar;C:\Users\ADMIN\.m2\repository\io\jsonwebtoken\jjwt\0.9.1\jjwt-0.9.1.jar;C:\Users\ADMIN\.m2\repository\com\fasterxml\jackson\core\jackson-databind\2.13.4\jackson-databind-2.13.4.jar;C:\Users\ADMIN\.m2\repository\io\github\jhipster\jhipster\1.1.4\jhipster-1.1.4.jar;C:\Users\ADMIN\.m2\repository\io\springfox\springfox-swagger2\2.6.1\springfox-swagger2-2.6.1.jar;C:\Users\ADMIN\.m2\repository\io\swagger\swagger-annotations\1.5.10\swagger-annotations-1.5.10.jar;C:\Users\ADMIN\.m2\repository\io\swagger\swagger-models\1.5.10\swagger-models-1.5.10.jar;C:\Users\ADMIN\.m2\repository\io\springfox\springfox-spi\2.6.1\springfox-spi-2.6.1.jar;C:\Users\ADMIN\.m2\repository\io\springfox\springfox-core\2.6.1\springfox-core-2.6.1.jar;C:\Users\ADMIN\.m2\repository\io\springfox\springfox-schema\2.6.1\springfox-schema-2.6.1.jar;C:\Users\ADMIN\.m2\repository\io\springfox\springfox-swagger-common\2.6.1\springfox-swagger-common-2.6.1.jar;C:\Users\ADMIN\.m2\repository\io\springfox\springfox-spring-web\2.6.1\springfox-spring-web-2.6.1.jar;C:\Users\ADMIN\.m2\repository\com\google\guava\guava\18.0\guava-18.0.jar;C:\Users\ADMIN\.m2\repository\org\springframework\plugin\spring-plugin-core\1.2.0.RELEASE\spring-plugin-core-1.2.0.RELEASE.jar;C:\Users\ADMIN\.m2\repository\org\springframework\plugin\spring-plugin-metadata\1.2.0.RELEASE\spring-plugin-metadata-1.2.0.RELEASE.jar;C:\Users\ADMIN\.m2\repository\io\springfox\springfox-bean-validators\2.6.1\springfox-bean-validators-2.6.1.jar;C:\Users\ADMIN\.m2\repository\org\springframework\spring-context-support\5.3.23\spring-context-support-5.3.23.jar;C:\Users\ADMIN\.m2\repository\com\fasterxml\jackson\datatype\jackson-datatype-jsr310\2.13.4\jackson-datatype-jsr310-2.13.4.jar;C:\Users\ADMIN\.m2\repository\com\fasterxml\jackson\core\jackson-annotations\2.13.4\jackson-annotations-2.13.4.jar;C:\Users\ADMIN\.m2\repository\com\fasterxml\jackson\core\jackson-core\2.13.4\jackson-core-2.13.4.jar
Launcher Type: SUN_STANDARD

[Global flags]
     intx CICompilerCount                          = 4                                         {product} {ergonomic}
     uint ConcGCThreads                            = 2                                         {product} {ergonomic}
     uint G1ConcRefinementThreads                  = 8                                         {product} {ergonomic}
   size_t G1HeapRegionSize                         = 1048576                                   {product} {ergonomic}
    uintx GCDrainStackTargetSize                   = 64                                        {product} {ergonomic}
   size_t InitialHeapSize                          = 134217728                                 {product} {ergonomic}
     bool ManagementServer                         = true                                      {product} {command line}
   size_t MarkStackSize                            = 4194304                                   {product} {ergonomic}
   size_t MaxHeapSize                              = 2124414976                                {product} {ergonomic}
   size_t MaxNewSize                               = 1274019840                                {product} {ergonomic}
   size_t MinHeapDeltaBytes                        = 1048576                                   {product} {ergonomic}
   size_t MinHeapSize                              = 8388608                                   {product} {ergonomic}
    uintx NonProfiledCodeHeapSize                  = 0                                      {pd product} {ergonomic}
     bool PerfDisableSharedMem                     = true                                      {product} {ergonomic}
     bool ProfileInterpreter                       = false                                  {pd product} {command line}
    uintx ProfiledCodeHeapSize                     = 0                                      {pd product} {ergonomic}
   size_t SoftMaxHeapSize                          = 2124414976                             {manageable} {ergonomic}
     intx TieredStopAtLevel                        = 1                                         {product} {command line}
     bool UseCompressedClassPointers               = true                           {product lp64_product} {ergonomic}
     bool UseCompressedOops                        = true                           {product lp64_product} {ergonomic}
     bool UseG1GC                                  = true                                      {product} {ergonomic}
     bool UseLargePagesIndividualAllocation        = false                                  {pd product} {ergonomic}

Logging:
Log output configuration:
 #0: stdout all=warning uptime,level,tags foldmultilines=false
 #1: stderr all=off uptime,level,tags foldmultilines=false

Environment Variables:
PATH=C:\Python310\Scripts\;C:\Python310\;C:\Program Files (x86)\Common Files\Oracle\Java\javapath;C:\ProgramData\Oracle\Java\javapath;C:\Program Files\Microsoft MPI\Bin\;C:\WINDOWS\system32;C:\WINDOWS;C:\WINDOWS\System32\Wbem;C:\WINDOWS\System32\WindowsPowerShell\v1.0\;C:\WINDOWS\System32\OpenSSH\;C:\Program Files (x86)\Microsoft SQL Server\150\Tools\Binn\;C:\Program Files\Microsoft SQL Server\150\Tools\Binn\;C:\Program Files (x86)\Microsoft SQL Server\150\DTS\Binn\;C:\Program Files\Microsoft SQL Server\150\DTS\Binn\;C:\Program Files\Microsoft SQL Server\Client SDK\ODBC\170\Tools\Binn\;C:\Program Files\Microsoft SQL Server\Client SDK\ODBC\110\Tools\Binn\;C:\Program Files (x86)\Microsoft SQL Server\120\Tools\Binn\;C:\Program Files\Microsoft SQL Server\120\Tools\Binn\;C:\Program Files\Microsoft SQL Server\120\DTS\Binn\;C:\Program Files\Cloudflare\Cloudflare WARP;C:\Program Files\Git\cmd;C:\xampp\php;C:\xampp;C:\Program Files\nodejs\;C:\ProgramData\chocolatey\bin;C:\Program Files\Cloudflare\Cloudflare WARP\;C:\Program Files\dotnet\;C:\Program Files\MySQL\MySQL Shell 8.0\bin\;C:\Users\ADMIN\AppData\Local\Microsoft\WindowsApps;C:\Users\ADMIN\AppData\Local\Programs\Microsoft VS Code\bin;C:\Program Files\Azure Data Studio\bin;C:\Program Files\Azure Data Studio\bin;C:\Users\ADMIN\AppData\Roaming\Composer\vendor\bin;C:\Users\ADMIN\AppData\Local\GitHubDesktop\bin;C:\Users\ADMIN\AppData\Roaming\npm;C:\Users\ADMIN\.dotnet\tools;C:\Program Files\JetBrains\IntelliJ IDEA 2022.2.2\bin;
USERNAME=ADMIN
OS=Windows_NT
PROCESSOR_IDENTIFIER=Intel64 Family 6 Model 60 Stepping 3, GenuineIntel
TMP=C:\Users\ADMIN\AppData\Local\Temp
TEMP=C:\Users\ADMIN\AppData\Local\Temp



---------------  S Y S T E M  ---------------

OS:
 Windows 10 , 64 bit Build 19041 (10.0.19041.1889)
OS uptime: 1 days 13:23 hours

CPU: total 8 (initial active 8) (4 cores per cpu, 2 threads per core) family 6 model 60 stepping 3 microcode 0x27, cx8, cmov, fxsr, ht, mmx, sse, sse2, sse3, ssse3, sse4.1, sse4.2, popcnt, lzcnt, tsc, tscinvbit, avx, avx2, aes, erms, clmul, bmi1, bmi2, fma, vzeroupper, clflush, rdtscp

Memory: 4k page, system-wide physical 8097M (605M free)
TotalPageFile size 12193M (AvailPageFile size 6M)
current process WorkingSet (physical memory assigned to process): 55M, peak: 55M
current process commit charge ("private bytes"): 217M, peak: 217M

vm_info: OpenJDK 64-Bit Server VM (19+36-2238) for windows-amd64 JRE (19+36-2238), built on 2022-08-12T20:29:01Z by "mach5one" with MS VC++ 17.1 (VS2022)

END.
